#
# There is insufficient memory for the Java Runtime Environment to continue.
# Native memory allocation (mmap) failed to map 65536 bytes for Failed to commit metaspace.
# Possible reasons:
#   The system is out of physical RAM or swap space
#   The process is running with CompressedOops enabled, and the Java Heap may be blocking the growth of the native heap
# Possible solutions:
#   Reduce memory load on the system
#   Increase physical memory or swap space
#   Check if swap backing store is full
#   Decrease Java heap size (-Xmx/-Xms)
#   Decrease number of Java threads
#   Decrease Java thread stack sizes (-Xss)
#   Set larger code cache with -XX:ReservedCodeCacheSize=
#   JVM is running with Unscaled Compressed Oops mode in which the Java heap is
#     placed in the first 4GB address space. The Java Heap base address is the
#     maximum limit for the native heap growth. Please use -XX:HeapBaseMinAddress
#     to set the Java Heap base and to place the Java Heap above 4GB virtual address.
# This output file may be truncated or incomplete.
#
#  Out of Memory Error (virtualSpaceNode.cpp:112), pid=44044, tid=11084
#
# JRE version: Java(TM) SE Runtime Environment (21.0.2+13) (build 21.0.2+13-LTS-58)
# Java VM: Java HotSpot(TM) 64-Bit Server VM (21.0.2+13-LTS-58, mixed mode, emulated-client, sharing, tiered, compressed oops, compressed class ptrs, g1 gc, windows-amd64)
# No core dump will be written. Minidumps are not enabled by default on client versions of Windows
#

---------------  S U M M A R Y ------------

Command Line: -XX:TieredStopAtLevel=1 -Dspring.output.ansi.enabled=always -Dcom.sun.management.jmxremote -Dspring.jmx.enabled=true -Dspring.liveBeansView.mbeanDomain -Dspring.application.admin.enabled=true -Dmanagement.endpoints.jmx.exposure.include=* -javaagent:C:\Program Files\JetBrains\IntelliJ IDEA 2023.2.1\lib\idea_rt.jar=11866:C:\Program Files\JetBrains\IntelliJ IDEA 2023.2.1\bin -Dfile.encoding=UTF-8 -Dsun.stdout.encoding=UTF-8 -Dsun.stderr.encoding=UTF-8 com.example.project.ProjectApplication

Host: AMD Ryzen 3 3200U with Radeon Vega Mobile Gfx  , 4 cores, 3G,  Windows 10 , 64 bit Build 17763 (10.0.17763.4974)
Time: Tue May 14 18:45:48 2024 RTZ 2 (зима) elapsed time: 1.793586 seconds (0d 0h 0m 1s)

---------------  T H R E A D  ---------------

Current thread (0x000001f55bb0c130):  JavaThread "main"             [_thread_in_vm, id=11084, stack(0x0000003893c00000,0x0000003893d00000) (1024K)]

Stack: [0x0000003893c00000,0x0000003893d00000]
Native frames: (J=compiled Java code, j=interpreted, Vv=VM code, C=native code)
V  [jvm.dll+0x6cade9]
V  [jvm.dll+0x8569c1]
V  [jvm.dll+0x858d2e]
V  [jvm.dll+0x859413]
V  [jvm.dll+0x280e56]
V  [jvm.dll+0x8526ee]
V  [jvm.dll+0x66e705]
V  [jvm.dll+0x66e76a]
V  [jvm.dll+0x670f96]
V  [jvm.dll+0x670e62]
V  [jvm.dll+0x66f0de]
V  [jvm.dll+0x26b47f]
V  [jvm.dll+0x679305]
V  [jvm.dll+0x217b73]
V  [jvm.dll+0x2180b5]
V  [jvm.dll+0x218ad1]
V  [jvm.dll+0x20dd9e]
V  [jvm.dll+0x5ad3dc]
V  [jvm.dll+0x21f76a]
V  [jvm.dll+0x7cec21]
V  [jvm.dll+0x7cfc85]
V  [jvm.dll+0x7d022f]
V  [jvm.dll+0x476ff6]
C  [java.dll+0x1a2d]

Java frames: (J=compiled Java code, j=interpreted, Vv=VM code)
j  java.lang.ClassLoader.findBootstrapClass(Ljava/lang/String;)Ljava/lang/Class;+0 java.base@21.0.2
j  java.lang.ClassLoader.findBootstrapClassOrNull(Ljava/lang/String;)Ljava/lang/Class;+10 java.base@21.0.2
j  java.lang.System$2.findBootstrapClassOrNull(Ljava/lang/String;)Ljava/lang/Class;+1 java.base@21.0.2
j  jdk.internal.loader.ClassLoaders$BootClassLoader.loadClassOrNull(Ljava/lang/String;Z)Ljava/lang/Class;+4 java.base@21.0.2
j  jdk.internal.loader.BuiltinClassLoader.loadClassOrNull(Ljava/lang/String;)Ljava/lang/Class;+3 java.base@21.0.2
j  jdk.internal.loader.BuiltinClassLoader.loadClassOrNull(Ljava/lang/String;Z)Ljava/lang/Class;+66 java.base@21.0.2
j  jdk.internal.loader.BuiltinClassLoader.loadClass(Ljava/lang/String;Z)Ljava/lang/Class;+3 java.base@21.0.2
j  jdk.internal.loader.ClassLoaders$AppClassLoader.loadClass(Ljava/lang/String;Z)Ljava/lang/Class;+36 java.base@21.0.2
j  java.lang.ClassLoader.loadClass(Ljava/lang/String;)Ljava/lang/Class;+3 java.base@21.0.2
v  ~StubRoutines::call_stub 0x000001f56597100d
j  org.slf4j.LoggerFactory.<clinit>()V+4
v  ~StubRoutines::call_stub 0x000001f56597100d
j  org.apache.commons.logging.LogAdapter$Slf4jAdapter.createLocationAwareLog(Ljava/lang/String;)Lorg/apache/commons/logging/Log;+1
j  org.apache.commons.logging.LogAdapter$$Lambda+0x000001f5010c9570.apply(Ljava/lang/Object;)Ljava/lang/Object;+4
j  org.apache.commons.logging.LogAdapter.createLog(Ljava/lang/String;)Lorg/apache/commons/logging/Log;+4
j  org.apache.commons.logging.LogFactory.getLog(Ljava/lang/String;)Lorg/apache/commons/logging/Log;+1
j  org.apache.commons.logging.LogFactory.getLog(Ljava/lang/Class;)Lorg/apache/commons/logging/Log;+4
j  org.springframework.boot.SpringApplication.<clinit>()V+2
v  ~StubRoutines::call_stub 0x000001f56597100d
j  com.example.project.ProjectApplication.main([Ljava/lang/String;)V+3
v  ~StubRoutines::call_stub 0x000001f56597100d

---------------  P R O C E S S  ---------------

Threads class SMR info:
_java_thread_list=0x000001f571289980, length=14, elements={
0x000001f55bb0c130, 0x000001f56c47d330, 0x000001f56c47dff0, 0x000001f56c483070,
0x000001f56c486c50, 0x000001f56c487e50, 0x000001f56c488b30, 0x000001f56c48aa70,
0x000001f56c53e700, 0x000001f56c6f5120, 0x000001f57102fdc0, 0x000001f571030430,
0x000001f56c6f2840, 0x000001f57128cc30
}

Java Threads: ( => current thread )
=>0x000001f55bb0c130 JavaThread "main"                              [_thread_in_vm, id=11084, stack(0x0000003893c00000,0x0000003893d00000) (1024K)]
  0x000001f56c47d330 JavaThread "Reference Handler"          daemon [_thread_blocked, id=25080, stack(0x0000003894400000,0x0000003894500000) (1024K)]
  0x000001f56c47dff0 JavaThread "Finalizer"                  daemon [_thread_blocked, id=5116, stack(0x0000003894500000,0x0000003894600000) (1024K)]
  0x000001f56c483070 JavaThread "Signal Dispatcher"          daemon [_thread_blocked, id=57416, stack(0x0000003894600000,0x0000003894700000) (1024K)]
  0x000001f56c486c50 JavaThread "Attach Listener"            daemon [_thread_blocked, id=12476, stack(0x0000003894700000,0x0000003894800000) (1024K)]
  0x000001f56c487e50 JavaThread "Service Thread"             daemon [_thread_blocked, id=33160, stack(0x0000003894800000,0x0000003894900000) (1024K)]
  0x000001f56c488b30 JavaThread "Monitor Deflation Thread"   daemon [_thread_blocked, id=20192, stack(0x0000003894900000,0x0000003894a00000) (1024K)]
  0x000001f56c48aa70 JavaThread "C1 CompilerThread0"         daemon [_thread_blocked, id=25936, stack(0x0000003894a00000,0x0000003894b00000) (1024K)]
  0x000001f56c53e700 JavaThread "Common-Cleaner"             daemon [_thread_blocked, id=30088, stack(0x0000003894b00000,0x0000003894c00000) (1024K)]
  0x000001f56c6f5120 JavaThread "C1 CompilerThread1"         daemon [_thread_blocked, id=36592, stack(0x0000003894c00000,0x0000003894d00000) (1024K)]
  0x000001f57102fdc0 JavaThread "Monitor Ctrl-Break"         daemon [_thread_in_native, id=25172, stack(0x0000003894d00000,0x0000003894e00000) (1024K)]
  0x000001f571030430 JavaThread "Notification Thread"        daemon [_thread_blocked, id=15316, stack(0x0000003894e00000,0x0000003894f00000) (1024K)]
  0x000001f56c6f2840 JavaThread "C1 CompilerThread2"         daemon [_thread_blocked, id=11756, stack(0x0000003894f00000,0x0000003895000000) (1024K)]
  0x000001f57128cc30 JavaThread "RMI TCP Accept-0"           daemon [_thread_in_native, id=50132, stack(0x0000003895300000,0x0000003895400000) (1024K)]
Total: 14

Other Threads:
  0x000001f56c461b60 VMThread "VM Thread"                           [id=34744, stack(0x0000003894300000,0x0000003894400000) (1024K)]
  0x000001f56c45c0d0 WatcherThread "VM Periodic Task Thread"        [id=20612, stack(0x0000003894200000,0x0000003894300000) (1024K)]
  0x000001f55bd172a0 WorkerThread "GC Thread#0"                     [id=25984, stack(0x0000003893d00000,0x0000003893e00000) (1024K)]
  0x000001f5711a0a60 WorkerThread "GC Thread#1"                     [id=52552, stack(0x0000003895000000,0x0000003895100000) (1024K)]
  0x000001f5711baa60 WorkerThread "GC Thread#2"                     [id=7864, stack(0x0000003895100000,0x0000003895200000) (1024K)]
  0x000001f5711bae00 WorkerThread "GC Thread#3"                     [id=40716, stack(0x0000003895200000,0x0000003895300000) (1024K)]
  0x000001f55bd1efd0 ConcurrentGCThread "G1 Main Marker"            [id=41156, stack(0x0000003893e00000,0x0000003893f00000) (1024K)]
  0x000001f55bd1f9e0 WorkerThread "G1 Conc#0"                       [id=36932, stack(0x0000003893f00000,0x0000003894000000) (1024K)]
  0x000001f55bd75000 ConcurrentGCThread "G1 Refine#0"               [id=7936, stack(0x0000003894000000,0x0000003894100000) (1024K)]
  0x000001f55bd75a80 ConcurrentGCThread "G1 Service"                [id=21508, stack(0x0000003894100000,0x0000003894200000) (1024K)]
Total: 10

Threads with active compile tasks:
Total: 0

VM state: not at safepoint (normal execution)

VM Mutex/Monitor currently owned by a thread:  ([mutex/lock_event])
[0x00007fffceb0ace8] Metaspace_lock - owner thread: 0x000001f55bb0c130

OutOfMemory and StackOverflow Exception counts:
OutOfMemoryError java_heap_errors=1
LinkageErrors=14

Heap address: 0x00000000c8e00000, size: 882 MB, Compressed Oops mode: 32-bit

CDS archive(s) mapped at: [0x000001f500000000-0x000001f500c90000-0x000001f500c90000), size 13172736, SharedBaseAddress: 0x000001f500000000, ArchiveRelocationMode: 1.
Compressed class space mapped at: 0x000001f501000000-0x000001f541000000, reserved size: 1073741824
Narrow klass base: 0x000001f500000000, Narrow klass shift: 0, Narrow klass range: 0x100000000

GC Precious Log:
 CardTable entry size: 512
 Card Set container configuration: InlinePtr #cards 5 size 8 Array Of Cards #cards 12 size 40 Howl #buckets 4 coarsen threshold 1843 Howl Bitmap #cards 512 size 80 coarsen threshold 460 Card regions per heap region 1 cards per card region 2048
 CPUs: 4 total, 4 available
 Memory: 3522M
 Large Page Support: Disabled
 NUMA Support: Disabled
 Compressed Oops: Enabled (32-bit)
 Heap Region Size: 1M
 Heap Min Capacity: 8M
 Heap Initial Capacity: 56M
 Heap Max Capacity: 882M
 Pre-touch: Disabled
 Parallel Workers: 4
 Concurrent Workers: 1
 Concurrent Refinement Workers: 4
 Periodic GC: Disabled

Heap:
 garbage-first heap   total 57344K, used 8456K [0x00000000c8e00000, 0x0000000100000000)
  region size 1024K, 5 young (5120K), 2 survivors (2048K)
 Metaspace       used 5491K, committed 5632K, reserved 1114112K
  class space    used 642K, committed 704K, reserved 1048576K

Heap Regions: E=young(eden), S=young(survivor), O=old, HS=humongous(starts), HC=humongous(continues), CS=collection set, F=free, TAMS=top-at-mark-start, PB=parsable bottom
|   0|0x00000000c8e00000, 0x00000000c8f00000, 0x00000000c8f00000|100%|HS|  |TAMS 0x00000000c8e00000| PB 0x00000000c8e00000| Complete 
|   1|0x00000000c8f00000, 0x00000000c9000000, 0x00000000c9000000|100%| O|  |TAMS 0x00000000c8f00000| PB 0x00000000c8f00000| Untracked 
|   2|0x00000000c9000000, 0x00000000c9100000, 0x00000000c9100000|100%| O|  |TAMS 0x00000000c9000000| PB 0x00000000c9000000| Untracked 
|   3|0x00000000c9100000, 0x00000000c9200000, 0x00000000c9200000|100%| O|  |TAMS 0x00000000c9100000| PB 0x00000000c9100000| Untracked 
|   4|0x00000000c9200000, 0x00000000c9242010, 0x00000000c9300000| 25%| O|  |TAMS 0x00000000c9200000| PB 0x00000000c9200000| Untracked 
|   5|0x00000000c9300000, 0x00000000c9300000, 0x00000000c9400000|  0%| F|  |TAMS 0x00000000c9300000| PB 0x00000000c9300000| Untracked 
|   6|0x00000000c9400000, 0x00000000c9400000, 0x00000000c9500000|  0%| F|  |TAMS 0x00000000c9400000| PB 0x00000000c9400000| Untracked 
|   7|0x00000000c9500000, 0x00000000c9500000, 0x00000000c9600000|  0%| F|  |TAMS 0x00000000c9500000| PB 0x00000000c9500000| Untracked 
|   8|0x00000000c9600000, 0x00000000c9600000, 0x00000000c9700000|  0%| F|  |TAMS 0x00000000c9600000| PB 0x00000000c9600000| Untracked 
|   9|0x00000000c9700000, 0x00000000c9700000, 0x00000000c9800000|  0%| F|  |TAMS 0x00000000c9700000| PB 0x00000000c9700000| Untracked 
|  10|0x00000000c9800000, 0x00000000c9800000, 0x00000000c9900000|  0%| F|  |TAMS 0x00000000c9800000| PB 0x00000000c9800000| Untracked 
|  11|0x00000000c9900000, 0x00000000c9900000, 0x00000000c9a00000|  0%| F|  |TAMS 0x00000000c9900000| PB 0x00000000c9900000| Untracked 
|  12|0x00000000c9a00000, 0x00000000c9a00000, 0x00000000c9b00000|  0%| F|  |TAMS 0x00000000c9a00000| PB 0x00000000c9a00000| Untracked 
|  13|0x00000000c9b00000, 0x00000000c9b00000, 0x00000000c9c00000|  0%| F|  |TAMS 0x00000000c9b00000| PB 0x00000000c9b00000| Untracked 
|  14|0x00000000c9c00000, 0x00000000c9c00000, 0x00000000c9d00000|  0%| F|  |TAMS 0x00000000c9c00000| PB 0x00000000c9c00000| Untracked 
|  15|0x00000000c9d00000, 0x00000000c9d00000, 0x00000000c9e00000|  0%| F|  |TAMS 0x00000000c9d00000| PB 0x00000000c9d00000| Untracked 
|  16|0x00000000c9e00000, 0x00000000c9e00000, 0x00000000c9f00000|  0%| F|  |TAMS 0x00000000c9e00000| PB 0x00000000c9e00000| Untracked 
|  17|0x00000000c9f00000, 0x00000000c9f00000, 0x00000000ca000000|  0%| F|  |TAMS 0x00000000c9f00000| PB 0x00000000c9f00000| Untracked 
|  18|0x00000000ca000000, 0x00000000ca000000, 0x00000000ca100000|  0%| F|  |TAMS 0x00000000ca000000| PB 0x00000000ca000000| Untracked 
|  19|0x00000000ca100000, 0x00000000ca100000, 0x00000000ca200000|  0%| F|  |TAMS 0x00000000ca100000| PB 0x00000000ca100000| Untracked 
|  20|0x00000000ca200000, 0x00000000ca200000, 0x00000000ca300000|  0%| F|  |TAMS 0x00000000ca200000| PB 0x00000000ca200000| Untracked 
|  21|0x00000000ca300000, 0x00000000ca300000, 0x00000000ca400000|  0%| F|  |TAMS 0x00000000ca300000| PB 0x00000000ca300000| Untracked 
|  22|0x00000000ca400000, 0x00000000ca400000, 0x00000000ca500000|  0%| F|  |TAMS 0x00000000ca400000| PB 0x00000000ca400000| Untracked 
|  23|0x00000000ca500000, 0x00000000ca500000, 0x00000000ca600000|  0%| F|  |TAMS 0x00000000ca500000| PB 0x00000000ca500000| Untracked 
|  24|0x00000000ca600000, 0x00000000ca600000, 0x00000000ca700000|  0%| F|  |TAMS 0x00000000ca600000| PB 0x00000000ca600000| Untracked 
|  25|0x00000000ca700000, 0x00000000ca700000, 0x00000000ca800000|  0%| F|  |TAMS 0x00000000ca700000| PB 0x00000000ca700000| Untracked 
|  26|0x00000000ca800000, 0x00000000ca800000, 0x00000000ca900000|  0%| F|  |TAMS 0x00000000ca800000| PB 0x00000000ca800000| Untracked 
|  27|0x00000000ca900000, 0x00000000ca900000, 0x00000000caa00000|  0%| F|  |TAMS 0x00000000ca900000| PB 0x00000000ca900000| Untracked 
|  28|0x00000000caa00000, 0x00000000caa00000, 0x00000000cab00000|  0%| F|  |TAMS 0x00000000caa00000| PB 0x00000000caa00000| Untracked 
|  29|0x00000000cab00000, 0x00000000cab00000, 0x00000000cac00000|  0%| F|  |TAMS 0x00000000cab00000| PB 0x00000000cab00000| Untracked 
|  30|0x00000000cac00000, 0x00000000cac00000, 0x00000000cad00000|  0%| F|  |TAMS 0x00000000cac00000| PB 0x00000000cac00000| Untracked 
|  31|0x00000000cad00000, 0x00000000cad00000, 0x00000000cae00000|  0%| F|  |TAMS 0x00000000cad00000| PB 0x00000000cad00000| Untracked 
|  32|0x00000000cae00000, 0x00000000cae00000, 0x00000000caf00000|  0%| F|  |TAMS 0x00000000cae00000| PB 0x00000000cae00000| Untracked 
|  33|0x00000000caf00000, 0x00000000caf00000, 0x00000000cb000000|  0%| F|  |TAMS 0x00000000caf00000| PB 0x00000000caf00000| Untracked 
|  34|0x00000000cb000000, 0x00000000cb000000, 0x00000000cb100000|  0%| F|  |TAMS 0x00000000cb000000| PB 0x00000000cb000000| Untracked 
|  35|0x00000000cb100000, 0x00000000cb100000, 0x00000000cb200000|  0%| F|  |TAMS 0x00000000cb100000| PB 0x00000000cb100000| Untracked 
|  36|0x00000000cb200000, 0x00000000cb200000, 0x00000000cb300000|  0%| F|  |TAMS 0x00000000cb200000| PB 0x00000000cb200000| Untracked 
|  37|0x00000000cb300000, 0x00000000cb300000, 0x00000000cb400000|  0%| F|  |TAMS 0x00000000cb300000| PB 0x00000000cb300000| Untracked 
|  38|0x00000000cb400000, 0x00000000cb400000, 0x00000000cb500000|  0%| F|  |TAMS 0x00000000cb400000| PB 0x00000000cb400000| Untracked 
|  39|0x00000000cb500000, 0x00000000cb500000, 0x00000000cb600000|  0%| F|  |TAMS 0x00000000cb500000| PB 0x00000000cb500000| Untracked 
|  40|0x00000000cb600000, 0x00000000cb600000, 0x00000000cb700000|  0%| F|  |TAMS 0x00000000cb600000| PB 0x00000000cb600000| Untracked 
|  41|0x00000000cb700000, 0x00000000cb800000, 0x00000000cb800000|100%| S|CS|TAMS 0x00000000cb700000| PB 0x00000000cb700000| Complete 
|  42|0x00000000cb800000, 0x00000000cb900000, 0x00000000cb900000|100%| S|CS|TAMS 0x00000000cb800000| PB 0x00000000cb800000| Complete 
|  43|0x00000000cb900000, 0x00000000cb900000, 0x00000000cba00000|  0%| F|  |TAMS 0x00000000cb900000| PB 0x00000000cb900000| Untracked 
|  44|0x00000000cba00000, 0x00000000cba00000, 0x00000000cbb00000|  0%| F|  |TAMS 0x00000000cba00000| PB 0x00000000cba00000| Untracked 
|  45|0x00000000cbb00000, 0x00000000cbb00000, 0x00000000cbc00000|  0%| F|  |TAMS 0x00000000cbb00000| PB 0x00000000cbb00000| Untracked 
|  46|0x00000000cbc00000, 0x00000000cbc00000, 0x00000000cbd00000|  0%| F|  |TAMS 0x00000000cbc00000| PB 0x00000000cbc00000| Untracked 
|  47|0x00000000cbd00000, 0x00000000cbd00000, 0x00000000cbe00000|  0%| F|  |TAMS 0x00000000cbd00000| PB 0x00000000cbd00000| Untracked 
|  48|0x00000000cbe00000, 0x00000000cbe00000, 0x00000000cbf00000|  0%| F|  |TAMS 0x00000000cbe00000| PB 0x00000000cbe00000| Untracked 
|  49|0x00000000cbf00000, 0x00000000cbf00000, 0x00000000cc000000|  0%| F|  |TAMS 0x00000000cbf00000| PB 0x00000000cbf00000| Untracked 
|  50|0x00000000cc000000, 0x00000000cc000000, 0x00000000cc100000|  0%| F|  |TAMS 0x00000000cc000000| PB 0x00000000cc000000| Untracked 
|  51|0x00000000cc100000, 0x00000000cc100000, 0x00000000cc200000|  0%| F|  |TAMS 0x00000000cc100000| PB 0x00000000cc100000| Untracked 
|  52|0x00000000cc200000, 0x00000000cc200000, 0x00000000cc300000|  0%| F|  |TAMS 0x00000000cc200000| PB 0x00000000cc200000| Untracked 
|  53|0x00000000cc300000, 0x00000000cc400000, 0x00000000cc400000|100%| E|  |TAMS 0x00000000cc300000| PB 0x00000000cc300000| Complete 
|  54|0x00000000cc400000, 0x00000000cc500000, 0x00000000cc500000|100%| E|CS|TAMS 0x00000000cc400000| PB 0x00000000cc400000| Complete 
|  55|0x00000000cc500000, 0x00000000cc600000, 0x00000000cc600000|100%| E|CS|TAMS 0x00000000cc500000| PB 0x00000000cc500000| Complete 

Card table byte_map: [0x000001f568f70000,0x000001f569130000] _byte_map_base: 0x000001f568929000

Marking Bits: (CMBitMap*) 0x000001f55bd178b0
 Bits: [0x000001f569130000, 0x000001f569ef8000)

Polling page: 0x000001f55ba80000

Metaspace:

Usage:
  Non-class:      4.74 MB used.
      Class:    642.19 KB used.
       Both:      5.36 MB used.

Virtual space:
  Non-class space:       64.00 MB reserved,       4.81 MB (  8%) committed,  1 nodes.
      Class space:        1.00 GB reserved,     704.00 KB ( <1%) committed,  1 nodes.
             Both:        1.06 GB reserved,       5.50 MB ( <1%) committed. 

Chunk freelists:
   Non-Class:  10.66 MB
       Class:  15.20 MB
        Both:  25.86 MB

MaxMetaspaceSize: unlimited
CompressedClassSpaceSize: 1.00 GB
Initial GC threshold: 21.00 MB
Current GC threshold: 21.00 MB
CDS: on
 - commit_granule_bytes: 65536.
 - commit_granule_words: 8192.
 - virtual_space_node_default_size: 8388608.
 - enlarge_chunks_in_place: 1.
 - use_allocation_guard: 0.


Internal statistics:

num_allocs_failed_limit: 0.
num_arena_births: 126.
num_arena_deaths: 0.
num_vsnodes_births: 2.
num_vsnodes_deaths: 0.
num_space_committed: 88.
num_space_uncommitted: 0.
num_chunks_returned_to_freelist: 0.
num_chunks_taken_from_freelist: 158.
num_chunk_merges: 0.
num_chunk_splits: 103.
num_chunks_enlarged: 59.
num_inconsistent_stats: 0.

CodeCache: size=49152Kb used=3965Kb max_used=3965Kb free=45186Kb
 bounds [0x000001f565970000, 0x000001f565d50000, 0x000001f568970000]
 total_blobs=1624 nmethods=1159 adapters=388
 compilation: disabled (not enough contiguous free space left)
              stopped_count=1, restarted_count=0
 full_count=1

Compilation events (20 events):
Event: 1.762 Thread 0x000001f56c6f2840 1151       1       java.util.jar.JarFile::getVersionedEntry (133 bytes)
Event: 1.763 Thread 0x000001f56c6f2840 nmethod 1151 0x000001f565d4c110 code [0x000001f565d4c360, 0x000001f565d4c950]
Event: 1.763 Thread 0x000001f56c6f2840 1152       1       java.security.ProtectionDomain::getCodeSource (5 bytes)
Event: 1.763 Thread 0x000001f56c6f2840 nmethod 1152 0x000001f565d4cd90 code [0x000001f565d4cf20, 0x000001f565d4cfe8]
Event: 1.765 Thread 0x000001f56c6f2840 1153       1       java.io.InputStream::<init> (5 bytes)
Event: 1.765 Thread 0x000001f56c6f2840 nmethod 1153 0x000001f565d4d090 code [0x000001f565d4d220, 0x000001f565d4d2e8]
Event: 1.770 Thread 0x000001f56c6f2840 1154       1       java.lang.ClassLoader::checkName (37 bytes)
Event: 1.771 Thread 0x000001f56c6f2840 nmethod 1154 0x000001f565d4d390 code [0x000001f565d4d560, 0x000001f565d4d7f0]
Event: 1.773 Thread 0x000001f56c6f5120 1155       1       java.util.zip.Inflater::ensureOpen (47 bytes)
Event: 1.774 Thread 0x000001f56c6f5120 nmethod 1155 0x000001f565d4da10 code [0x000001f565d4dbc0, 0x000001f565d4dd40]
Event: 1.779 Thread 0x000001f56c48aa70 1156       1       java.util.HashMap::tableSizeFor (32 bytes)
Event: 1.779 Thread 0x000001f56c48aa70 nmethod 1156 0x000001f565d4de10 code [0x000001f565d4dfc0, 0x000001f565d4e0f8]
Event: 1.780 Thread 0x000001f56c6f5120 1157       1       java.security.CodeSource::getLocationNoFragString (5 bytes)
Event: 1.780 Thread 0x000001f56c6f5120 nmethod 1157 0x000001f565d4e190 code [0x000001f565d4e320, 0x000001f565d4e3e8]
Event: 1.785 Thread 0x000001f56c6f5120 1158       1       java.lang.String::concat (15 bytes)
Event: 1.787 Thread 0x000001f56c6f5120 nmethod 1158 0x000001f565d4e490 code [0x000001f565d4e6e0, 0x000001f565d4ed78]
Event: 1.787 Thread 0x000001f56c6f5120 1159       1       java.util.WeakHashMap::put (160 bytes)
Event: 1.787 Thread 0x000001f56c6f2840 1160   !   1       java.util.zip.ZipFile$ZipFileInputStream::close (59 bytes)
Event: 1.787 Thread 0x000001f56c6f2840 nmethod 1160 0x000001f565d4f110 code [0x000001f565d4f2c0, 0x000001f565d4f518]
Event: 1.789 Thread 0x000001f56c6f5120 


GC Heap History (2 events):
Event: 1.361 GC heap before
{Heap before GC invocations=0 (full 0):
 garbage-first heap   total 57344K, used 14336K [0x00000000c8e00000, 0x0000000100000000)
  region size 1024K, 13 young (13312K), 0 survivors (0K)
 Metaspace       used 3574K, committed 3712K, reserved 1114112K
  class space    used 404K, committed 448K, reserved 1048576K
}
Event: 1.374 GC heap after
{Heap after GC invocations=1 (full 0):
 garbage-first heap   total 57344K, used 6408K [0x00000000c8e00000, 0x0000000100000000)
  region size 1024K, 2 young (2048K), 2 survivors (2048K)
 Metaspace       used 3574K, committed 3712K, reserved 1114112K
  class space    used 404K, committed 448K, reserved 1048576K
}

Dll operation events (11 events):
Event: 0.036 Loaded shared library C:\Program Files\Java\jdk-21.0.2\bin\java.dll
Event: 0.546 Loaded shared library C:\Program Files\Java\jdk-21.0.2\bin\zip.dll
Event: 0.555 Loaded shared library C:\Program Files\Java\jdk-21.0.2\bin\instrument.dll
Event: 0.570 Loaded shared library C:\Program Files\Java\jdk-21.0.2\bin\net.dll
Event: 0.574 Loaded shared library C:\Program Files\Java\jdk-21.0.2\bin\nio.dll
Event: 0.580 Loaded shared library C:\Program Files\Java\jdk-21.0.2\bin\zip.dll
Event: 0.868 Loaded shared library C:\Program Files\JetBrains\IntelliJ IDEA 2023.2.1\bin\breakgen64.dll
Event: 0.881 Loaded shared library C:\Program Files\Java\jdk-21.0.2\bin\jimage.dll
Event: 0.909 Loaded shared library C:\Program Files\Java\jdk-21.0.2\bin\extnet.dll
Event: 0.949 Loaded shared library C:\Program Files\Java\jdk-21.0.2\bin\management.dll
Event: 0.991 Loaded shared library C:\Program Files\Java\jdk-21.0.2\bin\management_ext.dll

Deoptimization events (0 events):
No events

Classes loaded (20 events):
Event: 1.736 Loading class java/io/ObjectStreamClass$ClassDataSlot done
Event: 1.736 Loading class java/io/SerialCallbackContext
Event: 1.737 Loading class java/io/SerialCallbackContext done
Event: 1.738 Loading class sun/rmi/transport/ConnectionOutputStream
Event: 1.738 Loading class sun/rmi/server/MarshalOutputStream
Event: 1.738 Loading class sun/rmi/server/MarshalOutputStream done
Event: 1.738 Loading class sun/rmi/transport/ConnectionOutputStream done
Event: 1.739 Loading class jdk/internal/agent/ConnectorAddressLink
Event: 1.739 Loading class jdk/internal/agent/ConnectorAddressLink done
Event: 1.739 Loading class sun/management/counter/Units
Event: 1.740 Loading class sun/management/counter/Units done
Event: 1.741 Loading class jdk/internal/loader/URLClassPath$FileLoader$1
Event: 1.741 Loading class jdk/internal/loader/URLClassPath$FileLoader$1 done
Event: 1.786 Loading class java/util/ServiceConfigurationError
Event: 1.786 Loading class java/util/ServiceConfigurationError done
Event: 1.788 Loading class java/lang/InstantiationException
Event: 1.788 Loading class java/lang/InstantiationException done
Event: 1.788 Loading class java/lang/IllegalAccessException
Event: 1.788 Loading class java/lang/IllegalAccessException done
Event: 1.791 Loading class java/lang/UnsupportedOperationException

Classes unloaded (0 events):
No events

Classes redefined (0 events):
No events

Internal exceptions (16 events):
Event: 0.835 Thread 0x000001f55bb0c130 Exception <a 'java/lang/NoSuchMethodError'{0x00000000cbf4cd30}: 'void java.lang.invoke.DirectMethodHandle$Holder.invokeStatic(java.lang.Object, java.lang.Object, java.lang.Object)'> (0x00000000cbf4cd30) 
thrown [s\open\src\hotspot\share\interpreter\linkResolver.cpp, line 773]
Event: 0.853 Thread 0x000001f55bb0c130 Exception <a 'java/lang/NoSuchMethodError'{0x00000000cbf838a8}: 'java.lang.Object java.lang.invoke.Invokers$Holder.invokeExact_MT(java.lang.Object, java.lang.Object, java.lang.Object, java.lang.Object, java.lang.Object)'> (0x00000000cbf838a8) 
thrown [s\open\src\hotspot\share\interpreter\linkResolver.cpp, line 773]
Event: 0.914 Thread 0x000001f57102fdc0 Exception <a 'java/lang/NoSuchMethodError'{0x00000000cbfba6e8}: 'void java.lang.invoke.DirectMethodHandle$Holder.invokeStatic(java.lang.Object, java.lang.Object)'> (0x00000000cbfba6e8) 
thrown [s\open\src\hotspot\share\interpreter\linkResolver.cpp, line 773]
Event: 1.004 Thread 0x000001f55bb0c130 Exception <a 'java/lang/NoSuchMethodError'{0x00000000cbe0c808}: 'int java.lang.invoke.DirectMethodHandle$Holder.invokeInterface(java.lang.Object, java.lang.Object)'> (0x00000000cbe0c808) 
thrown [s\open\src\hotspot\share\interpreter\linkResolver.cpp, line 773]
Event: 1.005 Thread 0x000001f55bb0c130 Exception <a 'java/lang/IncompatibleClassChangeError'{0x00000000cbe0fb20}: Found class java.lang.Object, but interface was expected> (0x00000000cbe0fb20) 
thrown [s\open\src\hotspot\share\interpreter\linkResolver.cpp, line 840]
Event: 1.164 Thread 0x000001f56c486c50 Exception <a 'java/lang/NoSuchMethodError'{0x00000000cbdc4948}: 'java.lang.Object java.lang.invoke.Invokers$Holder.invokeExact_MT(java.lang.Object, java.lang.Object, java.lang.Object, java.lang.Object, java.lang.Object, java.lang.Object)'> (0x00000000cbdc4948) 
thrown [s\open\src\hotspot\share\interpreter\linkResolver.cpp, line 773]
Event: 1.182 Thread 0x000001f55bb0c130 Exception <a 'java/lang/NoSuchMethodError'{0x00000000cbc0db88}: 'int java.lang.invoke.DirectMethodHandle$Holder.invokeSpecial(java.lang.Object, java.lang.Object, java.lang.Object)'> (0x00000000cbc0db88) 
thrown [s\open\src\hotspot\share\interpreter\linkResolver.cpp, line 773]
Event: 1.271 Thread 0x000001f55bb0c130 Exception <a 'java/lang/NoSuchMethodError'{0x00000000cbb50650}: 'java.lang.Object java.lang.invoke.DirectMethodHandle$Holder.invokeStaticInit(java.lang.Object, java.lang.Object, java.lang.Object)'> (0x00000000cbb50650) 
thrown [s\open\src\hotspot\share\interpreter\linkResolver.cpp, line 773]
Event: 1.411 Thread 0x000001f55bb0c130 Exception <a 'java/lang/NoSuchMethodError'{0x00000000cc5fd448}: 'int java.lang.invoke.DirectMethodHandle$Holder.invokeSpecialIFC(java.lang.Object, java.lang.Object, java.lang.Object)'> (0x00000000cc5fd448) 
thrown [s\open\src\hotspot\share\interpreter\linkResolver.cpp, line 773]
Event: 1.496 Thread 0x000001f55bb0c130 Exception <a 'java/lang/NoSuchMethodError'{0x00000000cc46eb58}: 'java.lang.Object java.lang.invoke.DirectMethodHandle$Holder.invokeStaticInit(java.lang.Object, int, int, int, int)'> (0x00000000cc46eb58) 
thrown [s\open\src\hotspot\share\interpreter\linkResolver.cpp, line 773]
Event: 1.541 Thread 0x000001f55bb0c130 Exception <a 'java/lang/NoSuchMethodError'{0x00000000cc4a1128}: 'java.lang.Object java.lang.invoke.DirectMethodHandle$Holder.invokeStaticInit(java.lang.Object, java.lang.Object, int, int, int, int)'> (0x00000000cc4a1128) 
thrown [s\open\src\hotspot\share\interpreter\linkResolver.cpp, line 773]
Event: 1.599 Thread 0x000001f55bb0c130 Exception <a 'java/lang/ClassNotFoundException'{0x00000000cc4bdbb8}: javax/management/remote/rmi/RMIServerImpl_Skel> (0x00000000cc4bdbb8) 
thrown [s\open\src\hotspot\share\classfile\systemDictionary.cpp, line 312]
Event: 1.724 Thread 0x000001f55bb0c130 Exception <a 'java/lang/NoSuchMethodError'{0x00000000cc4d8cd8}: 'long java.lang.invoke.DirectMethodHandle$Holder.invokeSpecial(java.lang.Object, java.lang.Object)'> (0x00000000cc4d8cd8) 
thrown [s\open\src\hotspot\share\interpreter\linkResolver.cpp, line 773]
Event: 1.725 Thread 0x000001f55bb0c130 Exception <a 'java/lang/NoSuchMethodError'{0x00000000cc4dc3a0}: 'long java.lang.invoke.Invokers$Holder.invokeExact_MT(java.lang.Object, java.lang.Object)'> (0x00000000cc4dc3a0) 
thrown [s\open\src\hotspot\share\interpreter\linkResolver.cpp, line 773]
Event: 1.737 Thread 0x000001f55bb0c130 Exception <a 'java/lang/NoSuchMethodError'{0x00000000cc4f54d8}: 'void java.lang.invoke.DirectMethodHandle$Holder.invokeSpecial(java.lang.Object, java.lang.Object, java.lang.Object)'> (0x00000000cc4f54d8) 
thrown [s\open\src\hotspot\share\interpreter\linkResolver.cpp, line 773]
Event: 1.776 Thread 0x000001f55bb0c130 Exception <a 'java/lang/OutOfMemoryError'{0x00000000cc3c6978}> (0x00000000cc3c6978) 
thrown [s\open\src\hotspot\share\prims\jni.cpp, line 539]

ZGC Phase Switch (0 events):
No events

VM Operations (14 events):
Event: 0.508 Executing VM operation: HandshakeAllThreads (Deoptimize)
Event: 0.508 Executing VM operation: HandshakeAllThreads (Deoptimize) done
Event: 1.138 Executing VM operation: HandshakeAllThreads (Deoptimize)
Event: 1.138 Executing VM operation: HandshakeAllThreads (Deoptimize) done
Event: 1.138 Executing VM operation: Cleanup
Event: 1.139 Executing VM operation: Cleanup done
Event: 1.361 Executing VM operation: G1CollectForAllocation (G1 Evacuation Pause)
Event: 1.374 Executing VM operation: G1CollectForAllocation (G1 Evacuation Pause) done
Event: 1.438 Executing VM operation: HandshakeAllThreads (Deoptimize)
Event: 1.438 Executing VM operation: HandshakeAllThreads (Deoptimize) done
Event: 1.596 Executing VM operation: HandshakeAllThreads (Deoptimize)
Event: 1.596 Executing VM operation: HandshakeAllThreads (Deoptimize) done
Event: 1.741 Executing VM operation: HandshakeAllThreads (Deoptimize)
Event: 1.741 Executing VM operation: HandshakeAllThreads (Deoptimize) done

Events (14 events):
Event: 0.075 Thread 0x000001f55bb0c130 Thread added: 0x000001f55bb0c130
Event: 0.129 Thread 0x000001f56c47d330 Thread added: 0x000001f56c47d330
Event: 0.129 Thread 0x000001f56c47dff0 Thread added: 0x000001f56c47dff0
Event: 0.130 Thread 0x000001f56c483070 Thread added: 0x000001f56c483070
Event: 0.130 Thread 0x000001f56c486c50 Thread added: 0x000001f56c486c50
Event: 0.130 Thread 0x000001f56c487e50 Thread added: 0x000001f56c487e50
Event: 0.130 Thread 0x000001f56c488b30 Thread added: 0x000001f56c488b30
Event: 0.131 Thread 0x000001f56c48aa70 Thread added: 0x000001f56c48aa70
Event: 0.488 Thread 0x000001f56c53e700 Thread added: 0x000001f56c53e700
Event: 0.589 Thread 0x000001f56c6f5120 Thread added: 0x000001f56c6f5120
Event: 0.870 Thread 0x000001f57102fdc0 Thread added: 0x000001f57102fdc0
Event: 0.870 Thread 0x000001f571030430 Thread added: 0x000001f571030430
Event: 1.325 Thread 0x000001f56c6f2840 Thread added: 0x000001f56c6f2840
Event: 1.685 Thread 0x000001f57128cc30 Thread added: 0x000001f57128cc30


Dynamic libraries:
0x00007ff75efc0000 - 0x00007ff75efd0000 	C:\Program Files\Java\jdk-21.0.2\bin\java.exe
0x00007ff827bf0000 - 0x00007ff827dde000 	C:\Windows\SYSTEM32\ntdll.dll
0x00007ff827ad0000 - 0x00007ff827b83000 	C:\Windows\System32\KERNEL32.DLL
0x00007ff824b40000 - 0x00007ff824ddd000 	C:\Windows\System32\KERNELBASE.dll
0x00007ff823ef0000 - 0x00007ff823fea000 	C:\Windows\System32\ucrtbase.dll
0x00007ff8213a0000 - 0x00007ff8213b9000 	C:\Program Files\Java\jdk-21.0.2\bin\jli.dll
0x00007ff8279a0000 - 0x00007ff827a48000 	C:\Windows\System32\ADVAPI32.dll
0x00007ff826a90000 - 0x00007ff826b2e000 	C:\Windows\System32\msvcrt.dll
0x00007ff827630000 - 0x00007ff8276d2000 	C:\Windows\System32\sechost.dll
0x00007ff827740000 - 0x00007ff827858000 	C:\Windows\System32\RPCRT4.dll
0x00007ff824380000 - 0x00007ff8243a6000 	C:\Windows\System32\bcrypt.dll
0x00007ff826b90000 - 0x00007ff826d27000 	C:\Windows\System32\USER32.dll
0x00007ff8243d0000 - 0x00007ff8243f0000 	C:\Windows\System32\win32u.dll
0x00007ff826d30000 - 0x00007ff826d59000 	C:\Windows\System32\GDI32.dll
0x00007ff823ff0000 - 0x00007ff82419a000 	C:\Windows\System32\gdi32full.dll
0x00007ff8241a0000 - 0x00007ff824240000 	C:\Windows\System32\msvcp_win.dll
0x00007ff81c6a0000 - 0x00007ff81c919000 	C:\Windows\WinSxS\amd64_microsoft.windows.common-controls_6595b64144ccf1df_6.0.17763.5696_none_de7663245346b1ca\COMCTL32.dll
0x00007ff826480000 - 0x00007ff8267ab000 	C:\Windows\System32\combase.dll
0x00007ff8242f0000 - 0x00007ff824372000 	C:\Windows\System32\bcryptPrimitives.dll
0x00007ff81dee0000 - 0x00007ff81deea000 	C:\Windows\SYSTEM32\VERSION.dll
0x00007ff8213d0000 - 0x00007ff8213eb000 	C:\Program Files\Java\jdk-21.0.2\bin\VCRUNTIME140.dll
0x00007ff824de0000 - 0x00007ff824e0e000 	C:\Windows\System32\IMM32.DLL
0x00007ff819d70000 - 0x00007ff819d7c000 	C:\Program Files\Java\jdk-21.0.2\bin\vcruntime140_1.dll
0x00007ffff1af0000 - 0x00007ffff1b7e000 	C:\Program Files\Java\jdk-21.0.2\bin\msvcp140.dll
0x00007fffcded0000 - 0x00007fffcebe7000 	C:\Program Files\Java\jdk-21.0.2\bin\server\jvm.dll
0x00007ff823be0000 - 0x00007ff823c3d000 	C:\Windows\System32\POWRPROF.dll
0x00007ff826ed0000 - 0x00007ff826f3d000 	C:\Windows\System32\WS2_32.dll
0x00007ff821310000 - 0x00007ff821334000 	C:\Windows\SYSTEM32\WINMM.dll
0x00007ff8212e0000 - 0x00007ff82130d000 	C:\Windows\SYSTEM32\WINMMBASE.dll
0x00007ff823c40000 - 0x00007ff823c8a000 	C:\Windows\System32\cfgmgr32.dll
0x00007ff823b90000 - 0x00007ff823ba1000 	C:\Windows\System32\kernel.appcore.dll
0x00007ff819980000 - 0x00007ff81998a000 	C:\Program Files\Java\jdk-21.0.2\bin\jimage.dll
0x00007ff823580000 - 0x00007ff82376d000 	C:\Windows\SYSTEM32\DBGHELP.DLL
0x00007ff823550000 - 0x00007ff82357a000 	C:\Windows\SYSTEM32\dbgcore.DLL
0x00007ff81a230000 - 0x00007ff81a23f000 	C:\Program Files\Java\jdk-21.0.2\bin\instrument.dll
0x00007ff8169b0000 - 0x00007ff8169cf000 	C:\Program Files\Java\jdk-21.0.2\bin\java.dll
0x00007ff824ea0000 - 0x00007ff826398000 	C:\Windows\System32\SHELL32.dll
0x00007ff826f40000 - 0x00007ff826fe7000 	C:\Windows\System32\shcore.dll
0x00007ff8243f0000 - 0x00007ff824b37000 	C:\Windows\System32\windows.storage.dll
0x00007ff823bb0000 - 0x00007ff823bd3000 	C:\Windows\System32\profapi.dll
0x00007ff8276e0000 - 0x00007ff827732000 	C:\Windows\System32\shlwapi.dll
0x00007ff8243b0000 - 0x00007ff8243cb000 	C:\Windows\System32\cryptsp.dll
0x00007ffffee10000 - 0x00007ffffee28000 	C:\Program Files\Java\jdk-21.0.2\bin\zip.dll
0x00007ff8195a0000 - 0x00007ff8195b0000 	C:\Program Files\Java\jdk-21.0.2\bin\net.dll
0x00007ff81a130000 - 0x00007ff81a22d000 	C:\Windows\SYSTEM32\WINHTTP.dll
0x00007ff822f80000 - 0x00007ff822fe7000 	C:\Windows\system32\mswsock.dll
0x00007ffffef40000 - 0x00007ffffef56000 	C:\Program Files\Java\jdk-21.0.2\bin\nio.dll
0x00007fffd1530000 - 0x00007fffd154a000 	C:\Program Files\JetBrains\IntelliJ IDEA 2023.2.1\bin\breakgen64.dll
0x00007ff822cc0000 - 0x00007ff822d86000 	C:\Windows\SYSTEM32\DNSAPI.dll
0x00007ff824e10000 - 0x00007ff824e18000 	C:\Windows\System32\NSI.dll
0x00007ff822c80000 - 0x00007ff822cbd000 	C:\Windows\SYSTEM32\IPHLPAPI.DLL
0x00007ff816310000 - 0x00007ff81631a000 	C:\Windows\System32\rasadhlp.dll
0x00007ff818fd0000 - 0x00007ff818fd9000 	C:\Program Files\Java\jdk-21.0.2\bin\extnet.dll
0x00007ff8191c0000 - 0x00007ff819239000 	C:\Windows\System32\fwpuclnt.dll
0x00007fffd1520000 - 0x00007fffd152a000 	C:\Program Files\Java\jdk-21.0.2\bin\management.dll
0x00007fffd1510000 - 0x00007fffd151b000 	C:\Program Files\Java\jdk-21.0.2\bin\management_ext.dll
0x00007ff827990000 - 0x00007ff827998000 	C:\Windows\System32\PSAPI.DLL
0x00007ff822af0000 - 0x00007ff822b23000 	C:\Windows\system32\rsaenh.dll
0x00007ff823a70000 - 0x00007ff823a99000 	C:\Windows\SYSTEM32\USERENV.dll
0x00007ff823180000 - 0x00007ff82318c000 	C:\Windows\SYSTEM32\CRYPTBASE.dll
0x00007ff809720000 - 0x00007ff809736000 	C:\Windows\system32\napinsp.dll
0x00007ff809700000 - 0x00007ff80971a000 	C:\Windows\system32\pnrpnsp.dll
0x00007ff809880000 - 0x00007ff80988e000 	C:\Windows\System32\winrnr.dll
0x00007ff81f970000 - 0x00007ff81f98b000 	C:\Windows\system32\NLAapi.dll
0x00007ff8096e0000 - 0x00007ff8096f5000 	C:\Windows\system32\wshbth.dll

dbghelp: loaded successfully - version: 4.0.5 - missing functions: none
symbol engine: initialized successfully - sym options: 0x614 - pdb path: .;C:\Program Files\Java\jdk-21.0.2\bin;C:\Windows\SYSTEM32;C:\Windows\WinSxS\amd64_microsoft.windows.common-controls_6595b64144ccf1df_6.0.17763.5696_none_de7663245346b1ca;C:\Program Files\Java\jdk-21.0.2\bin\server;C:\Program Files\JetBrains\IntelliJ IDEA 2023.2.1\bin

VM Arguments:
jvm_args: -XX:TieredStopAtLevel=1 -Dspring.output.ansi.enabled=always -Dcom.sun.management.jmxremote -Dspring.jmx.enabled=true -Dspring.liveBeansView.mbeanDomain -Dspring.application.admin.enabled=true -Dmanagement.endpoints.jmx.exposure.include=* -javaagent:C:\Program Files\JetBrains\IntelliJ IDEA 2023.2.1\lib\idea_rt.jar=11866:C:\Program Files\JetBrains\IntelliJ IDEA 2023.2.1\bin -Dfile.encoding=UTF-8 -Dsun.stdout.encoding=UTF-8 -Dsun.stderr.encoding=UTF-8 
java_command: com.example.project.ProjectApplication
java_class_path (initial): C:\Users\Zver\Programm\Project\target\classes;C:\Users\Zver\.m2\repository\org\springframework\boot\spring-boot-starter-data-jpa\3.2.5\spring-boot-starter-data-jpa-3.2.5.jar;C:\Users\Zver\.m2\repository\org\springframework\boot\spring-boot-starter-aop\3.2.5\spring-boot-starter-aop-3.2.5.jar;C:\Users\Zver\.m2\repository\org\springframework\spring-aop\6.1.6\spring-aop-6.1.6.jar;C:\Users\Zver\.m2\repository\org\aspectj\aspectjweaver\1.9.22\aspectjweaver-1.9.22.jar;C:\Users\Zver\.m2\repository\org\springframework\boot\spring-boot-starter-jdbc\3.2.5\spring-boot-starter-jdbc-3.2.5.jar;C:\Users\Zver\.m2\repository\com\zaxxer\HikariCP\5.0.1\HikariCP-5.0.1.jar;C:\Users\Zver\.m2\repository\org\springframework\spring-jdbc\6.1.6\spring-jdbc-6.1.6.jar;C:\Users\Zver\.m2\repository\org\hibernate\orm\hibernate-core\6.4.4.Final\hibernate-core-6.4.4.Final.jar;C:\Users\Zver\.m2\repository\jakarta\persistence\jakarta.persistence-api\3.1.0\jakarta.persistence-api-3.1.0.jar;C:\Users\Zver\.m2\repository\jakarta\transaction\jakarta.transaction-api\2.0.1\jakarta.transaction-api-2.0.1.jar;C:\Users\Zver\.m2\repository\org\jboss\logging\jboss-logging\3.5.3.Final\jboss-logging-3.5.3.Final.jar;C:\Users\Zver\.m2\repository\org\hibernate\common\hibernate-commons-annotations\6.0.6.Final\hibernate-commons-annotations-6.0.6.Final.jar;C:\Users\Zver\.m2\repository\io\smallrye\jandex\3.1.2\jandex-3.1.2.jar;C:\Users\Zver\.m2\repository\com\fasterxml\classmate\1.6.0\classmate-1.6.0.jar;C:\Users\Zver\.m2\repository\net\bytebuddy\byte-buddy\1.14.13\byte-buddy-1.14.13.jar;C:\Users\Zver\.m2\repository\org\glassfish\jaxb\jaxb-runtime\4.0.5\jaxb-runtime-4.0.5.jar;C:\Users\Zver\.m2\repository\org\glassfish\jaxb\jaxb-core\4.0.5\jaxb-core-4.0.5.jar;C:\Users\Zver\.m2\repository\org\eclipse\angus\angus-activation\2.0.2\angus-activation-2.0.2.jar;C:\Users\Zver\.m2\repository\org\glassfish\jaxb\txw2\4.0.5\txw2-4.0.5.jar;C:\Users\Zver\.m2\repository\com\sun\istack\istack-commons-runtime\4.1.2\istack-commons-runtime-4.1.2.jar;C:\Users\Zver\.m2\repository\jakarta\inject\jakarta.inject-api\2.0.1\jakarta.inject-api-2.0.1.jar;C:\Users\Zver\.m2\repository\org\antlr\antlr4-runtime\4.13.0\antlr4-runtime-4.13.0.jar;C:\Users\Zver\.m2\repository\org\springframework\data\spring-data-jpa\3.2.5\spring-data-jpa-3.2.5.jar;C:\Users\Zver\.m2\repository\org\springframework\data\spring-data-commons\3.2.5\spring-data-commons-3.2.5.jar;C:\Users\Zver\.m2\repository\org\springframework\spring-orm\6.1.6\spring-orm-6.1.6.jar;C:\Users\Zver\.m2\repository\org\springframework\spring-context\6.1.6\spring-context-6.1.6.jar;C:\Users\Zver\.m2\repository\org\springframework\spring-tx\6.1.6\spring-tx-6.1.6.jar;C:\Users\Zver\.m2\repository\org\springframework\spring-beans\6.1.6\spring-beans-6.1.6.jar;C:\Users\Zver\.m2\repository\jakarta\annotation\jakarta.annotation-api\2.1.1\jakarta.annotation-api-2.1.1.jar;C:\Users\Zver\.m2\repository\org\slf4j\slf4j-api\2.0.13\slf4j-api-2.0.13.jar;C:\Users\Zver\.m2\repository\org\springframework\spring-aspects\6.1.6\spring-aspects-6.1.6.jar;C:\Users\Zver\.m2\repository\org\springframework\boot\spring-boot-starter-web\3.2.5\spring-boot-starter-web-3.2.5.jar;C:\Users\Zver\.m2\repository\org\springframework\boot\spring-boot-starter\3.2.5\spring-boot-starter-3.2.5.jar;C:\Users\Zver\.m2\repository\org\springframework\boot\spring-boot\3.2.5\spring-boot-3.2.5.jar;C:\Users\Zver\.m2\repository\org\springframework\boot\spring-boot-autoconfigure\3.2.5\spring-boot-autoconfigure-3.2.5.jar;C:\Users\Zver\.m2\repository\org\springframework\boot\spring-boot-starter-logging\3.2.5\spring-boot-starter-logging-3.2.5.jar;C:\Users\Zver\.m2\repository\ch\qos\logback\logback-classic\1.4.14\logback-classic-1.4.14.jar;C:\Users\Zver\.m2\repository\ch\qos\logback\logback-core\1.4.14\logback-core-1.4.14.jar;C:\Users\Zver\.m2\repository\org\apache\logging\log4j\log4j-to-slf4j\2.21.1\log4j-to-slf4j-2.21.1.jar;C:\Users\Zver\.m2\repository\org\apache\logging\log4j\log4j-api\2.21.1\log4j-api-2.21.1.jar;C:\Users\Zver\.m2\repository\org\slf4j\jul-to-slf4j\2.0.13\jul-to-slf4j-2.0.13.jar;C:\Users\Zver\.m2\repository\org\yaml\snakeyaml\2.2\snakeyaml-2.2.jar;C:\Users\Zver\.m2\repository\org\springframework\boot\spring-boot-starter-json\3.2.5\spring-boot-starter-json-3.2.5.jar;C:\Users\Zver\.m2\repository\com\fasterxml\jackson\core\jackson-databind\2.15.4\jackson-databind-2.15.4.jar;C:\Users\Zver\.m2\repository\com\fasterxml\jackson\core\jackson-annotations\2.15.4\jackson-annotations-2.15.4.jar;C:\Users\Zver\.m2\repository\com\fasterxml\jackson\core\jackson-core\2.15.4\jackson-core-2.15.4.jar;C:\Users\Zver\.m2\repository\com\fasterxml\jackson\datatype\jackson-datatype-jdk8\2.15.4\jackson-datatype-jdk8-2.15.4.jar;C:\Users\Zver\.m2\repository\com\fasterxml\jackson\datatype\jackson-datatype-jsr310\2.15.4\jackson-datatype-jsr310-2.15.4.jar;C:\Users\Zver\.m2\repository\com\fasterxml\jackson\module\jackson-module-parameter-names\2.15.4\jackson-module-parameter-names-2.15.4.jar;C:\Users\Zver\.m2\repository\org\springframework\boot\spring-boot-starter-tomcat\3.2.5\spring-boot-starter-tomcat-3.2.5.jar;C:\Users\Zver\.m2\repository\org\apache\tomcat\embed\tomcat-embed-core\10.1.20\tomcat-embed-core-10.1.20.jar;C:\Users\Zver\.m2\repository\org\apache\tomcat\embed\tomcat-embed-el\10.1.20\tomcat-embed-el-10.1.20.jar;C:\Users\Zver\.m2\repository\org\apache\tomcat\embed\tomcat-embed-websocket\10.1.20\tomcat-embed-websocket-10.1.20.jar;C:\Users\Zver\.m2\repository\org\springframework\spring-web\6.1.6\spring-web-6.1.6.jar;C:\Users\Zver\.m2\repository\io\micrometer\micrometer-observation\1.12.5\micrometer-observation-1.12.5.jar;C:\Users\Zver\.m2\repository\io\micrometer\micrometer-commons\1.12.5\micrometer-commons-1.12.5.jar;C:\Users\Zver\.m2\repository\org\springframework\spring-webmvc\6.1.6\spring-webmvc-6.1.6.jar;C:\Users\Zver\.m2\repository\org\springframework\spring-expression\6.1.6\spring-expression-6.1.6.jar;C:\Users\Zver\.m2\repository\org\postgresql\postgresql\42.6.2\postgresql-42.6.2.jar;C:\Users\Zver\.m2\repository\org\checkerframework\checker-qual\3.31.0\checker-qual-3.31.0.jar;C:\Users\Zver\.m2\repository\org\projectlombok\lombok\1.18.32\lombok-1.18.32.jar;C:\Users\Zver\.m2\repository\jakarta\xml\bind\jakarta.xml.bind-api\4.0.2\jakarta.xml.bind-api-4.0.2.jar;C:\Users\Zver\.m2\repository\jakarta\activation\jakarta.activation-api\2.1.3\jakarta.activation-api-2.1.3.jar;C:\Users\Zver\.m2\repository\org\springframework\spring-core\6.1.6\spring-core-6.1.6.jar;C:\Users\Zver\.m2\repository\org\springframework\spring-jcl\6.1.6\spring-jcl-6.1.6.jar
Launcher Type: SUN_STANDARD

[Global flags]
     intx CICompilerCount                          = 3                                         {product} {ergonomic}
     uint ConcGCThreads                            = 1                                         {product} {ergonomic}
     uint G1ConcRefinementThreads                  = 4                                         {product} {ergonomic}
   size_t G1HeapRegionSize                         = 1048576                                   {product} {ergonomic}
    uintx GCDrainStackTargetSize                   = 64                                        {product} {ergonomic}
   size_t InitialHeapSize                          = 58720256                                  {product} {ergonomic}
     bool ManagementServer                         = true                                      {product} {command line}
   size_t MarkStackSize                            = 4194304                                   {product} {ergonomic}
   size_t MaxHeapSize                              = 924844032                                 {product} {ergonomic}
   size_t MaxNewSize                               = 554696704                                 {product} {ergonomic}
   size_t MinHeapDeltaBytes                        = 1048576                                   {product} {ergonomic}
   size_t MinHeapSize                              = 8388608                                   {product} {ergonomic}
    uintx NonNMethodCodeHeapSize                   = 4096                                   {pd product} {ergonomic}
    uintx NonProfiledCodeHeapSize                  = 0                                      {pd product} {ergonomic}
     bool ProfileInterpreter                       = false                                  {pd product} {command line}
    uintx ProfiledCodeHeapSize                     = 0                                      {pd product} {ergonomic}
   size_t SoftMaxHeapSize                          = 924844032                              {manageable} {ergonomic}
     intx TieredStopAtLevel                        = 1                                         {product} {command line}
     bool UseCompressedOops                        = true                           {product lp64_product} {ergonomic}
     bool UseG1GC                                  = true                                      {product} {ergonomic}
     bool UseLargePagesIndividualAllocation        = false                                  {pd product} {ergonomic}

Logging:
Log output configuration:
 #0: stdout all=warning uptime,level,tags foldmultilines=false
 #1: stderr all=off uptime,level,tags foldmultilines=false

Environment Variables:
PATH=C:\app\Zver\product\21c\dbhomeXE\bin;C:\Program Files\Microsoft MPI\Bin\;C:\Program Files\Common Files\Oracle\Java\javapath;C:\Program Files\Microsoft\jdk-11.0.16.101-hotspot\bin;C:\Windows\system32;C:\Windows;C:\Windows\System32\Wbem;C:\Windows\System32\WindowsPowerShell\v1.0\;C:\Windows\System32\OpenSSH\;C:\Program Files\Microsoft SQL Server\150\Tools\Binn\;C:\Program Files\Microsoft SQL Server\Client SDK\ODBC\170\Tools\Binn\;C:\Program Files\dotnet\;C:\Program Files\Git\cmd;C:\Program Files\MySQL\MySQL Shell 8.0\bin\;C:\Users\Zver\AppData\Local\Programs\Python\Python310\Scripts\;C:\Users\Zver\AppData\Local\Programs\Python\Python310\;C:\Users\Zver\AppData\Local\Microsoft\WindowsApps;;C:\Program Files\JetBrains\PyCharm Community Edition 2022.1.3\bin;;C:\Users\Zver\AppData\Local\Programs\Microsoft VS Code\bin;C:\Users\Zver\.dotnet\tools
USERNAME=Zver
OS=Windows_NT
PROCESSOR_IDENTIFIER=AMD64 Family 23 Model 24 Stepping 1, AuthenticAMD
TMP=C:\Users\Zver\AppData\Local\Temp
TEMP=C:\Users\Zver\AppData\Local\Temp




Periodic native trim disabled

---------------  S Y S T E M  ---------------

OS:
 Windows 10 , 64 bit Build 17763 (10.0.17763.4974)
OS uptime: 2 days 22:42 hours

CPU: total 4 (initial active 4) (4 cores per cpu, 2 threads per core) family 23 model 24 stepping 1 microcode 0x0, cx8, cmov, fxsr, ht, mmx, 3dnowpref, sse, sse2, sse3, ssse3, sse4a, sse4.1, sse4.2, popcnt, lzcnt, tsc, tscinvbit, avx, avx2, aes, clmul, bmi1, bmi2, adx, sha, fma, vzeroupper, clflush, clflushopt, rdtscp, f16c
Processor Information for all 4 processors :
  Max Mhz: 2600, Current Mhz: 2600, Mhz Limit: 2600

Memory: 4k page, system-wide physical 3522M (356M free)
TotalPageFile size 11522M (AvailPageFile size 0M)
current process WorkingSet (physical memory assigned to process): 64M, peak: 64M
current process commit charge ("private bytes"): 134M, peak: 134M

vm_info: Java HotSpot(TM) 64-Bit Server VM (21.0.2+13-LTS-58) for windows-amd64 JRE (21.0.2+13-LTS-58), built on 2024-01-05T18:32:24Z by "mach5one" with MS VC++ 17.1 (VS2022)

END.
