#
# There is insufficient memory for the Java Runtime Environment to continue.
# Native memory allocation (mmap) failed to map 65536 bytes for Failed to commit metaspace.
# Possible reasons:
#   The system is out of physical RAM or swap space
#   The process is running with CompressedOops enabled, and the Java Heap may be blocking the growth of the native heap
# Possible solutions:
#   Reduce memory load on the system
#   Increase physical memory or swap space
#   Check if swap backing store is full
#   Decrease Java heap size (-Xmx/-Xms)
#   Decrease number of Java threads
#   Decrease Java thread stack sizes (-Xss)
#   Set larger code cache with -XX:ReservedCodeCacheSize=
#   JVM is running with Unscaled Compressed Oops mode in which the Java heap is
#     placed in the first 4GB address space. The Java Heap base address is the
#     maximum limit for the native heap growth. Please use -XX:HeapBaseMinAddress
#     to set the Java Heap base and to place the Java Heap above 4GB virtual address.
# This output file may be truncated or incomplete.
#
#  Out of Memory Error (virtualSpaceNode.cpp:112), pid=6700, tid=1396
#
# JRE version: Java(TM) SE Runtime Environment (21.0.2+13) (build 21.0.2+13-LTS-58)
# Java VM: Java HotSpot(TM) 64-Bit Server VM (21.0.2+13-LTS-58, mixed mode, emulated-client, sharing, tiered, compressed oops, compressed class ptrs, g1 gc, windows-amd64)
# No core dump will be written. Minidumps are not enabled by default on client versions of Windows
#

---------------  S U M M A R Y ------------

Command Line: -XX:TieredStopAtLevel=1 -Dspring.output.ansi.enabled=always -Dcom.sun.management.jmxremote -Dspring.jmx.enabled=true -Dspring.liveBeansView.mbeanDomain -Dspring.application.admin.enabled=true -Dmanagement.endpoints.jmx.exposure.include=* -javaagent:C:\Program Files\JetBrains\IntelliJ IDEA 2023.2.1\lib\idea_rt.jar=7197:C:\Program Files\JetBrains\IntelliJ IDEA 2023.2.1\bin -Dfile.encoding=UTF-8 -Dsun.stdout.encoding=UTF-8 -Dsun.stderr.encoding=UTF-8 com.example.project.ProjectApplication

Host: AMD Ryzen 3 3200U with Radeon Vega Mobile Gfx  , 4 cores, 3G,  Windows 10 , 64 bit Build 17763 (10.0.17763.4974)
Time: Sat May 18 18:44:05 2024 RTZ 2 (зима) elapsed time: 5.430545 seconds (0d 0h 0m 5s)

---------------  T H R E A D  ---------------

Current thread (0x0000018c7aa86f50):  JavaThread "main"             [_thread_in_vm, id=1396, stack(0x0000008b78300000,0x0000008b78400000) (1024K)]

Stack: [0x0000008b78300000,0x0000008b78400000]
Native frames: (J=compiled Java code, j=interpreted, Vv=VM code, C=native code)
V  [jvm.dll+0x6cade9]
V  [jvm.dll+0x8569c1]
V  [jvm.dll+0x858d2e]
V  [jvm.dll+0x859413]
V  [jvm.dll+0x280e56]
V  [jvm.dll+0x8526ee]
V  [jvm.dll+0x66e705]
V  [jvm.dll+0x1e68cc]
V  [jvm.dll+0x1e669e]
V  [jvm.dll+0x67104c]
V  [jvm.dll+0x670e62]
V  [jvm.dll+0x66f0de]
V  [jvm.dll+0x3be1bf]
V  [jvm.dll+0x20fbdb]
V  [jvm.dll+0x5ad406]
V  [jvm.dll+0x7cf74d]
V  [jvm.dll+0x4709da]
V  [jvm.dll+0x483de6]
C  [java.dll+0x1657]

Java frames: (J=compiled Java code, j=interpreted, Vv=VM code)
J 1594  java.lang.ClassLoader.defineClass0(Ljava/lang/ClassLoader;Ljava/lang/Class;Ljava/lang/String;[BIILjava/security/ProtectionDomain;ZILjava/lang/Object;)Ljava/lang/Class; java.base@21.0.2 (0 bytes) @ 0x0000018c7af4e13c [0x0000018c7af4e040+0x00000000000000fc]
J 1593 c1 java.lang.System$2.defineClass(Ljava/lang/ClassLoader;Ljava/lang/Class;Ljava/lang/String;[BLjava/security/ProtectionDomain;ZILjava/lang/Object;)Ljava/lang/Class; java.base@21.0.2 (21 bytes) @ 0x0000018c7af4d3bc [0x0000018c7af4d340+0x000000000000007c]
J 1592 c1 java.lang.invoke.MethodHandles$Lookup$ClassDefiner.defineClass(ZLjava/lang/Object;)Ljava/lang/Class; java.base@21.0.2 (213 bytes) @ 0x0000018c7af4d90c [0x0000018c7af4d720+0x00000000000001ec]
J 3938 c1 java.lang.invoke.InnerClassLambdaMetafactory.generateInnerClass()Ljava/lang/Class; java.base@21.0.2 (506 bytes) @ 0x0000018c7b30cf64 [0x0000018c7b30c340+0x0000000000000c24]
J 2383 c1 java.lang.invoke.InnerClassLambdaMetafactory.spinInnerClass()Ljava/lang/Class; java.base@21.0.2 (118 bytes) @ 0x0000018c7b0818fc [0x0000018c7b081840+0x00000000000000bc]
J 2382 c1 java.lang.invoke.InnerClassLambdaMetafactory.buildCallSite()Ljava/lang/invoke/CallSite; java.base@21.0.2 (150 bytes) @ 0x0000018c7b080354 [0x0000018c7b080300+0x0000000000000054]
J 1898 c1 java.lang.invoke.LambdaMetafactory.metafactory(Ljava/lang/invoke/MethodHandles$Lookup;Ljava/lang/String;Ljava/lang/invoke/MethodType;Ljava/lang/invoke/MethodType;Ljava/lang/invoke/MethodHandle;Ljava/lang/invoke/MethodType;)Ljava/lang/invoke/CallSite; java.base@21.0.2 (71 bytes) @ 0x0000018c7afcab0c [0x0000018c7afca9a0+0x000000000000016c]
J 2426 c1 java.lang.invoke.LambdaForm$DMH+0x0000018c0c0fc800.invokeStatic(Ljava/lang/Object;Ljava/lang/Object;Ljava/lang/Object;Ljava/lang/Object;Ljava/lang/Object;Ljava/lang/Object;Ljava/lang/Object;)Ljava/lang/Object; java.base@21.0.2 (31 bytes) @ 0x0000018c7b099114 [0x0000018c7b0990c0+0x0000000000000054]
J 1793 c1 java.lang.invoke.BootstrapMethodInvoker.invoke(Ljava/lang/Class;Ljava/lang/invoke/MethodHandle;Ljava/lang/String;Ljava/lang/Object;Ljava/lang/Object;Ljava/lang/Class;)Ljava/lang/Object; java.base@21.0.2 (974 bytes) @ 0x0000018c7af9ef94 [0x0000018c7af9da20+0x0000000000001574]
J 1792 c1 java.lang.invoke.CallSite.makeSite(Ljava/lang/invoke/MethodHandle;Ljava/lang/String;Ljava/lang/invoke/MethodType;Ljava/lang/Object;Ljava/lang/Class;)Ljava/lang/invoke/CallSite; java.base@21.0.2 (91 bytes) @ 0x0000018c7af9bf94 [0x0000018c7af9bf40+0x0000000000000054]
J 1791 c1 java.lang.invoke.MethodHandleNatives.linkCallSiteImpl(Ljava/lang/Class;Ljava/lang/invoke/MethodHandle;Ljava/lang/String;Ljava/lang/invoke/MethodType;Ljava/lang/Object;[Ljava/lang/Object;)Ljava/lang/invoke/MemberName; java.base@21.0.2 (119 bytes) @ 0x0000018c7af9b244 [0x0000018c7af9b200+0x0000000000000044]
J 1790 c1 java.lang.invoke.MethodHandleNatives.linkCallSite(Ljava/lang/Object;Ljava/lang/Object;Ljava/lang/Object;Ljava/lang/Object;Ljava/lang/Object;[Ljava/lang/Object;)Ljava/lang/invoke/MemberName; java.base@21.0.2 (65 bytes) @ 0x0000018c7af9aa0c [0x0000018c7af9a8e0+0x000000000000012c]
v  ~StubRoutines::call_stub 0x0000018c7ab4100d
j  org.springframework.boot.autoconfigure.web.embedded.TomcatWebServerFactoryCustomizer.customize(Lorg/springframework/boot/web/embedded/tomcat/ConfigurableTomcatWebServerFactory;)V+538
j  org.springframework.boot.autoconfigure.web.embedded.TomcatWebServerFactoryCustomizer.customize(Lorg/springframework/boot/web/server/WebServerFactory;)V+5
j  org.springframework.boot.web.server.WebServerFactoryCustomizerBeanPostProcessor.lambda$postProcessBeforeInitialization$0(Lorg/springframework/boot/web/server/WebServerFactory;Lorg/springframework/boot/web/server/WebServerFactoryCustomizer;)V+2
j  org.springframework.boot.web.server.WebServerFactoryCustomizerBeanPostProcessor$$Lambda+0x0000018c0c3df308.accept(Ljava/lang/Object;)V+8
j  org.springframework.boot.util.LambdaSafe$Callbacks.lambda$invoke$0(Ljava/util/function/Consumer;Ljava/lang/Object;)Ljava/lang/Object;+2
j  org.springframework.boot.util.LambdaSafe$Callbacks$$Lambda+0x0000018c0c3df768.get()Ljava/lang/Object;+8
j  org.springframework.boot.util.LambdaSafe$LambdaSafeCallback.invoke(Ljava/lang/Object;Ljava/util/function/Supplier;)Lorg/springframework/boot/util/LambdaSafe$InvocationResult;+26
j  org.springframework.boot.util.LambdaSafe$Callbacks.lambda$invoke$1(Ljava/util/function/Consumer;Ljava/lang/Object;)V+9
j  org.springframework.boot.util.LambdaSafe$Callbacks$$Lambda+0x0000018c0c3df538.accept(Ljava/lang/Object;)V+9
j  java.util.ArrayList.forEach(Ljava/util/function/Consumer;)V+46 java.base@21.0.2
j  java.util.Collections$UnmodifiableCollection.forEach(Ljava/util/function/Consumer;)V+5 java.base@21.0.2
j  org.springframework.boot.util.LambdaSafe$Callbacks.invoke(Ljava/util/function/Consumer;)V+11
j  org.springframework.boot.web.server.WebServerFactoryCustomizerBeanPostProcessor.postProcessBeforeInitialization(Lorg/springframework/boot/web/server/WebServerFactory;)V+28
j  org.springframework.boot.web.server.WebServerFactoryCustomizerBeanPostProcessor.postProcessBeforeInitialization(Ljava/lang/Object;Ljava/lang/String;)Ljava/lang/Object;+14
j  org.springframework.beans.factory.support.AbstractAutowireCapableBeanFactory.applyBeanPostProcessorsBeforeInitialization(Ljava/lang/Object;Ljava/lang/String;)Ljava/lang/Object;+39
j  org.springframework.beans.factory.support.AbstractAutowireCapableBeanFactory.initializeBean(Ljava/lang/String;Ljava/lang/Object;Lorg/springframework/beans/factory/support/RootBeanDefinition;)Ljava/lang/Object;+24
j  org.springframework.beans.factory.support.AbstractAutowireCapableBeanFactory.doCreateBean(Ljava/lang/String;Lorg/springframework/beans/factory/support/RootBeanDefinition;[Ljava/lang/Object;)Ljava/lang/Object;+228
j  org.springframework.beans.factory.support.AbstractAutowireCapableBeanFactory.createBean(Ljava/lang/String;Lorg/springframework/beans/factory/support/RootBeanDefinition;[Ljava/lang/Object;)Ljava/lang/Object;+153
j  org.springframework.beans.factory.support.AbstractBeanFactory.lambda$doGetBean$0(Ljava/lang/String;Lorg/springframework/beans/factory/support/RootBeanDefinition;[Ljava/lang/Object;)Ljava/lang/Object;+4
j  org.springframework.beans.factory.support.AbstractBeanFactory$$Lambda+0x0000018c0c24c700.getObject()Ljava/lang/Object;+16
j  org.springframework.beans.factory.support.DefaultSingletonBeanRegistry.getSingleton(Ljava/lang/String;Lorg/springframework/beans/factory/ObjectFactory;)Ljava/lang/Object;+114
J 2977 c1 org.springframework.beans.factory.support.AbstractBeanFactory.doGetBean(Ljava/lang/String;Ljava/lang/Class;[Ljava/lang/Object;Z)Ljava/lang/Object; (740 bytes) @ 0x0000018c7b184324 [0x0000018c7b183d00+0x0000000000000624]
J 2981 c1 org.springframework.beans.factory.support.AbstractBeanFactory.getBean(Ljava/lang/String;Ljava/lang/Class;)Ljava/lang/Object; (9 bytes) @ 0x0000018c7b180a14 [0x0000018c7b1809c0+0x0000000000000054]
j  org.springframework.boot.web.servlet.context.ServletWebServerApplicationContext.getWebServerFactory()Lorg/springframework/boot/web/servlet/server/ServletWebServerFactory;+66
j  org.springframework.boot.web.servlet.context.ServletWebServerApplicationContext.createWebServer()V+31
j  org.springframework.boot.web.servlet.context.ServletWebServerApplicationContext.onRefresh()V+5
j  org.springframework.context.support.AbstractApplicationContext.refresh()V+85
j  org.springframework.boot.web.servlet.context.ServletWebServerApplicationContext.refresh()V+1
j  org.springframework.boot.SpringApplication.refresh(Lorg/springframework/context/ConfigurableApplicationContext;)V+1
j  org.springframework.boot.SpringApplication.refreshContext(Lorg/springframework/context/ConfigurableApplicationContext;)V+16
j  org.springframework.boot.SpringApplication.run([Ljava/lang/String;)Lorg/springframework/context/ConfigurableApplicationContext;+110
j  org.springframework.boot.SpringApplication.run([Ljava/lang/Class;[Ljava/lang/String;)Lorg/springframework/context/ConfigurableApplicationContext;+9
j  org.springframework.boot.SpringApplication.run(Ljava/lang/Class;[Ljava/lang/String;)Lorg/springframework/context/ConfigurableApplicationContext;+9
j  com.example.project.ProjectApplication.main([Ljava/lang/String;)V+3
v  ~StubRoutines::call_stub 0x0000018c7ab4100d

Compiled method (n/a)    5459 1594     n 0       java.lang.ClassLoader::defineClass0 (native)
 total in heap  [0x0000018c7af4de90,0x0000018c7af4e520] = 1680
 relocation     [0x0000018c7af4dff0,0x0000018c7af4e028] = 56
 main code      [0x0000018c7af4e040,0x0000018c7af4e51a] = 1242
 stub code      [0x0000018c7af4e51a,0x0000018c7af4e520] = 6

[Constant Pool (empty)]

[MachCode]
[Entry Point]
  # {method} {0x0000018c0b43c758} 'defineClass0' '(Ljava/lang/ClassLoader;Ljava/lang/Class;Ljava/lang/String;[BIILjava/security/ProtectionDomain;ZILjava/lang/Object;)Ljava/lang/Class;' in 'java/lang/ClassLoader'
  # parm0:    rdx:rdx   = 'java/lang/ClassLoader'
  # parm1:    r8:r8     = 'java/lang/Class'
  # parm2:    r9:r9     = 'java/lang/String'
  # parm3:    rdi:rdi   = '[B'
  # parm4:    rsi       = int
  # parm5:    rcx       = int
  # parm6:    [sp+0xb0]   = 'java/security/ProtectionDomain'  (sp of caller)
  # parm7:    [sp+0xb8]   = boolean
  # parm8:    [sp+0xc0]   = int
  # parm9:    [sp+0xc8]   = 'java/lang/Object'
  0x0000018c7af4e040: 448b 5208 | 49bb 0000 | 000b 8c01 | 0000 4d03 | d349 3bc2 | 0f84 0600 

  0x0000018c7af4e058: ;   {runtime_call ic_miss_stub}
  0x0000018c7af4e058: 0000 e921 | 07c4 ff90 
[Verified Entry Point]
  0x0000018c7af4e060: 8984 2400 | 80ff ff55 | 488b ec48 | 81ec a000 | 0000 6690 | 4181 7f20 | 0300 0000 

  0x0000018c7af4e07c: ;   {runtime_call StubRoutines (final stubs)}
  0x0000018c7af4e07c: 7405 e8dd | 6cc2 ff48 | 837d 2800 | 488d 4528 | 480f 4445 | 2848 8944 | 2458 4863 | 4520 4889 
  0x0000018c7af4e09c: 4424 5048 | 6345 1848 | 8944 2448 | 4883 7d10 | 0048 8d45 | 1048 0f44 | 4510 4889 | 4424 4048 
  0x0000018c7af4e0bc: 894c 2438 | 4889 7424 | 3048 897c | 2478 4883 | ff00 488d | 4424 7848 | 0f44 4424 | 7848 8944 
  0x0000018c7af4e0dc: 2428 4c89 | 4c24 7049 | 83f9 0048 | 8d44 2470 | 480f 4444 | 2470 4889 | 4424 204c | 8944 2468 
  0x0000018c7af4e0fc: 4983 f800 | 4c8d 4c24 | 684c 0f44 | 4c24 6848 | 8954 2460 | 4883 fa00 | 4c8d 4424 | 604c 0f44 
  0x0000018c7af4e11c: ;   {oop(a 'java/lang/Class'{0x00000000c92977c8} = 'java/lang/ClassLoader')}
  0x0000018c7af4e11c: 4424 6049 | bec8 7729 | c900 0000 | 004c 89b4 | 2490 0000 | 004c 8db4 | 2490 0000 | 0049 8bd6 
  0x0000018c7af4e13c: ;   {internal_word}
  0x0000018c7af4e13c: c5f8 7749 | ba3c e1f4 | 7a8c 0100 | 004d 8997 | a003 0000 | 4989 a798 

  0x0000018c7af4e154: ;   {external_word}
  0x0000018c7af4e154: 0300 0049 | baf9 45c1 | acfe 7f00 | 0041 803a | 000f 844e | 0000 0052 | 4150 4151 

  0x0000018c7af4e170: ;   {metadata({method} {0x0000018c0b43c758} 'defineClass0' '(Ljava/lang/ClassLoader;Ljava/lang/Class;Ljava/lang/String;[BIILjava/security/ProtectionDomain;ZILjava/lang/Object;)Ljava/lang/Class;' in 'java/lang/ClassLoader')}
  0x0000018c7af4e170: 48ba 50c7 | 430b 8c01 | 0000 498b | cf48 83ec | 2040 f6c4 | 0f0f 8419 | 0000 0048 

  0x0000018c7af4e18c: ;   {runtime_call}
  0x0000018c7af4e18c: 83ec 0848 | b840 0972 | acfe 7f00 | 00ff d048 | 83c4 08e9 | 0c00 0000 

  0x0000018c7af4e1a4: ;   {runtime_call}
  0x0000018c7af4e1a4: 48b8 4009 | 72ac fe7f | 0000 ffd0 | 4883 c420 | 4159 4158 | 5a49 8d8f | b803 0000 | 41c7 874c 
  0x0000018c7af4e1c4: 0400 0004 

  0x0000018c7af4e1c8: ;   {runtime_call}
  0x0000018c7af4e1c8: 0000 0048 | b81c 1536 | cafe 7f00 | 00ff d0c5 | f877 41c7 | 874c 0400 | 0005 0000 | 00f0 8344 
  0x0000018c7af4e1e8: 24c0 0049 | 3baf 5004 | 0000 0f87 | 0e00 0000 | 4183 bf48 | 0400 0000 | 0f84 2b00 | 0000 c5f8 
  0x0000018c7af4e208: 7748 8945 | f849 8bcf | 4c8b e448 | 83ec 2048 

  0x0000018c7af4e218: ;   {runtime_call}
  0x0000018c7af4e218: 83e4 f048 | b8d0 c33d | acfe 7f00 | 00ff d049 | 8be4 4d33 | e448 8b45 | f841 c787 | 4c04 0000 
  0x0000018c7af4e238: 0800 0000 | 4183 bfc8 | 0400 0002 | 0f84 a302 

  0x0000018c7af4e248: ;   {external_word}
  0x0000018c7af4e248: 0000 49ba | f945 c1ac | fe7f 0000 | 4180 3a00 | 0f84 4c00 | 0000 4889 

  0x0000018c7af4e260: ;   {metadata({method} {0x0000018c0b43c758} 'defineClass0' '(Ljava/lang/ClassLoader;Ljava/lang/Class;Ljava/lang/String;[BIILjava/security/ProtectionDomain;ZILjava/lang/Object;)Ljava/lang/Class;' in 'java/lang/ClassLoader')}
  0x0000018c7af4e260: 45f8 48ba | 50c7 430b | 8c01 0000 | 498b cf48 | 83ec 2040 | f6c4 0f0f | 8419 0000 | 0048 83ec 
  0x0000018c7af4e280: ;   {runtime_call}
  0x0000018c7af4e280: 0848 b840 | 0972 acfe | 7f00 00ff | d048 83c4 | 08e9 0c00 

  0x0000018c7af4e294: ;   {runtime_call}
  0x0000018c7af4e294: 0000 48b8 | 4009 72ac | fe7f 0000 | ffd0 4883 | c420 488b | 45f8 49c7 | 8798 0300 | 0000 0000 
  0x0000018c7af4e2b4: 0049 c787 | a003 0000 | 0000 0000 | c5f8 7748 | 85c0 0f84 | fe01 0000 | a803 0f85 | 0800 0000 
  0x0000018c7af4e2d4: 488b 00e9 | ee01 0000 | a801 0f85 | 0900 0000 | 488b 40fe | e9dd 0100 | 0048 8b40 | ff41 807f 
  0x0000018c7af4e2f4: 4000 0f84 | ce01 0000 | 4883 f800 | 0f84 c401 | 0000 498b | 4f28 4883 | f900 0f84 | 1400 0000 
  0x0000018c7af4e314: 4883 e908 | 4989 4f28 | 4903 4f38 | 4889 01e9 | a201 0000 | 4881 ecd0 | 0000 0048 | 8904 2448 
  0x0000018c7af4e334: 894c 2408 | 4889 5424 | 1048 8974 | 2418 4889 | 7c24 204c | 8944 2428 | 4c89 4c24 | 304c 8954 
  0x0000018c7af4e354: 2438 4c89 | 5c24 40c5 | fb11 4424 | 50c5 fb11 | 4c24 58c5 | fb11 5424 | 60c5 fb11 | 5c24 68c5 
  0x0000018c7af4e374: fb11 6424 | 70c5 fb11 | 6c24 78c5 | fb11 b424 | 8000 0000 | c5fb 11bc | 2488 0000 | 00c5 7b11 
  0x0000018c7af4e394: ;   {no_reloc}
  0x0000018c7af4e394: 8424 9000 | 0000 c57b | 118c 2498 | 0000 00c5 | 7b11 9424 | a000 0000 | c57b 119c | 24a8 0000 
  0x0000018c7af4e3b4: 00c5 7b11 | a424 b000 | 0000 c57b | 11ac 24b8 | 0000 00c5 | 7b11 b424 | c000 0000 | c57b 11bc 
  0x0000018c7af4e3d4: 24c8 0000 | 0049 8bd7 | 488b c848 | 83ec 2040 | f6c4 0f0f | 8419 0000 | 0048 83ec 

  0x0000018c7af4e3f0: ;   {runtime_call}
  0x0000018c7af4e3f0: 0848 b890 | 2631 acfe | 7f00 00ff | d048 83c4 | 08e9 0c00 

  0x0000018c7af4e404: ;   {runtime_call}
  0x0000018c7af4e404: 0000 48b8 | 9026 31ac | fe7f 0000 | ffd0 4883 | c420 c57b | 10bc 24c8 | 0000 00c5 | 7b10 b424 
  0x0000018c7af4e424: c000 0000 | c57b 10ac | 24b8 0000 | 00c5 7b10 | a424 b000 | 0000 c57b | 109c 24a8 | 0000 00c5 
  0x0000018c7af4e444: 7b10 9424 | a000 0000 | c57b 108c | 2498 0000 | 00c5 7b10 | 8424 9000 | 0000 c5fb | 10bc 2488 
  0x0000018c7af4e464: 0000 00c5 | fb10 b424 | 8000 0000 | c5fb 106c | 2478 c5fb | 1064 2470 | c5fb 105c | 2468 c5fb 
  0x0000018c7af4e484: 1054 2460 | c5fb 104c | 2458 c5fb | 1044 2450 | 4c8b 5c24 | 404c 8b54 | 2438 4c8b | 4c24 304c 
  0x0000018c7af4e4a4: 8b44 2428 | 488b 7c24 | 2048 8b74 | 2418 488b | 5424 1048 | 8b4c 2408 | 488b 0424 | 4881 c4d0 
  0x0000018c7af4e4c4: 0000 00c5 | f877 498b | 8f28 0400 | 00c7 8100 | 0100 0000 | 0000 00c9 | 4983 7f08 | 000f 8501 
  0x0000018c7af4e4e4: 0000 00c3 

  0x0000018c7af4e4e8: ;   {runtime_call StubRoutines (initial stubs)}
  0x0000018c7af4e4e8: e913 2abf | ffc5 f877 | 4889 45f8 | 4c8b e448 | 83ec 2048 

  0x0000018c7af4e4fc: ;   {runtime_call}
  0x0000018c7af4e4fc: 83e4 f048 | b870 4172 | acfe 7f00 | 00ff d049 | 8be4 4d33 | e448 8b45 | f8e9 30fd | ffff f4f4 
  0x0000018c7af4e51c: f4f4 f4f4 
[/MachCode]


Compiled method (c1)    5475 1593       1       java.lang.System$2::defineClass (21 bytes)
 total in heap  [0x0000018c7af4d190,0x0000018c7af4d4e0] = 848
 relocation     [0x0000018c7af4d2f0,0x0000018c7af4d328] = 56
 main code      [0x0000018c7af4d340,0x0000018c7af4d420] = 224
 stub code      [0x0000018c7af4d420,0x0000018c7af4d460] = 64
 metadata       [0x0000018c7af4d460,0x0000018c7af4d468] = 8
 scopes data    [0x0000018c7af4d468,0x0000018c7af4d488] = 32
 scopes pcs     [0x0000018c7af4d488,0x0000018c7af4d4c8] = 64
 dependencies   [0x0000018c7af4d4c8,0x0000018c7af4d4d0] = 8
 nul chk table  [0x0000018c7af4d4d0,0x0000018c7af4d4e0] = 16

[Constant Pool (empty)]

[MachCode]
[Entry Point]
  # {method} {0x0000018c0b019490} 'defineClass' '(Ljava/lang/ClassLoader;Ljava/lang/Class;Ljava/lang/String;[BLjava/security/ProtectionDomain;ZILjava/lang/Object;)Ljava/lang/Class;' in 'java/lang/System$2'
  # this:     rdx:rdx   = 'java/lang/System$2'
  # parm0:    r8:r8     = 'java/lang/ClassLoader'
  # parm1:    r9:r9     = 'java/lang/Class'
  # parm2:    rdi:rdi   = 'java/lang/String'
  # parm3:    rsi:rsi   = '[B'
  # parm4:    rcx:rcx   = 'java/security/ProtectionDomain'
  # parm5:    [sp+0x70]   = boolean  (sp of caller)
  # parm6:    [sp+0x78]   = int
  # parm7:    [sp+0x80]   = 'java/lang/Object'
  0x0000018c7af4d340: 448b 5208 | 49bb 0000 | 000b 8c01 | 0000 4d03 | d34c 3bd0 

  0x0000018c7af4d354: ;   {runtime_call ic_miss_stub}
  0x0000018c7af4d354: 0f85 2614 | c4ff 660f | 1f44 0000 
[Verified Entry Point]
  0x0000018c7af4d360: 8984 2400 | 80ff ff55 | 4883 ec60 | 4181 7f20 | 0300 0000 

  0x0000018c7af4d374: ;   {runtime_call StubRoutines (final stubs)}
  0x0000018c7af4d374: 7405 e8e5 | 79c2 ff48 | 8bd9 4c8b | ac24 8000 | 0000 448b | 5c24 788b | 4424 708b | 4e0c 498b 
  0x0000018c7af4d394: d04d 8bc1 | 4c8b cf48 | 8bfe be00 | 0000 0048 | 891c 2489 | 4424 0844 | 895c 2410 | 4c89 6c24 
  0x0000018c7af4d3b4: ;   {static_call}
  0x0000018c7af4d3b4: 1866 90e8 

  0x0000018c7af4d3b8: ; ImmutableOopMap {}
                      ;*invokestatic defineClass0 {reexecute=0 rethrow=0 return_oop=0}
                      ; - java.lang.System$2::defineClass@17 (line 2394)
  0x0000018c7af4d3b8: a40c 0000 

  0x0000018c7af4d3bc: ;   {other}
  0x0000018c7af4d3bc: 0f1f 8400 | 2c02 0000 | 4883 c460 

  0x0000018c7af4d3c8: ;   {poll_return}
  0x0000018c7af4d3c8: 5d49 3ba7 | 5004 0000 | 0f87 0600 

  0x0000018c7af4d3d4: ;   {runtime_call throw_null_pointer_exception Runtime1 stub}
  0x0000018c7af4d3d4: 0000 c3e8 

  0x0000018c7af4d3d8: ; ImmutableOopMap {r8=Oop r9=Oop rdi=Oop rsi=Oop rbx=Oop r13=Oop [128]=Oop }
                      ;*arraylength {reexecute=0 rethrow=0 return_oop=0}
                      ; - java.lang.System$2::defineClass@8 (line 2394)
  0x0000018c7af4d3d8: 2440 cfff 

  0x0000018c7af4d3dc: ;   {internal_word}
  0x0000018c7af4d3dc: 49ba c9d3 | f47a 8c01 | 0000 4d89 | 9768 0400 

  0x0000018c7af4d3ec: ;   {runtime_call SafepointBlob}
  0x0000018c7af4d3ec: 00e9 0e83 | c4ff 498b | 8700 0500 | 0049 c787 | 0005 0000 | 0000 0000 | 49c7 8708 | 0500 0000 
  0x0000018c7af4d40c: 0000 0048 | 83c4 605d 

  0x0000018c7af4d414: ;   {runtime_call unwind_exception Runtime1 stub}
  0x0000018c7af4d414: e9e7 30cf | fff4 f4f4 | f4f4 f4f4 
[Stub Code]
  0x0000018c7af4d420: ;   {no_reloc}
  0x0000018c7af4d420: 48bb 0000 | 0000 0000 

  0x0000018c7af4d428: ;   {runtime_call}
  0x0000018c7af4d428: 0000 e9fb 

  0x0000018c7af4d42c: ;   {runtime_call handle_exception_from_callee Runtime1 stub}
  0x0000018c7af4d42c: ffff ffe8 | 4c67 cfff 

  0x0000018c7af4d434: ;   {external_word}
  0x0000018c7af4d434: 48b9 0048 | 99ac fe7f | 0000 4883 

  0x0000018c7af4d440: ;   {runtime_call}
  0x0000018c7af4d440: e4f0 48b8 | 4024 61ac | fe7f 0000 

  0x0000018c7af4d44c: ;   {section_word}
  0x0000018c7af4d44c: ffd0 f449 | ba4f d4f4 | 7a8c 0100 

  0x0000018c7af4d458: ;   {runtime_call DeoptimizationBlob}
  0x0000018c7af4d458: 0041 52e9 | 4075 c4ff 
[/MachCode]


Compiled method (c1)    5480 1592   !   1       java.lang.invoke.MethodHandles$Lookup$ClassDefiner::defineClass (213 bytes)
 total in heap  [0x0000018c7af4d510,0x0000018c7af4de40] = 2352
 relocation     [0x0000018c7af4d670,0x0000018c7af4d708] = 152
 main code      [0x0000018c7af4d720,0x0000018c7af4dae8] = 968
 stub code      [0x0000018c7af4dae8,0x0000018c7af4db60] = 120
 metadata       [0x0000018c7af4db60,0x0000018c7af4dba8] = 72
 scopes data    [0x0000018c7af4dba8,0x0000018c7af4dca8] = 256
 scopes pcs     [0x0000018c7af4dca8,0x0000018c7af4dda8] = 256
 dependencies   [0x0000018c7af4dda8,0x0000018c7af4ddb8] = 16
 handler table  [0x0000018c7af4ddb8,0x0000018c7af4de00] = 72
 nul chk table  [0x0000018c7af4de00,0x0000018c7af4de40] = 64

[Constant Pool (empty)]

[MachCode]
[Entry Point]
  # {method} {0x0000018c0b1ef338} 'defineClass' '(ZLjava/lang/Object;)Ljava/lang/Class;' in 'java/lang/invoke/MethodHandles$Lookup$ClassDefiner'
  # this:     rdx:rdx   = 'java/lang/invoke/MethodHandles$Lookup$ClassDefiner'
  # parm0:    r8        = boolean
  # parm1:    r9:r9     = 'java/lang/Object'
  #           [sp+0xf0]  (sp of caller)
  0x0000018c7af4d720: 448b 5208 | 49bb 0000 | 000b 8c01 | 0000 4d03 | d34c 3bd0 

  0x0000018c7af4d734: ;   {runtime_call ic_miss_stub}
  0x0000018c7af4d734: 0f85 4610 | c4ff 660f | 1f44 0000 
[Verified Entry Point]
  0x0000018c7af4d740: 8984 2400 | 80ff ff55 | 4881 ece0 | 0000 0090 | 4181 7f20 | 0300 0000 

  0x0000018c7af4d758: ;   {runtime_call StubRoutines (final stubs)}
  0x0000018c7af4d758: 7405 e801 | 76c2 ff48 | 8994 2498 | 0000 0044 | 8984 24b0 | 0000 004c | 898c 24b8 | 0000 008b 
  0x0000018c7af4d778: 7210 4889 | b424 9000 | 0000 8b7e | 1048 89bc | 24a8 0000 | 008b 5f34 | 4885 db0f | 850a 0000 
  0x0000018c7af4d798: ;   {oop(nullptr)}
  0x0000018c7af4d798: 0048 bb00 | 0000 0000 | 0000 0048 | 85db 0f84 | ac00 0000 | 8b46 1848 | 85c0 4889 | 9c24 a000 
  0x0000018c7af4d7b8: 0000 0f85 | aa00 0000 

  0x0000018c7af4d7c0: ;   {oop(a 'java/lang/Class'{0x00000000c90de828} = 'jdk/internal/access/SharedSecrets')}
  0x0000018c7af4d7c0: 48b8 28e8 | 0dc9 0000 | 0000 8b40 | 7c8b 4e10 | 4885 c00f | 842a 0000 

  0x0000018c7af4d7d8: ;   {metadata('java/lang/System$2')}
  0x0000018c7af4d7d8: 0048 be88 | 8101 0b8c | 0100 0044 | 8b70 0849 | ba00 0000 | 0b8c 0100 | 004d 03f2 | 493b 7638 
  0x0000018c7af4d7f8: 0f85 3d02 | 0000 e900 | 0000 004c | 8bd8 483b | 0048 3b01 

  0x0000018c7af4d80c: ;   {optimized virtual_call}
  0x0000018c7af4d80c: 488b d1e8 

  0x0000018c7af4d810: ; ImmutableOopMap {[144]=Oop [152]=Oop [160]=Oop [168]=Oop [184]=Oop }
                      ;*invokevirtual protectionDomain {reexecute=0 rethrow=0 return_oop=0}
                      ; - java.lang.System$2::protectionDomain@1 (line 2518)
                      ; - java.lang.invoke.MethodHandles$Lookup::lookupClassProtectionDomain@17 (line 2544)
                      ; - java.lang.invoke.MethodHandles$Lookup$ClassDefiner::defineClass@23 (line 2501)
  0x0000018c7af4d810: ac9c 1600 

  0x0000018c7af4d814: ;   {other}
  0x0000018c7af4d814: 0f1f 8400 | 0403 0000 | 450f be47 | 4045 85c0 | 488b b424 | 9000 0000 | 0f85 1802 | 0000 4c8b 
  0x0000018c7af4d834: d044 8956 | 18f0 8344 | 24c0 004c | 8bc6 4c33 | c049 c1e8 | 1449 83f8 | 000f 8513 | 0200 00e9 
  0x0000018c7af4d854: 1200 0000 | 4889 9c24 | a000 0000 

  0x0000018c7af4d860: ;   {oop(nullptr)}
  0x0000018c7af4d860: 48b8 0000 | 0000 0000 | 0000 488b | 9c24 a000 | 0000 488b | bc24 a800 | 0000 488b | 9424 9800 
  0x0000018c7af4d880: ;   {oop(a 'java/lang/Class'{0x00000000c90de828} = 'jdk/internal/access/SharedSecrets')}
  0x0000018c7af4d880: 0000 49b8 | 28e8 0dc9 | 0000 0000 | 458b 707c | 8b72 148b | 4a18 448b | 4a0c 4d85 | f60f 842a 
  0x0000018c7af4d8a0: ;   {metadata('java/lang/System$2')}
  0x0000018c7af4d8a0: 0000 0049 | bb88 8101 | 0b8c 0100 | 0045 8b6e | 0849 ba00 | 0000 0b8c | 0100 004d | 03ea 4d3b 
  0x0000018c7af4d8c0: 5d38 0f85 | b601 0000 | e900 0000 | 004d 8bc6 

  0x0000018c7af4d8d0: ; implicit exception: dispatches to 0x0000018c7af4da83
  0x0000018c7af4d8d0: 493b 064c | 8bc3 498b | d14c 8bcf | 488b fe48 | 8bf1 488b | c88b 8424 | b000 0000 | 8904 2489 
  0x0000018c7af4d8f0: 5424 0848 | 8b94 24b8 | 0000 0048 | 8954 2410 | 498b d60f 

  0x0000018c7af4d904: ;   {optimized virtual_call}
  0x0000018c7af4d904: 1f40 00e8 

  0x0000018c7af4d908: ; ImmutableOopMap {[152]=Oop [168]=Oop }
                      ;*invokeinterface defineClass {reexecute=0 rethrow=0 return_oop=0}
                      ; - java.lang.invoke.MethodHandles$Lookup$ClassDefiner::defineClass@57 (line 2505)
  0x0000018c7af4d908: 54fa ffff 

  0x0000018c7af4d90c: ;   {other}
  0x0000018c7af4d90c: 0f1f 8400 | fc03 0001 | 488b 9424 | 9800 0000 | 8b72 1c44 | 0fbe 460c | 4183 e001 | 4585 c00f 
  0x0000018c7af4d92c: 84bb 0000 | 008b 7a14 | 4885 c00f | 8485 0000 | 00e9 3d00 | 0000 488b | 9424 9800 | 0000 498b 
  0x0000018c7af4d94c: 8700 0500 | 004d 33d2 | 4d89 9700 | 0500 004d | 33d2 4d89 | 9708 0500 | 008b 721c 

  0x0000018c7af4d968: ; implicit exception: dispatches to 0x0000018c7af4da8d
  0x0000018c7af4d968: 440f be46 | 0c41 83e0 | 0145 85c0 | 0f84 b200 | 0000 e983 | 0000 008b | 5218 4c8b | c74c 8bc8 
  0x0000018c7af4d988: 488b fa48 | 8bd6 4889 | 8424 c000 

  0x0000018c7af4d994: ;   {optimized virtual_call}
  0x0000018c7af4d994: 0000 90e8 

  0x0000018c7af4d998: ; ImmutableOopMap {[192]=Oop }
                      ;*invokevirtual dumpClass {reexecute=0 rethrow=0 return_oop=0}
                      ; - java.lang.invoke.MethodHandles$Lookup$ClassDefiner::defineClass@134 (line 2513)
  0x0000018c7af4d998: e410 c4ff 

  0x0000018c7af4d99c: ;   {other}
  0x0000018c7af4d99c: 0f1f 8400 | 8c04 0002 | 488b 8424 | c000 0000 | 4881 c4e0 | 0000 005d 

  0x0000018c7af4d9b4: ;   {poll_return}
  0x0000018c7af4d9b4: 493b a750 | 0400 000f | 87d1 0000 | 00c3 4889 | 8424 c000 | 0000 448b | 4a18 4c8b | c748 8bd6 
  0x0000018c7af4d9d4: ;   {optimized virtual_call}
  0x0000018c7af4d9d4: 6666 90e8 

  0x0000018c7af4d9d8: ; ImmutableOopMap {[192]=Oop }
                      ;*invokevirtual dumpFailedClass {reexecute=0 rethrow=0 return_oop=0}
                      ; - java.lang.invoke.MethodHandles$Lookup$ClassDefiner::defineClass@150 (line 2515)
  0x0000018c7af4d9d8: a410 c4ff 

  0x0000018c7af4d9dc: ;   {other}
  0x0000018c7af4d9dc: 0f1f 8400 | cc04 0003 | 488b 8424 | c000 0000 | 4881 c4e0 | 0000 005d 

  0x0000018c7af4d9f4: ;   {poll_return}
  0x0000018c7af4d9f4: 493b a750 | 0400 000f | 87a7 0000 | 00c3 4889 | 8424 c800 | 0000 448b | 4214 448b | 4a18 488b 
  0x0000018c7af4da14: ;   {optimized virtual_call}
  0x0000018c7af4da14: d666 90e8 

  0x0000018c7af4da18: ; ImmutableOopMap {[200]=Oop }
                      ;*invokevirtual dumpFailedClass {reexecute=0 rethrow=0 return_oop=0}
                      ; - java.lang.invoke.MethodHandles$Lookup$ClassDefiner::defineClass@207 (line 2515)
  0x0000018c7af4da18: 6410 c4ff 

  0x0000018c7af4da1c: ;   {other}
  0x0000018c7af4da1c: 0f1f 8400 | 0c05 0004 | 488b 8424 | c800 0000 | e9aa 0000 

  0x0000018c7af4da30: ;   {runtime_call throw_null_pointer_exception Runtime1 stub}
  0x0000018c7af4da30: 00e8 ca39 

  0x0000018c7af4da34: ; ImmutableOopMap {rdx=Oop r9=Oop rsi=Oop [144]=Oop [152]=Oop [184]=Oop }
                      ;*invokevirtual lookupClass {reexecute=0 rethrow=0 return_oop=0}
                      ; - java.lang.invoke.MethodHandles$Lookup$ClassDefiner::defineClass@4 (line 2499)
                      ;   {runtime_call throw_null_pointer_exception Runtime1 stub}
  0x0000018c7af4da34: cfff e8c5 

  0x0000018c7af4da38: ; ImmutableOopMap {rdx=Oop r9=Oop rsi=Oop rdi=Oop [144]=Oop [152]=Oop [168]=Oop [184]=Oop }
                      ;*invokevirtual getClassLoader {reexecute=0 rethrow=0 return_oop=0}
                      ; - java.lang.invoke.MethodHandles$Lookup$ClassDefiner::defineClass@9 (line 2500)
                      ;   {runtime_call throw_incompatible_class_change_error Runtime1 stub}
  0x0000018c7af4da38: 39cf ffe8 

  0x0000018c7af4da3c: ; ImmutableOopMap {rax=Oop rcx=Oop [144]=Oop [152]=Oop [160]=Oop [168]=Oop [184]=Oop }
                      ;*invokeinterface protectionDomain {reexecute=0 rethrow=0 return_oop=0}
                      ; - java.lang.invoke.MethodHandles$Lookup::lookupClassProtectionDomain@17 (line 2544)
                      ; - java.lang.invoke.MethodHandles$Lookup$ClassDefiner::defineClass@23 (line 2501)
  0x0000018c7af4da3c: 406a cfff 

  0x0000018c7af4da40: ;   {runtime_call throw_null_pointer_exception Runtime1 stub}
  0x0000018c7af4da40: e8bb 39cf 

  0x0000018c7af4da44: ; ImmutableOopMap {rcx=Oop [144]=Oop [152]=Oop [160]=Oop [168]=Oop [184]=Oop }
                      ;*invokeinterface protectionDomain {reexecute=0 rethrow=0 return_oop=0}
                      ; - java.lang.invoke.MethodHandles$Lookup::lookupClassProtectionDomain@17 (line 2544)
                      ; - java.lang.invoke.MethodHandles$Lookup$ClassDefiner::defineClass@23 (line 2501)
                      ;   {runtime_call throw_null_pointer_exception Runtime1 stub}
  0x0000018c7af4da44: ffe8 b639 

  0x0000018c7af4da48: ; ImmutableOopMap {rcx=Oop [144]=Oop [152]=Oop [160]=Oop [168]=Oop [184]=Oop }
                      ;*invokevirtual protectionDomain {reexecute=0 rethrow=0 return_oop=0}
                      ; - java.lang.System$2::protectionDomain@1 (line 2518)
                      ; - java.lang.invoke.MethodHandles$Lookup::lookupClassProtectionDomain@17 (line 2544)
                      ; - java.lang.invoke.MethodHandles$Lookup$ClassDefiner::defineClass@23 (line 2501)
  0x0000018c7af4da48: cfff 448b | 4618 4983 | f800 0f84 | dafd ffff | 4c89 0424 

  0x0000018c7af4da5c: ;   {runtime_call g1_pre_barrier_slow}
  0x0000018c7af4da5c: e81f 9acf | ffe9 ccfd | ffff 4883 | f800 0f84 | e3fd ffff | 4889 3424 

  0x0000018c7af4da74: ;   {runtime_call g1_post_barrier_slow}
  0x0000018c7af4da74: e807 9dcf | ffe9 d5fd 

  0x0000018c7af4da7c: ;   {runtime_call throw_incompatible_class_change_error Runtime1 stub}
  0x0000018c7af4da7c: ffff e8fd 

  0x0000018c7af4da80: ; ImmutableOopMap {rax=Oop rdi=Oop rbx=Oop r14=Oop rsi=Oop rcx=Oop [152]=Oop [168]=Oop [184]=Oop }
                      ;*invokeinterface defineClass {reexecute=0 rethrow=0 return_oop=0}
                      ; - java.lang.invoke.MethodHandles$Lookup$ClassDefiner::defineClass@57 (line 2505)
                      ;   {runtime_call throw_null_pointer_exception Runtime1 stub}
  0x0000018c7af4da80: 69cf ffe8 

  0x0000018c7af4da84: ; ImmutableOopMap {rax=Oop rdi=Oop rbx=Oop r14=Oop rsi=Oop rcx=Oop [152]=Oop [168]=Oop [184]=Oop }
                      ;*invokeinterface defineClass {reexecute=0 rethrow=0 return_oop=0}
                      ; - java.lang.invoke.MethodHandles$Lookup$ClassDefiner::defineClass@57 (line 2505)
  0x0000018c7af4da84: 7839 cfff 

  0x0000018c7af4da88: ;   {runtime_call throw_null_pointer_exception Runtime1 stub}
  0x0000018c7af4da88: e873 39cf 

  0x0000018c7af4da8c: ; ImmutableOopMap {rax=Oop rdx=Oop rsi=Oop [152]=Oop }
                      ;*invokevirtual isEnabled {reexecute=0 rethrow=0 return_oop=0}
                      ; - java.lang.invoke.MethodHandles$Lookup$ClassDefiner::defineClass@105 (line 2510)
                      ;   {runtime_call throw_null_pointer_exception Runtime1 stub}
  0x0000018c7af4da8c: ffe8 6e39 

  0x0000018c7af4da90: ; ImmutableOopMap {rdx=Oop rax=Oop rsi=Oop [152]=Oop }
                      ;*invokevirtual isEnabled {reexecute=0 rethrow=0 return_oop=0}
                      ; - java.lang.invoke.MethodHandles$Lookup$ClassDefiner::defineClass@162 (line 2510)
                      ;   {internal_word}
  0x0000018c7af4da90: cfff 49ba | b4d9 f47a | 8c01 0000 | 4d89 9768 

  0x0000018c7af4daa0: ;   {runtime_call SafepointBlob}
  0x0000018c7af4daa0: 0400 00e9 | 587c c4ff 

  0x0000018c7af4daa8: ;   {internal_word}
  0x0000018c7af4daa8: 49ba f4d9 | f47a 8c01 | 0000 4d89 | 9768 0400 

  0x0000018c7af4dab8: ;   {runtime_call SafepointBlob}
  0x0000018c7af4dab8: 00e9 427c | c4ff 498b | 8700 0500 | 0049 c787 | 0005 0000 | 0000 0000 | 49c7 8708 | 0500 0000 
  0x0000018c7af4dad8: 0000 0048 | 81c4 e000 

  0x0000018c7af4dae0: ;   {runtime_call unwind_exception Runtime1 stub}
  0x0000018c7af4dae0: 0000 5de9 | 182a cfff 
[Stub Code]
  0x0000018c7af4dae8: ;   {no_reloc}
  0x0000018c7af4dae8: 0f1f 4400 

  0x0000018c7af4daec: ;   {static_stub}
  0x0000018c7af4daec: 0048 bb00 | 0000 0000 

  0x0000018c7af4daf4: ;   {runtime_call}
  0x0000018c7af4daf4: 0000 00e9 | fbff ffff 

  0x0000018c7af4dafc: ;   {static_stub}
  0x0000018c7af4dafc: 48bb 68f9 | 460b 8c01 

  0x0000018c7af4db04: ;   {runtime_call I2C/C2I adapters}
  0x0000018c7af4db04: 0000 e958 

  0x0000018c7af4db08: ;   {static_stub}
  0x0000018c7af4db08: 59c4 ff48 | bb00 0000 | 0000 0000 

  0x0000018c7af4db14: ;   {runtime_call}
  0x0000018c7af4db14: 00e9 fbff 

  0x0000018c7af4db18: ;   {static_stub}
  0x0000018c7af4db18: ffff 48bb | 0000 0000 | 0000 0000 

  0x0000018c7af4db24: ;   {runtime_call}
  0x0000018c7af4db24: e9fb ffff 

  0x0000018c7af4db28: ;   {runtime_call handle_exception_from_callee Runtime1 stub}
  0x0000018c7af4db28: ffe8 5260 

  0x0000018c7af4db2c: ;   {external_word}
  0x0000018c7af4db2c: cfff 48b9 | 0048 99ac | fe7f 0000 | 4883 e4f0 

  0x0000018c7af4db3c: ;   {runtime_call}
  0x0000018c7af4db3c: 48b8 4024 | 61ac fe7f | 0000 ffd0 

  0x0000018c7af4db48: ;   {section_word}
  0x0000018c7af4db48: f449 ba49 | dbf4 7a8c | 0100 0041 

  0x0000018c7af4db54: ;   {runtime_call DeoptimizationBlob}
  0x0000018c7af4db54: 52e9 466e | c4ff f4f4 | f4f4 f4f4 
[/MachCode]


---------------  P R O C E S S  ---------------

Threads class SMR info:
_java_thread_list=0x0000018c50d3d890, length=15, elements={
0x0000018c7aa86f50, 0x0000018c0a4d96a0, 0x0000018c0a4da770, 0x0000018c0a4e2760,
0x0000018c0a4e4b40, 0x0000018c0a4e6310, 0x0000018c0a4e6f20, 0x0000018c0a4e86f0,
0x0000018c0a4bcb10, 0x0000018c0a6fa460, 0x0000018c50069fe0, 0x0000018c5006a650,
0x0000018c501f1d00, 0x0000018c50254220, 0x0000018c502b5730
}

Java Threads: ( => current thread )
=>0x0000018c7aa86f50 JavaThread "main"                              [_thread_in_vm, id=1396, stack(0x0000008b78300000,0x0000008b78400000) (1024K)]
  0x0000018c0a4d96a0 JavaThread "Reference Handler"          daemon [_thread_blocked, id=10184, stack(0x0000008b78b00000,0x0000008b78c00000) (1024K)]
  0x0000018c0a4da770 JavaThread "Finalizer"                  daemon [_thread_blocked, id=7628, stack(0x0000008b78c00000,0x0000008b78d00000) (1024K)]
  0x0000018c0a4e2760 JavaThread "Signal Dispatcher"          daemon [_thread_blocked, id=7664, stack(0x0000008b78d00000,0x0000008b78e00000) (1024K)]
  0x0000018c0a4e4b40 JavaThread "Attach Listener"            daemon [_thread_blocked, id=6516, stack(0x0000008b78e00000,0x0000008b78f00000) (1024K)]
  0x0000018c0a4e6310 JavaThread "Service Thread"             daemon [_thread_blocked, id=3108, stack(0x0000008b78f00000,0x0000008b79000000) (1024K)]
  0x0000018c0a4e6f20 JavaThread "Monitor Deflation Thread"   daemon [_thread_blocked, id=3980, stack(0x0000008b79000000,0x0000008b79100000) (1024K)]
  0x0000018c0a4e86f0 JavaThread "C1 CompilerThread0"         daemon [_thread_blocked, id=2484, stack(0x0000008b79100000,0x0000008b79200000) (1024K)]
  0x0000018c0a4bcb10 JavaThread "Common-Cleaner"             daemon [_thread_blocked, id=4928, stack(0x0000008b79200000,0x0000008b79300000) (1024K)]
  0x0000018c0a6fa460 JavaThread "C1 CompilerThread1"         daemon [_thread_blocked, id=4352, stack(0x0000008b79300000,0x0000008b79400000) (1024K)]
  0x0000018c50069fe0 JavaThread "Monitor Ctrl-Break"         daemon [_thread_in_native, id=8604, stack(0x0000008b79400000,0x0000008b79500000) (1024K)]
  0x0000018c5006a650 JavaThread "Notification Thread"        daemon [_thread_blocked, id=8272, stack(0x0000008b79500000,0x0000008b79600000) (1024K)]
  0x0000018c501f1d00 JavaThread "RMI TCP Accept-0"           daemon [_thread_in_native, id=3500, stack(0x0000008b79a00000,0x0000008b79b00000) (1024K)]
  0x0000018c50254220 JavaThread "RMI TCP Connection(1)-192.168.1.67" daemon [_thread_in_native, id=972, stack(0x0000008b79900000,0x0000008b79a00000) (1024K)]
  0x0000018c502b5730 JavaThread "RMI Scheduler(0)"           daemon [_thread_blocked, id=6528, stack(0x0000008b79b00000,0x0000008b79c00000) (1024K)]
Total: 15

Other Threads:
  0x0000018c0a4c0010 VMThread "VM Thread"                           [id=2572, stack(0x0000008b78a00000,0x0000008b78b00000) (1024K)]
  0x0000018c7ab27870 WatcherThread "VM Periodic Task Thread"        [id=7352, stack(0x0000008b78900000,0x0000008b78a00000) (1024K)]
  0x0000018c7aabb590 WorkerThread "GC Thread#0"                     [id=8808, stack(0x0000008b78400000,0x0000008b78500000) (1024K)]
  0x0000018c5013cb50 WorkerThread "GC Thread#1"                     [id=932, stack(0x0000008b79600000,0x0000008b79700000) (1024K)]
  0x0000018c50152d50 WorkerThread "GC Thread#2"                     [id=9648, stack(0x0000008b79700000,0x0000008b79800000) (1024K)]
  0x0000018c50156110 WorkerThread "GC Thread#3"                     [id=8820, stack(0x0000008b79800000,0x0000008b79900000) (1024K)]
  0x0000018c7aac32c0 ConcurrentGCThread "G1 Main Marker"            [id=1512, stack(0x0000008b78500000,0x0000008b78600000) (1024K)]
  0x0000018c7aac3e80 WorkerThread "G1 Conc#0"                       [id=8412, stack(0x0000008b78600000,0x0000008b78700000) (1024K)]
  0x0000018c7ab15e40 ConcurrentGCThread "G1 Refine#0"               [id=2456, stack(0x0000008b78700000,0x0000008b78800000) (1024K)]
  0x0000018c7ab17630 ConcurrentGCThread "G1 Service"                [id=8076, stack(0x0000008b78800000,0x0000008b78900000) (1024K)]
Total: 10

Threads with active compile tasks:
Total: 0

VM state: not at safepoint (normal execution)

VM Mutex/Monitor currently owned by a thread:  ([mutex/lock_event])
[0x00007ffeacc2ace8] Metaspace_lock - owner thread: 0x0000018c7aa86f50

Heap address: 0x00000000c8e00000, size: 882 MB, Compressed Oops mode: 32-bit

CDS archive(s) mapped at: [0x0000018c0b000000-0x0000018c0bc90000-0x0000018c0bc90000), size 13172736, SharedBaseAddress: 0x0000018c0b000000, ArchiveRelocationMode: 1.
Compressed class space mapped at: 0x0000018c0c000000-0x0000018c4c000000, reserved size: 1073741824
Narrow klass base: 0x0000018c0b000000, Narrow klass shift: 0, Narrow klass range: 0x100000000

GC Precious Log:
 CardTable entry size: 512
 Card Set container configuration: InlinePtr #cards 5 size 8 Array Of Cards #cards 12 size 40 Howl #buckets 4 coarsen threshold 1843 Howl Bitmap #cards 512 size 80 coarsen threshold 460 Card regions per heap region 1 cards per card region 2048
 CPUs: 4 total, 4 available
 Memory: 3522M
 Large Page Support: Disabled
 NUMA Support: Disabled
 Compressed Oops: Enabled (32-bit)
 Heap Region Size: 1M
 Heap Min Capacity: 8M
 Heap Initial Capacity: 56M
 Heap Max Capacity: 882M
 Pre-touch: Disabled
 Parallel Workers: 4
 Concurrent Workers: 1
 Concurrent Refinement Workers: 4
 Periodic GC: Disabled

Heap:
 garbage-first heap   total 51200K, used 33082K [0x00000000c8e00000, 0x0000000100000000)
  region size 1024K, 21 young (21504K), 4 survivors (4096K)
 Metaspace       used 27733K, committed 28224K, reserved 1114112K
  class space    used 3837K, committed 4032K, reserved 1048576K

Heap Regions: E=young(eden), S=young(survivor), O=old, HS=humongous(starts), HC=humongous(continues), CS=collection set, F=free, TAMS=top-at-mark-start, PB=parsable bottom
|   0|0x00000000c8e00000, 0x00000000c8f00000, 0x00000000c8f00000|100%|HS|  |TAMS 0x00000000c8e00000| PB 0x00000000c8e00000| Complete 
|   1|0x00000000c8f00000, 0x00000000c9000000, 0x00000000c9000000|100%| O|  |TAMS 0x00000000c8f00000| PB 0x00000000c8f00000| Untracked 
|   2|0x00000000c9000000, 0x00000000c9100000, 0x00000000c9100000|100%| O|  |TAMS 0x00000000c9000000| PB 0x00000000c9000000| Untracked 
|   3|0x00000000c9100000, 0x00000000c9200000, 0x00000000c9200000|100%| O|  |TAMS 0x00000000c9100000| PB 0x00000000c9100000| Untracked 
|   4|0x00000000c9200000, 0x00000000c9300000, 0x00000000c9300000|100%| O|  |TAMS 0x00000000c9200000| PB 0x00000000c9200000| Untracked 
|   5|0x00000000c9300000, 0x00000000c9400000, 0x00000000c9400000|100%| O|  |TAMS 0x00000000c9300000| PB 0x00000000c9300000| Untracked 
|   6|0x00000000c9400000, 0x00000000c9500000, 0x00000000c9500000|100%| O|  |TAMS 0x00000000c9400000| PB 0x00000000c9400000| Untracked 
|   7|0x00000000c9500000, 0x00000000c9600000, 0x00000000c9600000|100%| O|  |TAMS 0x00000000c9500000| PB 0x00000000c9500000| Untracked 
|   8|0x00000000c9600000, 0x00000000c9700000, 0x00000000c9700000|100%| O|  |TAMS 0x00000000c9600000| PB 0x00000000c9600000| Untracked 
|   9|0x00000000c9700000, 0x00000000c9800000, 0x00000000c9800000|100%| O|  |TAMS 0x00000000c9700000| PB 0x00000000c9700000| Untracked 
|  10|0x00000000c9800000, 0x00000000c9900000, 0x00000000c9900000|100%| O|  |TAMS 0x00000000c9800000| PB 0x00000000c9800000| Untracked 
|  11|0x00000000c9900000, 0x00000000c9a00000, 0x00000000c9a00000|100%| O|  |TAMS 0x00000000c9900000| PB 0x00000000c9900000| Untracked 
|  12|0x00000000c9a00000, 0x00000000c9ad4e50, 0x00000000c9b00000| 83%| O|Cm|TAMS 0x00000000c9a00000| PB 0x00000000c9a00000| Complete 
|  13|0x00000000c9b00000, 0x00000000c9b00000, 0x00000000c9c00000|  0%| F|  |TAMS 0x00000000c9b00000| PB 0x00000000c9b00000| Untracked 
|  14|0x00000000c9c00000, 0x00000000c9c00000, 0x00000000c9d00000|  0%| F|  |TAMS 0x00000000c9c00000| PB 0x00000000c9c00000| Untracked 
|  15|0x00000000c9d00000, 0x00000000c9d00000, 0x00000000c9e00000|  0%| F|  |TAMS 0x00000000c9d00000| PB 0x00000000c9d00000| Untracked 
|  16|0x00000000c9e00000, 0x00000000c9e79c08, 0x00000000c9f00000| 47%| S|CS|TAMS 0x00000000c9e00000| PB 0x00000000c9e00000| Complete 
|  17|0x00000000c9f00000, 0x00000000ca000000, 0x00000000ca000000|100%| S|CS|TAMS 0x00000000c9f00000| PB 0x00000000c9f00000| Complete 
|  18|0x00000000ca000000, 0x00000000ca100000, 0x00000000ca100000|100%| S|CS|TAMS 0x00000000ca000000| PB 0x00000000ca000000| Complete 
|  19|0x00000000ca100000, 0x00000000ca200000, 0x00000000ca200000|100%| S|CS|TAMS 0x00000000ca100000| PB 0x00000000ca100000| Complete 
|  20|0x00000000ca200000, 0x00000000ca200000, 0x00000000ca300000|  0%| F|  |TAMS 0x00000000ca200000| PB 0x00000000ca200000| Untracked 
|  21|0x00000000ca300000, 0x00000000ca300000, 0x00000000ca400000|  0%| F|  |TAMS 0x00000000ca300000| PB 0x00000000ca300000| Untracked 
|  22|0x00000000ca400000, 0x00000000ca400000, 0x00000000ca500000|  0%| F|  |TAMS 0x00000000ca400000| PB 0x00000000ca400000| Untracked 
|  23|0x00000000ca500000, 0x00000000ca500000, 0x00000000ca600000|  0%| F|  |TAMS 0x00000000ca500000| PB 0x00000000ca500000| Untracked 
|  24|0x00000000ca600000, 0x00000000ca600000, 0x00000000ca700000|  0%| F|  |TAMS 0x00000000ca600000| PB 0x00000000ca600000| Untracked 
|  25|0x00000000ca700000, 0x00000000ca700000, 0x00000000ca800000|  0%| F|  |TAMS 0x00000000ca700000| PB 0x00000000ca700000| Untracked 
|  26|0x00000000ca800000, 0x00000000ca800000, 0x00000000ca900000|  0%| F|  |TAMS 0x00000000ca800000| PB 0x00000000ca800000| Untracked 
|  27|0x00000000ca900000, 0x00000000ca900000, 0x00000000caa00000|  0%| F|  |TAMS 0x00000000ca900000| PB 0x00000000ca900000| Untracked 
|  28|0x00000000caa00000, 0x00000000caa00000, 0x00000000cab00000|  0%| F|  |TAMS 0x00000000caa00000| PB 0x00000000caa00000| Untracked 
|  29|0x00000000cab00000, 0x00000000cab00000, 0x00000000cac00000|  0%| F|  |TAMS 0x00000000cab00000| PB 0x00000000cab00000| Untracked 
|  30|0x00000000cac00000, 0x00000000cac00000, 0x00000000cad00000|  0%| F|  |TAMS 0x00000000cac00000| PB 0x00000000cac00000| Untracked 
|  31|0x00000000cad00000, 0x00000000cad00000, 0x00000000cae00000|  0%| F|  |TAMS 0x00000000cad00000| PB 0x00000000cad00000| Untracked 
|  32|0x00000000cae00000, 0x00000000cae00000, 0x00000000caf00000|  0%| F|  |TAMS 0x00000000cae00000| PB 0x00000000cae00000| Untracked 
|  33|0x00000000caf00000, 0x00000000cb000000, 0x00000000cb000000|100%| E|  |TAMS 0x00000000caf00000| PB 0x00000000caf00000| Complete 
|  34|0x00000000cb000000, 0x00000000cb100000, 0x00000000cb100000|100%| E|CS|TAMS 0x00000000cb000000| PB 0x00000000cb000000| Complete 
|  35|0x00000000cb100000, 0x00000000cb200000, 0x00000000cb200000|100%| E|CS|TAMS 0x00000000cb100000| PB 0x00000000cb100000| Complete 
|  36|0x00000000cb200000, 0x00000000cb300000, 0x00000000cb300000|100%| E|CS|TAMS 0x00000000cb200000| PB 0x00000000cb200000| Complete 
|  37|0x00000000cb300000, 0x00000000cb400000, 0x00000000cb400000|100%| E|CS|TAMS 0x00000000cb300000| PB 0x00000000cb300000| Complete 
|  38|0x00000000cb400000, 0x00000000cb500000, 0x00000000cb500000|100%| E|CS|TAMS 0x00000000cb400000| PB 0x00000000cb400000| Complete 
|  39|0x00000000cb500000, 0x00000000cb600000, 0x00000000cb600000|100%| E|CS|TAMS 0x00000000cb500000| PB 0x00000000cb500000| Complete 
|  40|0x00000000cb600000, 0x00000000cb700000, 0x00000000cb700000|100%| E|CS|TAMS 0x00000000cb600000| PB 0x00000000cb600000| Complete 
|  41|0x00000000cb700000, 0x00000000cb800000, 0x00000000cb800000|100%| E|CS|TAMS 0x00000000cb700000| PB 0x00000000cb700000| Complete 
|  42|0x00000000cb800000, 0x00000000cb900000, 0x00000000cb900000|100%| E|CS|TAMS 0x00000000cb800000| PB 0x00000000cb800000| Complete 
|  43|0x00000000cb900000, 0x00000000cba00000, 0x00000000cba00000|100%| E|CS|TAMS 0x00000000cb900000| PB 0x00000000cb900000| Complete 
|  44|0x00000000cba00000, 0x00000000cbb00000, 0x00000000cbb00000|100%| E|CS|TAMS 0x00000000cba00000| PB 0x00000000cba00000| Complete 
|  45|0x00000000cbb00000, 0x00000000cbc00000, 0x00000000cbc00000|100%| E|CS|TAMS 0x00000000cbb00000| PB 0x00000000cbb00000| Complete 
|  46|0x00000000cbc00000, 0x00000000cbd00000, 0x00000000cbd00000|100%| E|CS|TAMS 0x00000000cbc00000| PB 0x00000000cbc00000| Complete 
|  47|0x00000000cbd00000, 0x00000000cbe00000, 0x00000000cbe00000|100%| E|CS|TAMS 0x00000000cbd00000| PB 0x00000000cbd00000| Complete 
|  48|0x00000000cbe00000, 0x00000000cbf00000, 0x00000000cbf00000|100%| E|CS|TAMS 0x00000000cbe00000| PB 0x00000000cbe00000| Complete 
|  55|0x00000000cc500000, 0x00000000cc600000, 0x00000000cc600000|100%| E|CS|TAMS 0x00000000cc500000| PB 0x00000000cc500000| Complete 

Card table byte_map: [0x0000018c7a840000,0x0000018c7aa00000] _byte_map_base: 0x0000018c7a1f9000

Marking Bits: (CMBitMap*) 0x0000018c7aabbba0
 Bits: [0x0000018c7db40000, 0x0000018c7e908000)

Polling page: 0x0000018c78840000

Metaspace:

Usage:
  Non-class:     23.34 MB used.
      Class:      3.75 MB used.
       Both:     27.08 MB used.

Virtual space:
  Non-class space:       64.00 MB reserved,      23.63 MB ( 37%) committed,  1 nodes.
      Class space:        1.00 GB reserved,       3.94 MB ( <1%) committed,  1 nodes.
             Both:        1.06 GB reserved,      27.56 MB (  3%) committed. 

Chunk freelists:
   Non-Class:  7.95 MB
       Class:  12.05 MB
        Both:  20.00 MB

MaxMetaspaceSize: unlimited
CompressedClassSpaceSize: 1.00 GB
Initial GC threshold: 21.00 MB
Current GC threshold: 35.13 MB
CDS: on
 - commit_granule_bytes: 65536.
 - commit_granule_words: 8192.
 - virtual_space_node_default_size: 8388608.
 - enlarge_chunks_in_place: 1.
 - use_allocation_guard: 0.


Internal statistics:

num_allocs_failed_limit: 3.
num_arena_births: 662.
num_arena_deaths: 0.
num_vsnodes_births: 2.
num_vsnodes_deaths: 0.
num_space_committed: 441.
num_space_uncommitted: 0.
num_chunks_returned_to_freelist: 3.
num_chunks_taken_from_freelist: 1589.
num_chunk_merges: 3.
num_chunk_splits: 1092.
num_chunks_enlarged: 759.
num_inconsistent_stats: 0.

CodeCache: size=49152Kb used=8073Kb max_used=8073Kb free=41078Kb
 bounds [0x0000018c7ab40000, 0x0000018c7b330000, 0x0000018c7db40000]
 total_blobs=4524 nmethods=3992 adapters=454
 compilation: enabled
              stopped_count=0, restarted_count=0
 full_count=0

Compilation events (20 events):
Event: 5.400 Thread 0x0000018c0a4e86f0 nmethod 3979 0x0000018c7b31a490 code [0x0000018c7b31a620, 0x0000018c7b31a6f0]
Event: 5.401 Thread 0x0000018c0a6fa460 nmethod 3978 0x0000018c7b31a790 code [0x0000018c7b31ab20, 0x0000018c7b31b7d0]
Event: 5.402 Thread 0x0000018c0a6fa460 3980   !   1       jdk.internal.reflect.DirectMethodHandleAccessor::invoke (92 bytes)
Event: 5.402 Thread 0x0000018c0a4e86f0 3981       1       jdk.internal.reflect.DirectMethodHandleAccessor::isStatic (20 bytes)
Event: 5.402 Thread 0x0000018c0a4e86f0 nmethod 3981 0x0000018c7b31bf90 code [0x0000018c7b31c120, 0x0000018c7b31c200]
Event: 5.402 Thread 0x0000018c0a4e86f0 3982       1       jdk.internal.reflect.DirectMethodHandleAccessor::checkArgumentCount (53 bytes)
Event: 5.403 Thread 0x0000018c0a4e86f0 nmethod 3982 0x0000018c7b31c290 code [0x0000018c7b31c4a0, 0x0000018c7b31c7f0]
Event: 5.403 Thread 0x0000018c0a4e86f0 3983       1       jdk.internal.reflect.DirectMethodHandleAccessor::invokeImpl (108 bytes)
Event: 5.404 Thread 0x0000018c0a6fa460 nmethod 3980 0x0000018c7b31ca10 code [0x0000018c7b31cda0, 0x0000018c7b31d940]
Event: 5.404 Thread 0x0000018c0a6fa460 3984       1       org.springframework.util.ReflectionUtils::findMethod (109 bytes)
Event: 5.404 Thread 0x0000018c0a4e86f0 nmethod 3983 0x0000018c7b31e910 code [0x0000018c7b31ebc0, 0x0000018c7b31f1d0]
Event: 5.404 Thread 0x0000018c0a4e86f0 3985       1       java.lang.reflect.Method::isDefault (28 bytes)
Event: 5.405 Thread 0x0000018c0a4e86f0 nmethod 3985 0x0000018c7b31f810 code [0x0000018c7b31f9c0, 0x0000018c7b31fad8]
Event: 5.405 Thread 0x0000018c0a6fa460 nmethod 3984 0x0000018c7b31fb90 code [0x0000018c7b31fde0, 0x0000018c7b3202b8]
Event: 5.410 Thread 0x0000018c0a6fa460 3987       1       java.lang.invoke.LambdaForm::arguments (47 bytes)
Event: 5.410 Thread 0x0000018c0a6fa460 nmethod 3987 0x0000018c7b320990 code [0x0000018c7b320b80, 0x0000018c7b321010]
Event: 5.416 Thread 0x0000018c0a4e86f0 3989       1       java.util.ArrayDeque::<init> (35 bytes)
Event: 5.417 Thread 0x0000018c0a6fa460 3990       1       org.springframework.boot.env.RandomValuePropertySource::getProperty (39 bytes)
Event: 5.417 Thread 0x0000018c0a4e86f0 nmethod 3989 0x0000018c7b321690 code [0x0000018c7b321820, 0x0000018c7b3219f8]
Event: 5.417 Thread 0x0000018c0a6fa460 nmethod 3990 0x0000018c7b321a90 code [0x0000018c7b321c80, 0x0000018c7b321fb0]

GC Heap History (12 events):
Event: 1.152 GC heap before
{Heap before GC invocations=0 (full 0):
 garbage-first heap   total 57344K, used 13312K [0x00000000c8e00000, 0x0000000100000000)
  region size 1024K, 13 young (13312K), 0 survivors (0K)
 Metaspace       used 4112K, committed 4224K, reserved 1114112K
  class space    used 481K, committed 512K, reserved 1048576K
}
Event: 1.165 GC heap after
{Heap after GC invocations=1 (full 0):
 garbage-first heap   total 57344K, used 6400K [0x00000000c8e00000, 0x0000000100000000)
  region size 1024K, 2 young (2048K), 2 survivors (2048K)
 Metaspace       used 4112K, committed 4224K, reserved 1114112K
  class space    used 481K, committed 512K, reserved 1048576K
}
Event: 2.058 GC heap before
{Heap before GC invocations=1 (full 0):
 garbage-first heap   total 57344K, used 18688K [0x00000000c8e00000, 0x0000000100000000)
  region size 1024K, 15 young (15360K), 2 survivors (2048K)
 Metaspace       used 8979K, committed 9280K, reserved 1114112K
  class space    used 1123K, committed 1280K, reserved 1048576K
}
Event: 2.068 GC heap after
{Heap after GC invocations=2 (full 0):
 garbage-first heap   total 57344K, used 8437K [0x00000000c8e00000, 0x0000000100000000)
  region size 1024K, 2 young (2048K), 2 survivors (2048K)
 Metaspace       used 8979K, committed 9280K, reserved 1114112K
  class space    used 1123K, committed 1280K, reserved 1048576K
}
Event: 2.942 GC heap before
{Heap before GC invocations=2 (full 0):
 garbage-first heap   total 57344K, used 30965K [0x00000000c8e00000, 0x0000000100000000)
  region size 1024K, 25 young (25600K), 2 survivors (2048K)
 Metaspace       used 14935K, committed 15296K, reserved 1114112K
  class space    used 1951K, committed 2112K, reserved 1048576K
}
Event: 2.949 GC heap after
{Heap after GC invocations=3 (full 0):
 garbage-first heap   total 57344K, used 10157K [0x00000000c8e00000, 0x0000000100000000)
  region size 1024K, 4 young (4096K), 4 survivors (4096K)
 Metaspace       used 14935K, committed 15296K, reserved 1114112K
  class space    used 1951K, committed 2112K, reserved 1048576K
}
Event: 3.532 GC heap before
{Heap before GC invocations=3 (full 0):
 garbage-first heap   total 57344K, used 38829K [0x00000000c8e00000, 0x0000000100000000)
  region size 1024K, 33 young (33792K), 4 survivors (4096K)
 Metaspace       used 20633K, committed 20992K, reserved 1114112K
  class space    used 2711K, committed 2880K, reserved 1048576K
}
Event: 3.544 GC heap after
{Heap after GC invocations=4 (full 0):
 garbage-first heap   total 57344K, used 13475K [0x00000000c8e00000, 0x0000000100000000)
  region size 1024K, 5 young (5120K), 5 survivors (5120K)
 Metaspace       used 20633K, committed 20992K, reserved 1114112K
  class space    used 2711K, committed 2880K, reserved 1048576K
}
Event: 3.830 GC heap before
{Heap before GC invocations=4 (full 0):
 garbage-first heap   total 57344K, used 21667K [0x00000000c8e00000, 0x0000000100000000)
  region size 1024K, 14 young (14336K), 5 survivors (5120K)
 Metaspace       used 21207K, committed 21504K, reserved 1114112K
  class space    used 2807K, committed 2944K, reserved 1048576K
}
Event: 3.843 GC heap after
{Heap after GC invocations=5 (full 0):
 garbage-first heap   total 57344K, used 14163K [0x00000000c8e00000, 0x0000000100000000)
  region size 1024K, 1 young (1024K), 1 survivors (1024K)
 Metaspace       used 21207K, committed 21504K, reserved 1114112K
  class space    used 2807K, committed 2944K, reserved 1048576K
}
Event: 4.962 GC heap before
{Heap before GC invocations=6 (full 0):
 garbage-first heap   total 51200K, used 42835K [0x00000000c8e00000, 0x0000000100000000)
  region size 1024K, 30 young (30720K), 1 survivors (1024K)
 Metaspace       used 24950K, committed 25472K, reserved 1114112K
  class space    used 3384K, committed 3648K, reserved 1048576K
}
Event: 4.973 GC heap after
{Heap after GC invocations=7 (full 0):
 garbage-first heap   total 51200K, used 16698K [0x00000000c8e00000, 0x0000000100000000)
  region size 1024K, 4 young (4096K), 4 survivors (4096K)
 Metaspace       used 24950K, committed 25472K, reserved 1114112K
  class space    used 3384K, committed 3648K, reserved 1048576K
}

Dll operation events (12 events):
Event: 0.017 Loaded shared library C:\Program Files\Java\jdk-21.0.2\bin\java.dll
Event: 0.274 Loaded shared library C:\Program Files\Java\jdk-21.0.2\bin\zip.dll
Event: 0.283 Loaded shared library C:\Program Files\Java\jdk-21.0.2\bin\instrument.dll
Event: 0.294 Loaded shared library C:\Program Files\Java\jdk-21.0.2\bin\net.dll
Event: 0.298 Loaded shared library C:\Program Files\Java\jdk-21.0.2\bin\nio.dll
Event: 0.305 Loaded shared library C:\Program Files\Java\jdk-21.0.2\bin\zip.dll
Event: 0.594 Loaded shared library C:\Program Files\JetBrains\IntelliJ IDEA 2023.2.1\bin\breakgen64.dll
Event: 0.606 Loaded shared library C:\Program Files\Java\jdk-21.0.2\bin\jimage.dll
Event: 0.625 Loaded shared library C:\Program Files\Java\jdk-21.0.2\bin\extnet.dll
Event: 0.655 Loaded shared library C:\Program Files\Java\jdk-21.0.2\bin\management.dll
Event: 0.685 Loaded shared library C:\Program Files\Java\jdk-21.0.2\bin\management_ext.dll
Event: 3.342 Loaded shared library C:\Program Files\Java\jdk-21.0.2\bin\sunmscapi.dll

Deoptimization events (2 events):
Event: 5.185 Thread 0x0000018c7aa86f50 DEOPT PACKING pc=0x0000018c7b212c0c sp=0x0000008b783fd080
Event: 5.185 Thread 0x0000018c7aa86f50 DEOPT UNPACKING pc=0x0000018c7ab94e42 sp=0x0000008b783fc538 mode 0

Classes loaded (20 events):
Event: 5.316 Loading class java/lang/ThreadDeath
Event: 5.317 Loading class java/lang/ThreadDeath done
Event: 5.371 Loading class java/beans/Introspector
Event: 5.372 Loading class java/beans/Introspector done
Event: 5.372 Loading class java/beans/EventSetDescriptor
Event: 5.373 Loading class java/beans/EventSetDescriptor done
Event: 5.373 Loading class java/beans/Introspector$1
Event: 5.373 Loading class jdk/internal/access/JavaBeansAccess
Event: 5.373 Loading class jdk/internal/access/JavaBeansAccess done
Event: 5.373 Loading class java/beans/Introspector$1 done
Event: 5.397 Loading class java/util/function/ObjIntConsumer
Event: 5.397 Loading class java/util/function/ObjIntConsumer done
Event: 5.405 Loading class jdk/internal/classfile/ClassBuilder
Event: 5.405 Loading class jdk/internal/classfile/ClassfileBuilder
Event: 5.405 Loading class jdk/internal/classfile/ClassfileBuilder done
Event: 5.405 Loading class jdk/internal/classfile/ClassBuilder done
Event: 5.405 Loading class jdk/internal/classfile/ClassElement
Event: 5.405 Loading class jdk/internal/classfile/ClassfileElement
Event: 5.405 Loading class jdk/internal/classfile/ClassfileElement done
Event: 5.405 Loading class jdk/internal/classfile/ClassElement done

Classes unloaded (0 events):
No events

Classes redefined (0 events):
No events

Internal exceptions (20 events):
Event: 5.035 Thread 0x0000018c7aa86f50 Exception <a 'java/lang/NoClassDefFoundError'{0x00000000cbebad10}: liquibase/integration/spring/SpringLiquibase> (0x00000000cbebad10) 
thrown [s\open\src\hotspot\share\classfile\systemDictionary.cpp, line 301]
Event: 5.081 Thread 0x0000018c7aa86f50 Exception <a 'java/lang/NoClassDefFoundError'{0x00000000cbcceb90}: org/jooq/DSLContext> (0x00000000cbcceb90) 
thrown [s\open\src\hotspot\share\classfile\systemDictionary.cpp, line 301]
Event: 5.082 Thread 0x0000018c7aa86f50 Exception <a 'java/lang/NoClassDefFoundError'{0x00000000cbce2278}: org/springframework/batch/core/repository/JobRepository> (0x00000000cbce2278) 
thrown [s\open\src\hotspot\share\classfile\systemDictionary.cpp, line 301]
Event: 5.083 Thread 0x0000018c7aa86f50 Exception <a 'java/lang/NoClassDefFoundError'{0x00000000cbce3d48}: org/quartz/Scheduler> (0x00000000cbce3d48) 
thrown [s\open\src\hotspot\share\classfile\systemDictionary.cpp, line 301]
Event: 5.083 Thread 0x0000018c7aa86f50 Exception <a 'java/lang/NoClassDefFoundError'{0x00000000cbce5d08}: org/springframework/session/jdbc/JdbcIndexedSessionRepository> (0x00000000cbce5d08) 
thrown [s\open\src\hotspot\share\classfile\systemDictionary.cpp, line 301]
Event: 5.144 Thread 0x0000018c7aa86f50 Exception <a 'java/lang/NoSuchMethodError'{0x00000000cba9e238}: 'void java.lang.invoke.DirectMethodHandle$Holder.invokeVirtual(java.lang.Object, java.lang.Object, int)'> (0x00000000cba9e238) 
thrown [s\open\src\hotspot\share\interpreter\linkResolver.cpp, line 773]
Event: 5.144 Thread 0x0000018c7aa86f50 Exception <a 'java/lang/NoSuchMethodError'{0x00000000cbaa1e58}: 'int java.lang.invoke.DirectMethodHandle$Holder.invokeSpecial(java.lang.Object, java.lang.Object, java.lang.Object, int)'> (0x00000000cbaa1e58) 
thrown [s\open\src\hotspot\share\interpreter\linkResolver.cpp, line 773]
Event: 5.146 Thread 0x0000018c7aa86f50 Exception <a 'java/lang/NoSuchMethodError'{0x00000000cbab3a98}: 'java.lang.Object java.lang.invoke.DirectMethodHandle$Holder.invokeStatic(java.lang.Object, java.lang.Object, java.lang.Object, java.lang.Object, int)'> (0x00000000cbab3a98) 
thrown [s\open\src\hotspot\share\interpreter\linkResolver.cpp, line 773]
Event: 5.146 Thread 0x0000018c7aa86f50 Exception <a 'java/lang/NoSuchMethodError'{0x00000000cbabae48}: 'void java.lang.invoke.DelegatingMethodHandle$Holder.reinvoke_L(java.lang.Object, java.lang.Object, int)'> (0x00000000cbabae48) 
thrown [s\open\src\hotspot\share\interpreter\linkResolver.cpp, line 773]
Event: 5.288 Thread 0x0000018c7aa86f50 Exception <a 'java/lang/NoSuchMethodError'{0x00000000cb5b7e20}: 'java.lang.Object java.lang.invoke.DirectMethodHandle$Holder.invokeSpecialIFC(java.lang.Object, java.lang.Object, java.lang.Object)'> (0x00000000cb5b7e20) 
thrown [s\open\src\hotspot\share\interpreter\linkResolver.cpp, line 773]
Event: 5.301 Thread 0x0000018c7aa86f50 Exception <a 'java/lang/NoSuchMethodError'{0x00000000cb4139e8}: 'java.lang.Object java.lang.invoke.DirectMethodHandle$Holder.invokeVirtual(java.lang.Object, java.lang.Object, java.lang.Object, java.lang.Object, java.lang.Object)'> (0x00000000cb4139e8) 
thrown [s\open\src\hotspot\share\interpreter\linkResolver.cpp, line 773]
Event: 5.368 Thread 0x0000018c7aa86f50 Exception <a 'java/lang/NoSuchMethodError'{0x00000000cb2da190}: 'java.lang.reflect.Field[] java.lang.Class.getDeclaredFields(java.lang.Class)'> (0x00000000cb2da190) 
thrown [s\open\src\hotspot\share\interpreter\linkResolver.cpp, line 773]
Event: 5.378 Thread 0x0000018c7aa86f50 Exception <a 'java/lang/NoSuchMethodError'{0x00000000cb1375b8}: 'java.lang.Object java.lang.invoke.DirectMethodHandle$Holder.invokeVirtual(java.lang.Object, java.lang.Object, java.lang.Object, java.lang.Object, java.lang.Object, java.lang.Object)'> (0x00000000cb1375b8) 
thrown [s\open\src\hotspot\share\interpreter\linkResolver.cpp, line 773]
Event: 5.410 Thread 0x0000018c7aa86f50 Exception <a 'java/lang/NoSuchMethodError'{0x00000000cb0bf948}: 'void java.lang.invoke.DirectMethodHandle$Holder.invokeInterface(java.lang.Object, java.lang.Object, int)'> (0x00000000cb0bf948) 
thrown [s\open\src\hotspot\share\interpreter\linkResolver.cpp, line 773]
Event: 5.414 Thread 0x0000018c7aa86f50 Exception <a 'java/lang/IncompatibleClassChangeError'{0x00000000caf01db0}: Found class java.lang.Object, but interface was expected> (0x00000000caf01db0) 
thrown [s\open\src\hotspot\share\interpreter\linkResolver.cpp, line 840]
Event: 5.415 Thread 0x0000018c7aa86f50 Exception <a 'java/lang/NoSuchMethodError'{0x00000000caf16b78}: 'void java.lang.invoke.DirectMethodHandle$Holder.invokeStatic(java.lang.Object, int, java.lang.Object)'> (0x00000000caf16b78) 
thrown [s\open\src\hotspot\share\interpreter\linkResolver.cpp, line 773]
Event: 5.419 Thread 0x0000018c7aa86f50 Exception <a 'java/lang/NoSuchMethodError'{0x00000000caf4c830}: 'void java.lang.invoke.DirectMethodHandle$Holder.invokeStatic(java.lang.Object, java.lang.Object, java.lang.Object, int, java.lang.Object)'> (0x00000000caf4c830) 
thrown [s\open\src\hotspot\share\interpreter\linkResolver.cpp, line 773]
Event: 5.419 Thread 0x0000018c7aa86f50 Exception <a 'java/lang/NoSuchMethodError'{0x00000000caf53070}: 'java.lang.Object java.lang.invoke.DirectMethodHandle$Holder.newInvokeSpecial(java.lang.Object, java.lang.Object, java.lang.Object, int)'> (0x00000000caf53070) 
thrown [s\open\src\hotspot\share\interpreter\linkResolver.cpp, line 773]
Event: 5.419 Thread 0x0000018c7aa86f50 Exception <a 'java/lang/NoSuchMethodError'{0x00000000caf56e60}: 'java.lang.Object java.lang.invoke.DirectMethodHandle$Holder.invokeSpecial(java.lang.Object, java.lang.Object, java.lang.Object, java.lang.Object, int)'> (0x00000000caf56e60) 
thrown [s\open\src\hotspot\share\interpreter\linkResolver.cpp, line 773]
Event: 5.419 Thread 0x0000018c7aa86f50 Exception <a 'java/lang/NoSuchMethodError'{0x00000000caf5a2e8}: 'java.lang.Object java.lang.invoke.Invokers$Holder.linkToTargetMethod(java.lang.Object, java.lang.Object, int, java.lang.Object)'> (0x00000000caf5a2e8) 
thrown [s\open\src\hotspot\share\interpreter\linkResolver.cpp, line 773]

ZGC Phase Switch (0 events):
No events

VM Operations (20 events):
Event: 4.417 Executing VM operation: HandshakeAllThreads (Deoptimize)
Event: 4.417 Executing VM operation: HandshakeAllThreads (Deoptimize) done
Event: 4.420 Executing VM operation: HandshakeAllThreads (Deoptimize)
Event: 4.420 Executing VM operation: HandshakeAllThreads (Deoptimize) done
Event: 4.557 Executing VM operation: ICBufferFull
Event: 4.557 Executing VM operation: ICBufferFull done
Event: 4.559 Executing VM operation: HandshakeAllThreads (Deoptimize)
Event: 4.559 Executing VM operation: HandshakeAllThreads (Deoptimize) done
Event: 4.924 Executing VM operation: HandshakeAllThreads (Deoptimize)
Event: 4.924 Executing VM operation: HandshakeAllThreads (Deoptimize) done
Event: 4.929 Executing VM operation: HandshakeAllThreads (Deoptimize)
Event: 4.930 Executing VM operation: HandshakeAllThreads (Deoptimize) done
Event: 4.962 Executing VM operation: G1CollectForAllocation (G1 Evacuation Pause)
Event: 4.973 Executing VM operation: G1CollectForAllocation (G1 Evacuation Pause) done
Event: 5.162 Executing VM operation: HandshakeAllThreads (Deoptimize)
Event: 5.162 Executing VM operation: HandshakeAllThreads (Deoptimize) done
Event: 5.182 Executing VM operation: HandshakeAllThreads (Deoptimize)
Event: 5.182 Executing VM operation: HandshakeAllThreads (Deoptimize) done
Event: 5.184 Executing VM operation: HandshakeAllThreads (Deoptimize)
Event: 5.184 Executing VM operation: HandshakeAllThreads (Deoptimize) done

Events (20 events):
Event: 1.462 Thread 0x0000018c502b5090 Thread added: 0x0000018c502b5090
Event: 1.514 Thread 0x0000018c502b5090 Thread exited: 0x0000018c502b5090
Event: 2.019 Thread 0x0000018c506ab4b0 Thread added: 0x0000018c506ab4b0
Event: 2.033 Thread 0x0000018c506ab4b0 Thread exited: 0x0000018c506ab4b0
Event: 2.535 Thread 0x0000018c50835f50 Thread added: 0x0000018c50835f50
Event: 2.545 Thread 0x0000018c50835f50 Thread exited: 0x0000018c50835f50
Event: 2.698 Thread 0x0000018c508524e0 Thread added: 0x0000018c508524e0
Event: 3.047 Thread 0x0000018c5090ec60 Thread added: 0x0000018c5090ec60
Event: 3.054 Thread 0x0000018c5090ec60 Thread exited: 0x0000018c5090ec60
Event: 3.376 Thread 0x0000018c508524e0 Thread exited: 0x0000018c508524e0
Event: 3.434 Thread 0x0000018c50d44090 Thread added: 0x0000018c50d44090
Event: 3.471 Thread 0x0000018c50d44090 Thread exited: 0x0000018c50d44090
Event: 3.557 Thread 0x0000018c50d44090 Thread added: 0x0000018c50d44090
Event: 3.564 Thread 0x0000018c50d44090 Thread exited: 0x0000018c50d44090
Event: 4.066 Thread 0x0000018c50f2f6a0 Thread added: 0x0000018c50f2f6a0
Event: 4.073 Thread 0x0000018c50f2f6a0 Thread exited: 0x0000018c50f2f6a0
Event: 4.579 Thread 0x0000018c51095b60 Thread added: 0x0000018c51095b60
Event: 4.609 Thread 0x0000018c51095b60 Thread exited: 0x0000018c51095b60
Event: 5.112 Thread 0x0000018c511d59b0 Thread added: 0x0000018c511d59b0
Event: 5.123 Thread 0x0000018c511d59b0 Thread exited: 0x0000018c511d59b0


Dynamic libraries:
0x00007ff606300000 - 0x00007ff606310000 	C:\Program Files\Java\jdk-21.0.2\bin\java.exe
0x00007ffed7050000 - 0x00007ffed723e000 	C:\Windows\SYSTEM32\ntdll.dll
0x00007ffed4b40000 - 0x00007ffed4bf3000 	C:\Windows\System32\KERNEL32.DLL
0x00007ffed3ed0000 - 0x00007ffed416d000 	C:\Windows\System32\KERNELBASE.dll
0x00007ffed3360000 - 0x00007ffed345a000 	C:\Windows\System32\ucrtbase.dll
0x00007ffeca8b0000 - 0x00007ffeca8cb000 	C:\Program Files\Java\jdk-21.0.2\bin\VCRUNTIME140.dll
0x00007ffecc010000 - 0x00007ffecc029000 	C:\Program Files\Java\jdk-21.0.2\bin\jli.dll
0x00007ffed66c0000 - 0x00007ffed6768000 	C:\Windows\System32\ADVAPI32.dll
0x00007ffed4360000 - 0x00007ffed43fe000 	C:\Windows\System32\msvcrt.dll
0x00007ffed6c70000 - 0x00007ffed6d12000 	C:\Windows\System32\sechost.dll
0x00007ffed4240000 - 0x00007ffed4358000 	C:\Windows\System32\RPCRT4.dll
0x00007ffed4170000 - 0x00007ffed4196000 	C:\Windows\System32\bcrypt.dll
0x00007ffed6520000 - 0x00007ffed66b7000 	C:\Windows\System32\USER32.dll
0x00007ffed30a0000 - 0x00007ffed30c0000 	C:\Windows\System32\win32u.dll
0x00007ffed4840000 - 0x00007ffed4869000 	C:\Windows\System32\GDI32.dll
0x00007ffed30c0000 - 0x00007ffed326a000 	C:\Windows\System32\gdi32full.dll
0x00007ffed41a0000 - 0x00007ffed4240000 	C:\Windows\System32\msvcp_win.dll
0x00007ffec93d0000 - 0x00007ffec9649000 	C:\Windows\WinSxS\amd64_microsoft.windows.common-controls_6595b64144ccf1df_6.0.17763.5820_none_de6fe986534c6745\COMCTL32.dll
0x00007ffece3e0000 - 0x00007ffece3ea000 	C:\Windows\SYSTEM32\VERSION.dll
0x00007ffed4510000 - 0x00007ffed483b000 	C:\Windows\System32\combase.dll
0x00007ffed3270000 - 0x00007ffed32f2000 	C:\Windows\System32\bcryptPrimitives.dll
0x00007ffed4870000 - 0x00007ffed489e000 	C:\Windows\System32\IMM32.DLL
0x00007ffecf780000 - 0x00007ffecf78c000 	C:\Program Files\Java\jdk-21.0.2\bin\vcruntime140_1.dll
0x00007ffec05a0000 - 0x00007ffec062e000 	C:\Program Files\Java\jdk-21.0.2\bin\msvcp140.dll
0x00007ffeabff0000 - 0x00007ffeacd07000 	C:\Program Files\Java\jdk-21.0.2\bin\server\jvm.dll
0x00007ffed2ff0000 - 0x00007ffed304d000 	C:\Windows\System32\POWRPROF.dll
0x00007ffed4dc0000 - 0x00007ffed4e2d000 	C:\Windows\System32\WS2_32.dll
0x00007ffed1110000 - 0x00007ffed1134000 	C:\Windows\SYSTEM32\WINMM.dll
0x00007ffed10e0000 - 0x00007ffed110d000 	C:\Windows\SYSTEM32\WINMMBASE.dll
0x00007ffed3e80000 - 0x00007ffed3eca000 	C:\Windows\System32\cfgmgr32.dll
0x00007ffed2fd0000 - 0x00007ffed2fe1000 	C:\Windows\System32\kernel.appcore.dll
0x00007ffecc7a0000 - 0x00007ffecc7aa000 	C:\Program Files\Java\jdk-21.0.2\bin\jimage.dll
0x00007ffec68e0000 - 0x00007ffec6acd000 	C:\Windows\SYSTEM32\DBGHELP.DLL
0x00007ffec68b0000 - 0x00007ffec68da000 	C:\Windows\SYSTEM32\dbgcore.DLL
0x00007ffec9960000 - 0x00007ffec996f000 	C:\Program Files\Java\jdk-21.0.2\bin\instrument.dll
0x00007ffeca360000 - 0x00007ffeca37f000 	C:\Program Files\Java\jdk-21.0.2\bin\java.dll
0x00007ffed5020000 - 0x00007ffed6518000 	C:\Windows\System32\SHELL32.dll
0x00007ffed4460000 - 0x00007ffed4507000 	C:\Windows\System32\shcore.dll
0x00007ffed3460000 - 0x00007ffed3ba7000 	C:\Windows\System32\windows.storage.dll
0x00007ffed3070000 - 0x00007ffed3093000 	C:\Windows\System32\profapi.dll
0x00007ffed6d20000 - 0x00007ffed6d72000 	C:\Windows\System32\shlwapi.dll
0x00007ffed3db0000 - 0x00007ffed3dcb000 	C:\Windows\System32\cryptsp.dll
0x00007ffeca6d0000 - 0x00007ffeca6e8000 	C:\Program Files\Java\jdk-21.0.2\bin\zip.dll
0x00007ffecc6d0000 - 0x00007ffecc6e0000 	C:\Program Files\Java\jdk-21.0.2\bin\net.dll
0x00007ffec9fa0000 - 0x00007ffeca09d000 	C:\Windows\SYSTEM32\WINHTTP.dll
0x00007ffed27c0000 - 0x00007ffed2827000 	C:\Windows\system32\mswsock.dll
0x00007ffec9d20000 - 0x00007ffec9d36000 	C:\Program Files\Java\jdk-21.0.2\bin\nio.dll
0x00007ffec8bb0000 - 0x00007ffec8bca000 	C:\Program Files\JetBrains\IntelliJ IDEA 2023.2.1\bin\breakgen64.dll
0x00007ffecc0b0000 - 0x00007ffecc0b9000 	C:\Program Files\Java\jdk-21.0.2\bin\extnet.dll
0x00007ffed2500000 - 0x00007ffed25c6000 	C:\Windows\SYSTEM32\DNSAPI.dll
0x00007ffed4b20000 - 0x00007ffed4b28000 	C:\Windows\System32\NSI.dll
0x00007ffed24c0000 - 0x00007ffed24fd000 	C:\Windows\SYSTEM32\IPHLPAPI.DLL
0x00007ffec7b70000 - 0x00007ffec7b7a000 	C:\Windows\System32\rasadhlp.dll
0x00007ffec87d0000 - 0x00007ffec8849000 	C:\Windows\System32\fwpuclnt.dll
0x00007ffec8af0000 - 0x00007ffec8afa000 	C:\Program Files\Java\jdk-21.0.2\bin\management.dll
0x00007ffec7cd0000 - 0x00007ffec7cdb000 	C:\Program Files\Java\jdk-21.0.2\bin\management_ext.dll
0x00007ffed4b30000 - 0x00007ffed4b38000 	C:\Windows\System32\PSAPI.DLL
0x00007ffed2330000 - 0x00007ffed2363000 	C:\Windows\system32\rsaenh.dll
0x00007ffed2ed0000 - 0x00007ffed2ef9000 	C:\Windows\SYSTEM32\USERENV.dll
0x00007ffed2990000 - 0x00007ffed299c000 	C:\Windows\SYSTEM32\CRYPTBASE.dll
0x00007ffec4e50000 - 0x00007ffec4e66000 	C:\Windows\system32\napinsp.dll
0x00007ffec1870000 - 0x00007ffec188a000 	C:\Windows\system32\pnrpnsp.dll
0x00007ffec4040000 - 0x00007ffec404e000 	C:\Windows\System32\winrnr.dll
0x00007ffecf7a0000 - 0x00007ffecf7bb000 	C:\Windows\system32\NLAapi.dll
0x00007ffebba40000 - 0x00007ffebba55000 	C:\Windows\system32\wshbth.dll
0x00007ffec9b30000 - 0x00007ffec9b3e000 	C:\Program Files\Java\jdk-21.0.2\bin\sunmscapi.dll
0x00007ffed3bb0000 - 0x00007ffed3dae000 	C:\Windows\System32\CRYPT32.dll
0x00007ffed3050000 - 0x00007ffed3062000 	C:\Windows\System32\MSASN1.dll
0x00007ffed2a90000 - 0x00007ffed2abc000 	C:\Windows\SYSTEM32\ncrypt.dll
0x00007ffed2a50000 - 0x00007ffed2a8c000 	C:\Windows\SYSTEM32\NTASN1.dll

dbghelp: loaded successfully - version: 4.0.5 - missing functions: none
symbol engine: initialized successfully - sym options: 0x614 - pdb path: .;C:\Program Files\Java\jdk-21.0.2\bin;C:\Windows\SYSTEM32;C:\Windows\WinSxS\amd64_microsoft.windows.common-controls_6595b64144ccf1df_6.0.17763.5820_none_de6fe986534c6745;C:\Program Files\Java\jdk-21.0.2\bin\server;C:\Program Files\JetBrains\IntelliJ IDEA 2023.2.1\bin

VM Arguments:
jvm_args: -XX:TieredStopAtLevel=1 -Dspring.output.ansi.enabled=always -Dcom.sun.management.jmxremote -Dspring.jmx.enabled=true -Dspring.liveBeansView.mbeanDomain -Dspring.application.admin.enabled=true -Dmanagement.endpoints.jmx.exposure.include=* -javaagent:C:\Program Files\JetBrains\IntelliJ IDEA 2023.2.1\lib\idea_rt.jar=7197:C:\Program Files\JetBrains\IntelliJ IDEA 2023.2.1\bin -Dfile.encoding=UTF-8 -Dsun.stdout.encoding=UTF-8 -Dsun.stderr.encoding=UTF-8 
java_command: com.example.project.ProjectApplication
java_class_path (initial): C:\Users\Zver\Programm\bestMarketPlaceEver\Backend\target\classes;C:\Users\Zver\.m2\repository\org\springframework\boot\spring-boot-starter-data-jpa\3.2.5\spring-boot-starter-data-jpa-3.2.5.jar;C:\Users\Zver\.m2\repository\org\springframework\boot\spring-boot-starter-aop\3.2.5\spring-boot-starter-aop-3.2.5.jar;C:\Users\Zver\.m2\repository\org\aspectj\aspectjweaver\1.9.22\aspectjweaver-1.9.22.jar;C:\Users\Zver\.m2\repository\org\springframework\boot\spring-boot-starter-jdbc\3.2.5\spring-boot-starter-jdbc-3.2.5.jar;C:\Users\Zver\.m2\repository\com\zaxxer\HikariCP\5.0.1\HikariCP-5.0.1.jar;C:\Users\Zver\.m2\repository\org\springframework\spring-jdbc\6.1.6\spring-jdbc-6.1.6.jar;C:\Users\Zver\.m2\repository\org\hibernate\orm\hibernate-core\6.4.4.Final\hibernate-core-6.4.4.Final.jar;C:\Users\Zver\.m2\repository\jakarta\persistence\jakarta.persistence-api\3.1.0\jakarta.persistence-api-3.1.0.jar;C:\Users\Zver\.m2\repository\jakarta\transaction\jakarta.transaction-api\2.0.1\jakarta.transaction-api-2.0.1.jar;C:\Users\Zver\.m2\repository\org\jboss\logging\jboss-logging\3.5.3.Final\jboss-logging-3.5.3.Final.jar;C:\Users\Zver\.m2\repository\org\hibernate\common\hibernate-commons-annotations\6.0.6.Final\hibernate-commons-annotations-6.0.6.Final.jar;C:\Users\Zver\.m2\repository\io\smallrye\jandex\3.1.2\jandex-3.1.2.jar;C:\Users\Zver\.m2\repository\com\fasterxml\classmate\1.6.0\classmate-1.6.0.jar;C:\Users\Zver\.m2\repository\net\bytebuddy\byte-buddy\1.14.13\byte-buddy-1.14.13.jar;C:\Users\Zver\.m2\repository\jakarta\xml\bind\jakarta.xml.bind-api\4.0.2\jakarta.xml.bind-api-4.0.2.jar;C:\Users\Zver\.m2\repository\jakarta\activation\jakarta.activation-api\2.1.3\jakarta.activation-api-2.1.3.jar;C:\Users\Zver\.m2\repository\org\glassfish\jaxb\jaxb-runtime\4.0.5\jaxb-runtime-4.0.5.jar;C:\Users\Zver\.m2\repository\org\glassfish\jaxb\jaxb-core\4.0.5\jaxb-core-4.0.5.jar;C:\Users\Zver\.m2\repository\org\eclipse\angus\angus-activation\2.0.2\angus-activation-2.0.2.jar;C:\Users\Zver\.m2\repository\org\glassfish\jaxb\txw2\4.0.5\txw2-4.0.5.jar;C:\Users\Zver\.m2\repository\com\sun\istack\istack-commons-runtime\4.1.2\istack-commons-runtime-4.1.2.jar;C:\Users\Zver\.m2\repository\jakarta\inject\jakarta.inject-api\2.0.1\jakarta.inject-api-2.0.1.jar;C:\Users\Zver\.m2\repository\org\antlr\antlr4-runtime\4.13.0\antlr4-runtime-4.13.0.jar;C:\Users\Zver\.m2\repository\org\springframework\data\spring-data-jpa\3.2.5\spring-data-jpa-3.2.5.jar;C:\Users\Zver\.m2\repository\org\springframework\data\spring-data-commons\3.2.5\spring-data-commons-3.2.5.jar;C:\Users\Zver\.m2\repository\org\springframework\spring-orm\6.1.6\spring-orm-6.1.6.jar;C:\Users\Zver\.m2\repository\org\springframework\spring-context\6.1.6\spring-context-6.1.6.jar;C:\Users\Zver\.m2\repository\org\springframework\spring-tx\6.1.6\spring-tx-6.1.6.jar;C:\Users\Zver\.m2\repository\org\springframework\spring-beans\6.1.6\spring-beans-6.1.6.jar;C:\Users\Zver\.m2\repository\org\springframework\spring-core\6.1.6\spring-core-6.1.6.jar;C:\Users\Zver\.m2\repository\org\springframework\spring-jcl\6.1.6\spring-jcl-6.1.6.jar;C:\Users\Zver\.m2\repository\jakarta\annotation\jakarta.annotation-api\2.1.1\jakarta.annotation-api-2.1.1.jar;C:\Users\Zver\.m2\repository\org\slf4j\slf4j-api\2.0.13\slf4j-api-2.0.13.jar;C:\Users\Zver\.m2\repository\org\springframework\spring-aspects\6.1.6\spring-aspects-6.1.6.jar;C:\Users\Zver\.m2\repository\org\postgresql\postgresql\42.6.2\postgresql-42.6.2.jar;C:\Users\Zver\.m2\repository\org\checkerframework\checker-qual\3.31.0\checker-qual-3.31.0.jar;C:\Users\Zver\.m2\repository\org\springframework\boot\spring-boot-starter-web\3.2.5\spring-boot-starter-web-3.2.5.jar;C:\Users\Zver\.m2\repository\org\springframework\boot\spring-boot-starter\3.2.5\spring-boot-starter-3.2.5.jar;C:\Users\Zver\.m2\repository\org\springframework\boot\spring-boot\3.2.5\spring-boot-3.2.5.jar;C:\Users\Zver\.m2\repository\org\springframework\boot\spring-boot-autoconfigure\3.2.5\spring-boot-autoconfigure-3.2.5.jar;C:\Users\Zver\.m2\repository\org\springframework\boot\spring-boot-starter-logging\3.2.5\spring-boot-starter-logging-3.2.5.jar;C:\Users\Zver\.m2\repository\ch\qos\logback\logback-classic\1.4.14\logback-classic-1.4.14.jar;C:\Users\Zver\.m2\repository\ch\qos\logback\logback-core\1.4.14\logback-core-1.4.14.jar;C:\Users\Zver\.m2\repository\org\apache\logging\log4j\log4j-to-slf4j\2.21.1\log4j-to-slf4j-2.21.1.jar;C:\Users\Zver\.m2\repository\org\apache\logging\log4j\log4j-api\2.21.1\log4j-api-2.21.1.jar;C:\Users\Zver\.m2\repository\org\slf4j\jul-to-slf4j\2.0.13\jul-to-slf4j-2.0.13.jar;C:\Users\Zver\.m2\repository\org\yaml\snakeyaml\2.2\snakeyaml-2.2.jar;C:\Users\Zver\.m2\repository\org\springframework\boot\spring-boot-starter-json\3.2.5\spring-boot-starter-json-3.2.5.jar;C:\Users\Zver\.m2\repository\com\fasterxml\jackson\datatype\jackson-datatype-jdk8\2.15.4\jackson-datatype-jdk8-2.15.4.jar;C:\Users\Zver\.m2\repository\com\fasterxml\jackson\datatype\jackson-datatype-jsr310\2.15.4\jackson-datatype-jsr310-2.15.4.jar;C:\Users\Zver\.m2\repository\com\fasterxml\jackson\module\jackson-module-parameter-names\2.15.4\jackson-module-parameter-names-2.15.4.jar;C:\Users\Zver\.m2\repository\org\springframework\boot\spring-boot-starter-tomcat\3.2.5\spring-boot-starter-tomcat-3.2.5.jar;C:\Users\Zver\.m2\repository\org\apache\tomcat\embed\tomcat-embed-core\10.1.20\tomcat-embed-core-10.1.20.jar;C:\Users\Zver\.m2\repository\org\apache\tomcat\embed\tomcat-embed-el\10.1.20\tomcat-embed-el-10.1.20.jar;C:\Users\Zver\.m2\repository\org\apache\tomcat\embed\tomcat-embed-websocket\10.1.20\tomcat-embed-websocket-10.1.20.jar;C:\Users\Zver\.m2\repository\org\springframework\spring-web\6.1.6\spring-web-6.1.6.jar;C:\Users\Zver\.m2\repository\io\micrometer\micrometer-observation\1.12.5\micrometer-observation-1.12.5.jar;C:\Users\Zver\.m2\repository\io\micrometer\micrometer-commons\1.12.5\micrometer-commons-1.12.5.jar;C:\Users\Zver\.m2\repository\org\springframework\spring-webmvc\6.1.6\spring-webmvc-6.1.6.jar;C:\Users\Zver\.m2\repository\org\springframework\spring-expression\6.1.6\spring-expression-6.1.6.jar;C:\Users\Zver\.m2\repository\org\springframework\boot\spring-boot-starter-security\3.2.5\spring-boot-starter-security-3.2.5.jar;C:\Users\Zver\.m2\repository\org\springframework\spring-aop\6.1.6\spring-aop-6.1.6.jar;C:\Users\Zver\.m2\repository\org\springframework\security\spring-security-config\6.2.4\spring-security-config-6.2.4.jar;C:\Users\Zver\.m2\repository\org\springframework\security\spring-security-core\6.2.4\spring-security-core-6.2.4.jar;C:\Users\Zver\.m2\repository\org\springframework\security\spring-security-crypto\6.2.4\spring-security-crypto-6.2.4.jar;C:\Users\Zver\.m2\repository\org\springframework\security\spring-security-web\6.2.4\spring-security-web-6.2.4.jar;C:\Users\Zver\.m2\repository\org\projectlombok\lombok\1.18.32\lombok-1.18.32.jar;C:\Users\Zver\.m2\repository\io\jsonwebtoken\jjwt\0.9.1\jjwt-0.9.1.jar;C:\Users\Zver\.m2\repository\com\fasterxml\jackson\core\jackson-databind\2.15.4\jackson-databind-2.15.4.jar;C:\Users\Zver\.m2\repository\com\fasterxml\jackson\core\jackson-annotations\2.15.4\jackson-annotations-2.15.4.jar;C:\Users\Zver\.m2\repository\com\fasterxml\jackson\core\jackson-core\2.15.4\jackson-core-2.15.4.jar
Launcher Type: SUN_STANDARD

[Global flags]
     intx CICompilerCount                          = 3                                         {product} {ergonomic}
     uint ConcGCThreads                            = 1                                         {product} {ergonomic}
     uint G1ConcRefinementThreads                  = 4                                         {product} {ergonomic}
   size_t G1HeapRegionSize                         = 1048576                                   {product} {ergonomic}
    uintx GCDrainStackTargetSize                   = 64                                        {product} {ergonomic}
   size_t InitialHeapSize                          = 58720256                                  {product} {ergonomic}
     bool ManagementServer                         = true                                      {product} {command line}
   size_t MarkStackSize                            = 4194304                                   {product} {ergonomic}
   size_t MaxHeapSize                              = 924844032                                 {product} {ergonomic}
   size_t MaxNewSize                               = 554696704                                 {product} {ergonomic}
   size_t MinHeapDeltaBytes                        = 1048576                                   {product} {ergonomic}
   size_t MinHeapSize                              = 8388608                                   {product} {ergonomic}
    uintx NonNMethodCodeHeapSize                   = 4096                                   {pd product} {ergonomic}
    uintx NonProfiledCodeHeapSize                  = 0                                      {pd product} {ergonomic}
     bool ProfileInterpreter                       = false                                  {pd product} {command line}
    uintx ProfiledCodeHeapSize                     = 0                                      {pd product} {ergonomic}
   size_t SoftMaxHeapSize                          = 924844032                              {manageable} {ergonomic}
     intx TieredStopAtLevel                        = 1                                         {product} {command line}
     bool UseCompressedOops                        = true                           {product lp64_product} {ergonomic}
     bool UseG1GC                                  = true                                      {product} {ergonomic}
     bool UseLargePagesIndividualAllocation        = false                                  {pd product} {ergonomic}

Logging:
Log output configuration:
 #0: stdout all=warning uptime,level,tags foldmultilines=false
 #1: stderr all=off uptime,level,tags foldmultilines=false

Environment Variables:
PATH=C:\app\Zver\product\21c\dbhomeXE\bin;C:\Program Files\Microsoft MPI\Bin\;C:\Program Files\Common Files\Oracle\Java\javapath;C:\Program Files\Microsoft\jdk-11.0.16.101-hotspot\bin;C:\Windows\system32;C:\Windows;C:\Windows\System32\Wbem;C:\Windows\System32\WindowsPowerShell\v1.0\;C:\Windows\System32\OpenSSH\;C:\Program Files\Microsoft SQL Server\150\Tools\Binn\;C:\Program Files\Microsoft SQL Server\Client SDK\ODBC\170\Tools\Binn\;C:\Program Files\dotnet\;C:\Program Files\Git\cmd;C:\Program Files\MySQL\MySQL Shell 8.0\bin\;C:\Users\Zver\AppData\Local\Programs\Python\Python310\Scripts\;C:\Users\Zver\AppData\Local\Programs\Python\Python310\;C:\Users\Zver\AppData\Local\Microsoft\WindowsApps;C:\Program Files\JetBrains\PyCharm Community Edition 2022.1.3\bin;;C:\Users\Zver\AppData\Local\Programs\Microsoft VS Code\bin;C:\Users\Zver\.dotnet\tools;C:\ProgramData\Zver\GitHubDesktop\bin;C:\Users\Zver\AppData\Local\GitHubDesktop\bin
USERNAME=Zver
OS=Windows_NT
PROCESSOR_IDENTIFIER=AMD64 Family 23 Model 24 Stepping 1, AuthenticAMD
TMP=C:\Users\Zver\AppData\Local\Temp
TEMP=C:\Users\Zver\AppData\Local\Temp




Periodic native trim disabled

---------------  S Y S T E M  ---------------

OS:
 Windows 10 , 64 bit Build 17763 (10.0.17763.4974)
OS uptime: 2 days 7:28 hours

CPU: total 4 (initial active 4) (4 cores per cpu, 2 threads per core) family 23 model 24 stepping 1 microcode 0x0, cx8, cmov, fxsr, ht, mmx, 3dnowpref, sse, sse2, sse3, ssse3, sse4a, sse4.1, sse4.2, popcnt, lzcnt, tsc, tscinvbit, avx, avx2, aes, clmul, bmi1, bmi2, adx, sha, fma, vzeroupper, clflush, clflushopt, rdtscp, f16c
Processor Information for all 4 processors :
  Max Mhz: 2600, Current Mhz: 2600, Mhz Limit: 2600

Memory: 4k page, system-wide physical 3522M (218M free)
TotalPageFile size 11522M (AvailPageFile size 1M)
current process WorkingSet (physical memory assigned to process): 136M, peak: 136M
current process commit charge ("private bytes"): 171M, peak: 171M

vm_info: Java HotSpot(TM) 64-Bit Server VM (21.0.2+13-LTS-58) for windows-amd64 JRE (21.0.2+13-LTS-58), built on 2024-01-05T18:32:24Z by "mach5one" with MS VC++ 17.1 (VS2022)

END.
