#
# There is insufficient memory for the Java Runtime Environment to continue.
# Native memory allocation (mmap) failed to map 65536 bytes for Failed to commit metaspace.
# Possible reasons:
#   The system is out of physical RAM or swap space
#   The process is running with CompressedOops enabled, and the Java Heap may be blocking the growth of the native heap
# Possible solutions:
#   Reduce memory load on the system
#   Increase physical memory or swap space
#   Check if swap backing store is full
#   Decrease Java heap size (-Xmx/-Xms)
#   Decrease number of Java threads
#   Decrease Java thread stack sizes (-Xss)
#   Set larger code cache with -XX:ReservedCodeCacheSize=
#   JVM is running with Unscaled Compressed Oops mode in which the Java heap is
#     placed in the first 4GB address space. The Java Heap base address is the
#     maximum limit for the native heap growth. Please use -XX:HeapBaseMinAddress
#     to set the Java Heap base and to place the Java Heap above 4GB virtual address.
# This output file may be truncated or incomplete.
#
#  Out of Memory Error (virtualSpaceNode.cpp:112), pid=1804, tid=11124
#
# JRE version: Java(TM) SE Runtime Environment (21.0.2+13) (build 21.0.2+13-LTS-58)
# Java VM: Java HotSpot(TM) 64-Bit Server VM (21.0.2+13-LTS-58, mixed mode, emulated-client, sharing, tiered, compressed oops, compressed class ptrs, g1 gc, windows-amd64)
# No core dump will be written. Minidumps are not enabled by default on client versions of Windows
#

---------------  S U M M A R Y ------------

Command Line: -XX:TieredStopAtLevel=1 -Dspring.output.ansi.enabled=always -Dcom.sun.management.jmxremote -Dspring.jmx.enabled=true -Dspring.liveBeansView.mbeanDomain -Dspring.application.admin.enabled=true -Dmanagement.endpoints.jmx.exposure.include=* -javaagent:C:\Program Files\JetBrains\IntelliJ IDEA 2023.2.1\lib\idea_rt.jar=7573:C:\Program Files\JetBrains\IntelliJ IDEA 2023.2.1\bin -Dfile.encoding=UTF-8 -Dsun.stdout.encoding=UTF-8 -Dsun.stderr.encoding=UTF-8 com.example.project.ProjectApplication

Host: AMD Ryzen 3 3200U with Radeon Vega Mobile Gfx  , 4 cores, 3G,  Windows 10 , 64 bit Build 17763 (10.0.17763.4974)
Time: Fri May 17 11:13:05 2024 RTZ 2 (зима) elapsed time: 5.304092 seconds (0d 0h 0m 5s)

---------------  T H R E A D  ---------------

Current thread (0x0000022fa931d370):  JavaThread "main"             [_thread_in_vm, id=11124, stack(0x000000e8ebb00000,0x000000e8ebc00000) (1024K)]

Stack: [0x000000e8ebb00000,0x000000e8ebc00000]
Native frames: (J=compiled Java code, j=interpreted, Vv=VM code, C=native code)
V  [jvm.dll+0x6cade9]
V  [jvm.dll+0x8569c1]
V  [jvm.dll+0x858d2e]
V  [jvm.dll+0x859413]
V  [jvm.dll+0x280e56]
V  [jvm.dll+0x8526ee]
V  [jvm.dll+0x66e705]
V  [jvm.dll+0x1e68cc]
V  [jvm.dll+0x1e669e]
V  [jvm.dll+0x67104c]
V  [jvm.dll+0x670e62]
V  [jvm.dll+0x66f0de]
V  [jvm.dll+0x26b47f]
V  [jvm.dll+0x679305]
V  [jvm.dll+0x217b73]
V  [jvm.dll+0x2180b5]
V  [jvm.dll+0x218ad1]
V  [jvm.dll+0x20dd9e]
V  [jvm.dll+0x5ad3dc]
V  [jvm.dll+0x7cf5e6]
V  [jvm.dll+0x470270]
V  [jvm.dll+0x475ef8]
C  [java.dll+0x17ec]

Java frames: (J=compiled Java code, j=interpreted, Vv=VM code)
J 1500  java.lang.ClassLoader.defineClass1(Ljava/lang/ClassLoader;Ljava/lang/String;[BIILjava/security/ProtectionDomain;Ljava/lang/String;)Ljava/lang/Class; java.base@21.0.2 (0 bytes) @ 0x0000022fb3cdf311 [0x0000022fb3cdf240+0x00000000000000d1]
J 1506 c1 java.lang.ClassLoader.defineClass(Ljava/lang/String;[BIILjava/security/ProtectionDomain;)Ljava/lang/Class; java.base@21.0.2 (43 bytes) @ 0x0000022fb3ce19fc [0x0000022fb3ce18e0+0x000000000000011c]
J 1420 c1 jdk.internal.loader.BuiltinClassLoader.defineClass(Ljava/lang/String;Ljdk/internal/loader/Resource;)Ljava/lang/Class; java.base@21.0.2 (121 bytes) @ 0x0000022fb3cbaa14 [0x0000022fb3cba4c0+0x0000000000000554]
J 1411 c1 jdk.internal.loader.BuiltinClassLoader.findClassOnClassPathOrNull(Ljava/lang/String;)Ljava/lang/Class; java.base@21.0.2 (64 bytes) @ 0x0000022fb3cb6f34 [0x0000022fb3cb6c60+0x00000000000002d4]
J 1214 c1 jdk.internal.loader.BuiltinClassLoader.loadClassOrNull(Ljava/lang/String;Z)Ljava/lang/Class; java.base@21.0.2 (143 bytes) @ 0x0000022fb3c5817c [0x0000022fb3c57d80+0x00000000000003fc]
J 1308 c1 jdk.internal.loader.ClassLoaders$AppClassLoader.loadClass(Ljava/lang/String;Z)Ljava/lang/Class; java.base@21.0.2 (40 bytes) @ 0x0000022fb3c81f0c [0x0000022fb3c81ec0+0x000000000000004c]
J 1301 c1 java.lang.ClassLoader.loadClass(Ljava/lang/String;)Ljava/lang/Class; java.base@21.0.2 (7 bytes) @ 0x0000022fb3c80014 [0x0000022fb3c7ffc0+0x0000000000000054]
v  ~StubRoutines::call_stub 0x0000022fb38f100d
j  org.springframework.boot.web.embedded.tomcat.TomcatServletWebServerFactory.getWebServer([Lorg/springframework/boot/web/servlet/ServletContextInitializer;)Lorg/springframework/boot/web/server/WebServer;+7
j  org.springframework.boot.web.servlet.context.ServletWebServerApplicationContext.createWebServer()V+67
j  org.springframework.boot.web.servlet.context.ServletWebServerApplicationContext.onRefresh()V+5
j  org.springframework.context.support.AbstractApplicationContext.refresh()V+85
j  org.springframework.boot.web.servlet.context.ServletWebServerApplicationContext.refresh()V+1
j  org.springframework.boot.SpringApplication.refresh(Lorg/springframework/context/ConfigurableApplicationContext;)V+1
j  org.springframework.boot.SpringApplication.refreshContext(Lorg/springframework/context/ConfigurableApplicationContext;)V+16
j  org.springframework.boot.SpringApplication.run([Ljava/lang/String;)Lorg/springframework/context/ConfigurableApplicationContext;+110
j  org.springframework.boot.SpringApplication.run([Ljava/lang/Class;[Ljava/lang/String;)Lorg/springframework/context/ConfigurableApplicationContext;+9
j  org.springframework.boot.SpringApplication.run(Ljava/lang/Class;[Ljava/lang/String;)Lorg/springframework/context/ConfigurableApplicationContext;+9
j  com.example.project.ProjectApplication.main([Ljava/lang/String;)V+3
v  ~StubRoutines::call_stub 0x0000022fb38f100d

Compiled method (n/a)    5332 1500     n 0       java.lang.ClassLoader::defineClass1 (native)
 total in heap  [0x0000022fb3cdf090,0x0000022fb3cdf6f0] = 1632
 relocation     [0x0000022fb3cdf1f0,0x0000022fb3cdf228] = 56
 main code      [0x0000022fb3cdf240,0x0000022fb3cdf6ef] = 1199
 stub code      [0x0000022fb3cdf6ef,0x0000022fb3cdf6f0] = 1

[Constant Pool (empty)]

[MachCode]
[Entry Point]
  # {method} {0x0000022fba43cd80} 'defineClass1' '(Ljava/lang/ClassLoader;Ljava/lang/String;[BIILjava/security/ProtectionDomain;Ljava/lang/String;)Ljava/lang/Class;' in 'java/lang/ClassLoader'
  # parm0:    rdx:rdx   = 'java/lang/ClassLoader'
  # parm1:    r8:r8     = 'java/lang/String'
  # parm2:    r9:r9     = '[B'
  # parm3:    rdi       = int
  # parm4:    rsi       = int
  # parm5:    rcx:rcx   = 'java/security/ProtectionDomain'
  # parm6:    [sp+0xa0]   = 'java/lang/String'  (sp of caller)
  0x0000022fb3cdf240: 448b 5208 | 49bb 0000 | 00ba 2f02 | 0000 4d03 | d349 3bc2 | 0f84 0600 

  0x0000022fb3cdf258: ;   {runtime_call ic_miss_stub}
  0x0000022fb3cdf258: 0000 e921 | f5c5 ff90 
[Verified Entry Point]
  0x0000022fb3cdf260: 8984 2400 | 80ff ff55 | 488b ec48 | 81ec 9000 | 0000 6690 | 4181 7f20 | 0300 0000 

  0x0000022fb3cdf27c: ;   {runtime_call StubRoutines (final stubs)}
  0x0000022fb3cdf27c: 7405 e8dd | 5ac4 ff48 | 837d 1000 | 488d 4510 | 480f 4445 | 1048 8944 | 2440 4889 | 4c24 7048 
  0x0000022fb3cdf29c: 83f9 0048 | 8d44 2470 | 480f 4444 | 2470 4889 | 4424 3848 | 8974 2430 | 4889 7c24 | 284c 894c 
  0x0000022fb3cdf2bc: 2458 4983 | f900 488d | 4424 5848 | 0f44 4424 | 5848 8944 | 2420 4c89 | 4424 5049 | 83f8 004c 
  0x0000022fb3cdf2dc: 8d4c 2450 | 4c0f 444c | 2450 4889 | 5424 4848 | 83fa 004c | 8d44 2448 | 4c0f 4444 

  0x0000022fb3cdf2f8: ;   {oop(a 'java/lang/Class'{0x00000000c912ff70} = 'java/lang/ClassLoader')}
  0x0000022fb3cdf2f8: 2448 49be | 70ff 12c9 | 0000 0000 | 4c89 7424 | 784c 8d74 | 2478 498b | d6c5 f877 

  0x0000022fb3cdf314: ;   {internal_word}
  0x0000022fb3cdf314: 49ba 11f3 | cdb3 2f02 | 0000 4d89 | 97a0 0300 | 0049 89a7 | 9803 0000 

  0x0000022fb3cdf32c: ;   {external_word}
  0x0000022fb3cdf32c: 49ba f945 | b787 fe7f | 0000 4180 | 3a00 0f84 | 4e00 0000 | 5241 5041 

  0x0000022fb3cdf344: ;   {metadata({method} {0x0000022fba43cd80} 'defineClass1' '(Ljava/lang/ClassLoader;Ljava/lang/String;[BIILjava/security/ProtectionDomain;Ljava/lang/String;)Ljava/lang/Class;' in 'java/lang/ClassLoader')}
  0x0000022fb3cdf344: 5148 ba78 | cd43 ba2f | 0200 0049 | 8bcf 4883 | ec20 40f6 | c40f 0f84 | 1900 0000 | 4883 ec08 
  0x0000022fb3cdf364: ;   {runtime_call}
  0x0000022fb3cdf364: 48b8 4009 | 6887 fe7f | 0000 ffd0 | 4883 c408 | e90c 0000 

  0x0000022fb3cdf378: ;   {runtime_call}
  0x0000022fb3cdf378: 0048 b840 | 0968 87fe | 7f00 00ff | d048 83c4 | 2041 5941 | 585a 498d | 8fb8 0300 | 0041 c787 
  0x0000022fb3cdf398: 4c04 0000 | 0400 0000 

  0x0000022fb3cdf3a0: ;   {runtime_call}
  0x0000022fb3cdf3a0: 48b8 ac16 | 08cc fe7f | 0000 ffd0 | c5f8 7741 | c787 4c04 | 0000 0500 | 0000 f083 | 4424 c000 
  0x0000022fb3cdf3c0: 493b af50 | 0400 000f | 870e 0000 | 0041 83bf | 4804 0000 | 000f 842b | 0000 00c5 | f877 4889 
  0x0000022fb3cdf3e0: 45f8 498b | cf4c 8be4 | 4883 ec20 | 4883 e4f0 

  0x0000022fb3cdf3f0: ;   {runtime_call}
  0x0000022fb3cdf3f0: 48b8 d0c3 | 3387 fe7f | 0000 ffd0 | 498b e44d | 33e4 488b | 45f8 41c7 | 874c 0400 | 0008 0000 
  0x0000022fb3cdf410: 0041 83bf | c804 0000 | 020f 84a3 

  0x0000022fb3cdf41c: ;   {external_word}
  0x0000022fb3cdf41c: 0200 0049 | baf9 45b7 | 87fe 7f00 | 0041 803a | 000f 844c | 0000 0048 

  0x0000022fb3cdf434: ;   {metadata({method} {0x0000022fba43cd80} 'defineClass1' '(Ljava/lang/ClassLoader;Ljava/lang/String;[BIILjava/security/ProtectionDomain;Ljava/lang/String;)Ljava/lang/Class;' in 'java/lang/ClassLoader')}
  0x0000022fb3cdf434: 8945 f848 | ba78 cd43 | ba2f 0200 | 0049 8bcf | 4883 ec20 | 40f6 c40f | 0f84 1900 | 0000 4883 
  0x0000022fb3cdf454: ;   {runtime_call}
  0x0000022fb3cdf454: ec08 48b8 | 4009 6887 | fe7f 0000 | ffd0 4883 | c408 e90c 

  0x0000022fb3cdf468: ;   {runtime_call}
  0x0000022fb3cdf468: 0000 0048 | b840 0968 | 87fe 7f00 | 00ff d048 | 83c4 2048 | 8b45 f849 | c787 9803 | 0000 0000 
  0x0000022fb3cdf488: 0000 49c7 | 87a0 0300 | 0000 0000 | 00c5 f877 | 4885 c00f | 84fe 0100 | 00a8 030f | 8508 0000 
  0x0000022fb3cdf4a8: 0048 8b00 | e9ee 0100 | 00a8 010f | 8509 0000 | 0048 8b40 | fee9 dd01 | 0000 488b | 40ff 4180 
  0x0000022fb3cdf4c8: 7f40 000f | 84ce 0100 | 0048 83f8 | 000f 84c4 | 0100 0049 | 8b4f 2848 | 83f9 000f | 8414 0000 
  0x0000022fb3cdf4e8: 0048 83e9 | 0849 894f | 2849 034f | 3848 8901 | e9a2 0100 | 0048 81ec | d000 0000 | 4889 0424 
  0x0000022fb3cdf508: 4889 4c24 | 0848 8954 | 2410 4889 | 7424 1848 | 897c 2420 | 4c89 4424 | 284c 894c | 2430 4c89 
  0x0000022fb3cdf528: 5424 384c | 895c 2440 | c5fb 1144 | 2450 c5fb | 114c 2458 | c5fb 1154 | 2460 c5fb | 115c 2468 
  0x0000022fb3cdf548: c5fb 1164 | 2470 c5fb | 116c 2478 | c5fb 11b4 | 2480 0000 | 00c5 fb11 | bc24 8800 | 0000 c57b 
  0x0000022fb3cdf568: ;   {no_reloc}
  0x0000022fb3cdf568: 1184 2490 | 0000 00c5 | 7b11 8c24 | 9800 0000 | c57b 1194 | 24a0 0000 | 00c5 7b11 | 9c24 a800 
  0x0000022fb3cdf588: 0000 c57b | 11a4 24b0 | 0000 00c5 | 7b11 ac24 | b800 0000 | c57b 11b4 | 24c0 0000 | 00c5 7b11 
  0x0000022fb3cdf5a8: bc24 c800 | 0000 498b | d748 8bc8 | 4883 ec20 | 40f6 c40f | 0f84 1900 | 0000 4883 

  0x0000022fb3cdf5c4: ;   {runtime_call}
  0x0000022fb3cdf5c4: ec08 48b8 | 9026 2787 | fe7f 0000 | ffd0 4883 | c408 e90c 

  0x0000022fb3cdf5d8: ;   {runtime_call}
  0x0000022fb3cdf5d8: 0000 0048 | b890 2627 | 87fe 7f00 | 00ff d048 | 83c4 20c5 | 7b10 bc24 | c800 0000 | c57b 10b4 
  0x0000022fb3cdf5f8: 24c0 0000 | 00c5 7b10 | ac24 b800 | 0000 c57b | 10a4 24b0 | 0000 00c5 | 7b10 9c24 | a800 0000 
  0x0000022fb3cdf618: c57b 1094 | 24a0 0000 | 00c5 7b10 | 8c24 9800 | 0000 c57b | 1084 2490 | 0000 00c5 | fb10 bc24 
  0x0000022fb3cdf638: 8800 0000 | c5fb 10b4 | 2480 0000 | 00c5 fb10 | 6c24 78c5 | fb10 6424 | 70c5 fb10 | 5c24 68c5 
  0x0000022fb3cdf658: fb10 5424 | 60c5 fb10 | 4c24 58c5 | fb10 4424 | 504c 8b5c | 2440 4c8b | 5424 384c | 8b4c 2430 
  0x0000022fb3cdf678: 4c8b 4424 | 2848 8b7c | 2420 488b | 7424 1848 | 8b54 2410 | 488b 4c24 | 0848 8b04 | 2448 81c4 
  0x0000022fb3cdf698: d000 0000 | c5f8 7749 | 8b8f 2804 | 0000 c781 | 0001 0000 | 0000 0000 | c949 837f | 0800 0f85 
  0x0000022fb3cdf6b8: 0100 0000 

  0x0000022fb3cdf6bc: ;   {runtime_call StubRoutines (initial stubs)}
  0x0000022fb3cdf6bc: c3e9 3e18 | c1ff c5f8 | 7748 8945 | f84c 8be4 | 4883 ec20 | 4883 e4f0 

  0x0000022fb3cdf6d4: ;   {runtime_call}
  0x0000022fb3cdf6d4: 48b8 7041 | 6887 fe7f | 0000 ffd0 | 498b e44d | 33e4 488b | 45f8 e930 | fdff fff4 
[/MachCode]


Compiled method (c1)    5348 1506       1       java.lang.ClassLoader::defineClass (43 bytes)
 total in heap  [0x0000022fb3ce1710,0x0000022fb3ce1cd0] = 1472
 relocation     [0x0000022fb3ce1870,0x0000022fb3ce18e0] = 112
 main code      [0x0000022fb3ce18e0,0x0000022fb3ce1aa0] = 448
 stub code      [0x0000022fb3ce1aa0,0x0000022fb3ce1b18] = 120
 metadata       [0x0000022fb3ce1b18,0x0000022fb3ce1b48] = 48
 scopes data    [0x0000022fb3ce1b48,0x0000022fb3ce1c00] = 184
 scopes pcs     [0x0000022fb3ce1c00,0x0000022fb3ce1ca0] = 160
 dependencies   [0x0000022fb3ce1ca0,0x0000022fb3ce1ca8] = 8
 nul chk table  [0x0000022fb3ce1ca8,0x0000022fb3ce1cd0] = 40

[Constant Pool (empty)]

[MachCode]
[Entry Point]
  # {method} {0x0000022fba43d100} 'defineClass' '(Ljava/lang/String;[BIILjava/security/ProtectionDomain;)Ljava/lang/Class;' in 'java/lang/ClassLoader'
  # this:     rdx:rdx   = 'java/lang/ClassLoader'
  # parm0:    r8:r8     = 'java/lang/String'
  # parm1:    r9:r9     = '[B'
  # parm2:    rdi       = int
  # parm3:    rsi       = int
  # parm4:    rcx:rcx   = 'java/security/ProtectionDomain'
  #           [sp+0xc0]  (sp of caller)
  0x0000022fb3ce18e0: 448b 5208 | 49bb 0000 | 00ba 2f02 | 0000 4d03 | d34c 3bd0 

  0x0000022fb3ce18f4: ;   {runtime_call ic_miss_stub}
  0x0000022fb3ce18f4: 0f85 86ce | c5ff 660f | 1f44 0000 
[Verified Entry Point]
  0x0000022fb3ce1900: 8984 2400 | 80ff ff55 | 4881 ecb0 | 0000 0090 | 4181 7f20 | 0300 0000 

  0x0000022fb3ce1918: ;   {runtime_call StubRoutines (final stubs)}
  0x0000022fb3ce1918: 7405 e841 | 34c4 ff48 | 8954 2478 | 89b4 2494 | 0000 0089 | bc24 9000 | 0000 4c89 | 8c24 8800 
  0x0000022fb3ce1938: 0000 498b | d84c 8bc3 | 4c8b c948 | 8bca 488b | d148 899c | 2480 0000 | 0066 0f1f 

  0x0000022fb3ce1954: ;   {optimized virtual_call}
  0x0000022fb3ce1954: 4400 00e8 

  0x0000022fb3ce1958: ; ImmutableOopMap {[120]=Oop [128]=Oop [136]=Oop }
                      ;*invokevirtual preDefineClass {reexecute=0 rethrow=0 return_oop=0}
                      ; - java.lang.ClassLoader::defineClass@4 (line 1025)
  0x0000022fb3ce1958: 6474 fdff 

  0x0000022fb3ce195c: ;   {other}
  0x0000022fb3ce195c: 0f1f 8400 | 4c02 0000 | 4889 8424 | 9800 0000 

  0x0000022fb3ce196c: ; implicit exception: dispatches to 0x0000022fb3ce1a4a
  0x0000022fb3ce196c: 448b 4010 | 4d85 c00f | 850f 0000 

  0x0000022fb3ce1978: ;   {oop(nullptr)}
  0x0000022fb3ce1978: 0048 bb00 | 0000 0000 | 0000 00e9 | 3f00 0000 

  0x0000022fb3ce1988: ; implicit exception: dispatches to 0x0000022fb3ce1a4f
  0x0000022fb3ce1988: 458b 400c | 4d85 c00f | 850f 0000 

  0x0000022fb3ce1994: ;   {oop(nullptr)}
  0x0000022fb3ce1994: 0048 bb00 | 0000 0000 | 0000 00e9 | 2300 0000 

  0x0000022fb3ce19a4: ; implicit exception: dispatches to 0x0000022fb3ce1a54
  0x0000022fb3ce19a4: 418b 5038 

  0x0000022fb3ce19a8: ; implicit exception: dispatches to 0x0000022fb3ce1a59
  0x0000022fb3ce19a8: 483b 020f 

  0x0000022fb3ce19ac: ;   {optimized virtual_call}
  0x0000022fb3ce19ac: 1f40 00e8 

  0x0000022fb3ce19b0: ; ImmutableOopMap {[120]=Oop [128]=Oop [136]=Oop [152]=Oop }
                      ;*invokevirtual toExternalForm {reexecute=0 rethrow=0 return_oop=0}
                      ; - java.net.URL::toExternalForm@5 (line 1203)
                      ; - java.net.URL::toString@1 (line 1189)
                      ; - java.lang.ClassLoader::defineClassSourceLocation@22 (line 927)
                      ; - java.lang.ClassLoader::defineClass@12 (line 1026)
  0x0000022fb3ce19b0: cce2 faff 

  0x0000022fb3ce19b4: ;   {other}
  0x0000022fb3ce19b4: 0f1f 8400 | a402 0001 | 488b d848 | 8b84 2498 | 0000 008b | b424 9400 | 0000 8bbc | 2490 0000 
  0x0000022fb3ce19d4: 004c 8b8c | 2488 0000 | 004c 8b84 | 2480 0000 | 0048 8b54 | 2478 4c8b | da49 8bd3 | 488b c848 
  0x0000022fb3ce19f4: ;   {static_call}
  0x0000022fb3ce19f4: 891c 24e8 

  0x0000022fb3ce19f8: ; ImmutableOopMap {[120]=Oop [152]=Oop }
                      ;*invokestatic defineClass1 {reexecute=0 rethrow=0 return_oop=0}
                      ; - java.lang.ClassLoader::defineClass@27 (line 1027)
  0x0000022fb3ce19f8: 64d8 ffff 

  0x0000022fb3ce19fc: ;   {other}
  0x0000022fb3ce19fc: 0f1f 8400 | ec02 0002 | 4c8b c04c | 8b8c 2498 | 0000 0048 | 8b54 2478 | 4889 8424 | a000 0000 
  0x0000022fb3ce1a1c: ;   {optimized virtual_call}
  0x0000022fb3ce1a1c: 6666 90e8 

  0x0000022fb3ce1a20: ; ImmutableOopMap {[160]=Oop }
                      ;*invokevirtual postDefineClass {reexecute=0 rethrow=0 return_oop=0}
                      ; - java.lang.ClassLoader::defineClass@37 (line 1028)
  0x0000022fb3ce1a20: dc6d fdff 

  0x0000022fb3ce1a24: ;   {other}
  0x0000022fb3ce1a24: 0f1f 8400 | 1403 0003 | 488b 8424 | a000 0000 | 4881 c4b0 | 0000 005d 

  0x0000022fb3ce1a3c: ;   {poll_return}
  0x0000022fb3ce1a3c: 493b a750 | 0400 000f | 8715 0000 

  0x0000022fb3ce1a48: ;   {runtime_call throw_null_pointer_exception Runtime1 stub}
  0x0000022fb3ce1a48: 00c3 e8b1 

  0x0000022fb3ce1a4c: ; ImmutableOopMap {rax=Oop [120]=Oop [128]=Oop [136]=Oop [152]=Oop }
                      ;*invokevirtual getCodeSource {reexecute=0 rethrow=0 return_oop=0}
                      ; - java.lang.ClassLoader::defineClassSourceLocation@1 (line 924)
                      ; - java.lang.ClassLoader::defineClass@12 (line 1026)
                      ;   {runtime_call throw_null_pointer_exception Runtime1 stub}
  0x0000022fb3ce1a4c: f9d0 ffe8 

  0x0000022fb3ce1a50: ; ImmutableOopMap {rax=Oop [120]=Oop [128]=Oop [136]=Oop [152]=Oop }
                      ;*invokevirtual getLocation {reexecute=0 rethrow=0 return_oop=0}
                      ; - java.lang.ClassLoader::defineClassSourceLocation@12 (line 926)
                      ; - java.lang.ClassLoader::defineClass@12 (line 1026)
  0x0000022fb3ce1a50: acf9 d0ff 

  0x0000022fb3ce1a54: ;   {runtime_call throw_null_pointer_exception Runtime1 stub}
  0x0000022fb3ce1a54: e8a7 f9d0 

  0x0000022fb3ce1a58: ; ImmutableOopMap {r8=Oop [120]=Oop [128]=Oop [136]=Oop [152]=Oop }
                      ;*invokevirtual toString {reexecute=0 rethrow=0 return_oop=0}
                      ; - java.lang.ClassLoader::defineClassSourceLocation@22 (line 927)
                      ; - java.lang.ClassLoader::defineClass@12 (line 1026)
                      ;   {runtime_call throw_null_pointer_exception Runtime1 stub}
  0x0000022fb3ce1a58: ffe8 a2f9 

  0x0000022fb3ce1a5c: ; ImmutableOopMap {r8=Oop rdx=Oop [120]=Oop [128]=Oop [136]=Oop [152]=Oop }
                      ;*invokevirtual toExternalForm {reexecute=0 rethrow=0 return_oop=0}
                      ; - java.net.URL::toExternalForm@5 (line 1203)
                      ; - java.net.URL::toString@1 (line 1189)
                      ; - java.lang.ClassLoader::defineClassSourceLocation@22 (line 927)
                      ; - java.lang.ClassLoader::defineClass@12 (line 1026)
                      ;   {internal_word}
  0x0000022fb3ce1a5c: d0ff 49ba | 3c1a ceb3 | 2f02 0000 | 4d89 9768 

  0x0000022fb3ce1a6c: ;   {runtime_call SafepointBlob}
  0x0000022fb3ce1a6c: 0400 00e9 | 8c3c c6ff | 498b 8700 | 0500 0049 | c787 0005 | 0000 0000 | 0000 49c7 | 8708 0500 
  0x0000022fb3ce1a8c: 0000 0000 | 0048 81c4 | b000 0000 

  0x0000022fb3ce1a98: ;   {runtime_call unwind_exception Runtime1 stub}
  0x0000022fb3ce1a98: 5de9 62ea | d0ff f4f4 
[Stub Code]
  0x0000022fb3ce1aa0: ;   {no_reloc}
  0x0000022fb3ce1aa0: 0f1f 4400 

  0x0000022fb3ce1aa4: ;   {static_stub}
  0x0000022fb3ce1aa4: 0048 bb00 | 0000 0000 

  0x0000022fb3ce1aac: ;   {runtime_call}
  0x0000022fb3ce1aac: 0000 00e9 | fbff ffff 

  0x0000022fb3ce1ab4: ;   {static_stub}
  0x0000022fb3ce1ab4: 48bb 0000 | 0000 0000 

  0x0000022fb3ce1abc: ;   {runtime_call}
  0x0000022fb3ce1abc: 0000 e9fb 

  0x0000022fb3ce1ac0: ;   {static_stub}
  0x0000022fb3ce1ac0: ffff ff48 | bb00 0000 | 0000 0000 

  0x0000022fb3ce1acc: ;   {runtime_call}
  0x0000022fb3ce1acc: 00e9 fbff 

  0x0000022fb3ce1ad0: ;   {static_stub}
  0x0000022fb3ce1ad0: ffff 48bb | 0000 0000 | 0000 0000 

  0x0000022fb3ce1adc: ;   {runtime_call}
  0x0000022fb3ce1adc: e9fb ffff 

  0x0000022fb3ce1ae0: ;   {runtime_call handle_exception_from_callee Runtime1 stub}
  0x0000022fb3ce1ae0: ffe8 1a17 

  0x0000022fb3ce1ae4: ;   {external_word}
  0x0000022fb3ce1ae4: d1ff 48b9 | 0048 8f87 | fe7f 0000 | 4883 e4f0 

  0x0000022fb3ce1af4: ;   {runtime_call}
  0x0000022fb3ce1af4: 48b8 4024 | 5787 fe7f | 0000 ffd0 

  0x0000022fb3ce1b00: ;   {section_word}
  0x0000022fb3ce1b00: f449 ba01 | 1bce b32f | 0200 0041 

  0x0000022fb3ce1b0c: ;   {runtime_call DeoptimizationBlob}
  0x0000022fb3ce1b0c: 52e9 8e2e | c6ff f4f4 | f4f4 f4f4 
[/MachCode]


Compiled method (c1)    5359 1420       1       jdk.internal.loader.BuiltinClassLoader::defineClass (121 bytes)
 total in heap  [0x0000022fb3cba210,0x0000022fb3cbb120] = 3856
 relocation     [0x0000022fb3cba370,0x0000022fb3cba4b8] = 328
 main code      [0x0000022fb3cba4c0,0x0000022fb3cbab80] = 1728
 stub code      [0x0000022fb3cbab80,0x0000022fb3cbaca0] = 288
 metadata       [0x0000022fb3cbaca0,0x0000022fb3cbace8] = 72
 scopes data    [0x0000022fb3cbace8,0x0000022fb3cbaf40] = 600
 scopes pcs     [0x0000022fb3cbaf40,0x0000022fb3cbb0e0] = 416
 dependencies   [0x0000022fb3cbb0e0,0x0000022fb3cbb0e8] = 8
 handler table  [0x0000022fb3cbb0e8,0x0000022fb3cbb100] = 24
 nul chk table  [0x0000022fb3cbb100,0x0000022fb3cbb120] = 32

[Constant Pool (empty)]

[MachCode]
[Entry Point]
  # {method} {0x0000022fba06a130} 'defineClass' '(Ljava/lang/String;Ljdk/internal/loader/Resource;)Ljava/lang/Class;' in 'jdk/internal/loader/BuiltinClassLoader'
  # this:     rdx:rdx   = 'jdk/internal/loader/BuiltinClassLoader'
  # parm0:    r8:r8     = 'java/lang/String'
  # parm1:    r9:r9     = 'jdk/internal/loader/Resource'
  #           [sp+0x110]  (sp of caller)
  0x0000022fb3cba4c0: 448b 5208 | 49bb 0000 | 00ba 2f02 | 0000 4d03 | d34c 3bd0 

  0x0000022fb3cba4d4: ;   {runtime_call ic_miss_stub}
  0x0000022fb3cba4d4: 0f85 a642 | c8ff 660f | 1f44 0000 
[Verified Entry Point]
  0x0000022fb3cba4e0: 8984 2400 | 80ff ff55 | 4881 ec00 | 0100 0090 | 4181 7f20 | 0300 0000 

  0x0000022fb3cba4f8: ;   {runtime_call StubRoutines (final stubs)}
  0x0000022fb3cba4f8: 7405 e861 | a8c6 ff48 | 8994 24a0 | 0000 004c | 8984 2490 | 0000 004c | 898c 2498 | 0000 0049 
  0x0000022fb3cba518: 8bd1 6666 | 9048 b8ff | ffff ffff 

  0x0000022fb3cba524: ;   {virtual_call}
  0x0000022fb3cba524: ffff ffe8 

  0x0000022fb3cba528: ; ImmutableOopMap {[144]=Oop [152]=Oop [160]=Oop }
                      ;*invokevirtual getCodeSourceURL {reexecute=0 rethrow=0 return_oop=0}
                      ; - jdk.internal.loader.BuiltinClassLoader::defineClass@1 (line 842)
  0x0000022fb3cba528: fc6a d4ff 

  0x0000022fb3cba52c: ;   {other}
  0x0000022fb3cba52c: 0f1f 8400 | 1c03 0000 | 4889 8424 | a800 0000 | 4c8b 8424 | 9000 0000 

  0x0000022fb3cba544: ; implicit exception: dispatches to 0x0000022fb3cbaa82
  0x0000022fb3cba544: 418b 7014 

  0x0000022fb3cba548: ; implicit exception: dispatches to 0x0000022fb3cbaa87
  0x0000022fb3cba548: 8b56 0c45 | 0fbe 4810 | 498b c9c1 | e118 c1f9 | 18d3 fa48 | 8bfa ffcf | 4585 c9ba | 0000 0000 
  0x0000022fb3cba568: 7505 ba01 | 0000 0083 | e201 85d2 | 488b d641 | b82e 0000 | 004c 8bcf | 0f84 1300 

  0x0000022fb3cba584: ;   {static_call}
  0x0000022fb3cba584: 0000 90e8 

  0x0000022fb3cba588: ; ImmutableOopMap {[144]=Oop [152]=Oop [160]=Oop [168]=Oop }
                      ;*invokestatic lastIndexOf {reexecute=0 rethrow=0 return_oop=0}
                      ; - java.lang.String::lastIndexOf@13 (line 2573)
                      ; - java.lang.String::lastIndexOf@8 (line 2535)
                      ; - jdk.internal.loader.BuiltinClassLoader::defineClass@8 (line 845)
  0x0000022fb3cba588: b46f e1ff 

  0x0000022fb3cba58c: ;   {other}
  0x0000022fb3cba58c: 0f1f 8400 | 7c03 0001 | e913 0000 | 0066 0f1f 

  0x0000022fb3cba59c: ;   {static_call}
  0x0000022fb3cba59c: 4400 00e8 

  0x0000022fb3cba5a0: ; ImmutableOopMap {[144]=Oop [152]=Oop [160]=Oop [168]=Oop }
                      ;*invokestatic lastIndexOf {reexecute=0 rethrow=0 return_oop=0}
                      ; - java.lang.String::lastIndexOf@25 (line 2574)
                      ; - java.lang.String::lastIndexOf@8 (line 2535)
                      ; - jdk.internal.loader.BuiltinClassLoader::defineClass@8 (line 845)
  0x0000022fb3cba5a0: dc4a c8ff 

  0x0000022fb3cba5a4: ;   {other}
  0x0000022fb3cba5a4: 0f1f 8400 | 9403 0002 | 83f8 ff0f | 847f 0000 | 0041 b800 | 0000 004c | 8bc8 488b | 9424 9000 
  0x0000022fb3cba5c4: ;   {optimized virtual_call}
  0x0000022fb3cba5c4: 0000 90e8 

  0x0000022fb3cba5c8: ; ImmutableOopMap {[144]=Oop [152]=Oop [160]=Oop [168]=Oop }
                      ;*invokevirtual substring {reexecute=0 rethrow=0 return_oop=0}
                      ; - jdk.internal.loader.BuiltinClassLoader::defineClass@23 (line 847)
  0x0000022fb3cba5c8: b4e2 e0ff 

  0x0000022fb3cba5cc: ;   {other}
  0x0000022fb3cba5cc: 0f1f 8400 | bc03 0003 | 488b 9424 | 9800 0000 | 4889 8424 | b000 0000 | 9048 b8ff | ffff ffff 
  0x0000022fb3cba5ec: ;   {virtual_call}
  0x0000022fb3cba5ec: ffff ffe8 

  0x0000022fb3cba5f0: ; ImmutableOopMap {[144]=Oop [152]=Oop [160]=Oop [168]=Oop [176]=Oop }
                      ;*invokevirtual getManifest {reexecute=0 rethrow=0 return_oop=0}
                      ; - jdk.internal.loader.BuiltinClassLoader::defineClass@29 (line 848)
  0x0000022fb3cba5f0: 1c69 d4ff 

  0x0000022fb3cba5f4: ;   {other}
  0x0000022fb3cba5f4: 0f1f 8400 | e403 0004 | 4c8b 8424 | b000 0000 | 4c8b c848 | 8bbc 24a8 | 0000 0048 | 8b94 24a0 
  0x0000022fb3cba614: 0000 0066 | 0f1f 4400 | 0048 b870 | a706 ba2f 

  0x0000022fb3cba624: ;   {virtual_call}
  0x0000022fb3cba624: 0200 00e8 

  0x0000022fb3cba628: ; ImmutableOopMap {[144]=Oop [152]=Oop [160]=Oop [168]=Oop }
                      ;*invokevirtual defineOrCheckPackage {reexecute=0 rethrow=0 return_oop=0}
                      ; - jdk.internal.loader.BuiltinClassLoader::defineClass@40 (line 849)
  0x0000022fb3cba628: 94fa ffff 

  0x0000022fb3cba62c: ;   {other}
  0x0000022fb3cba62c: 0f1f 8400 | 1c04 0005 | 4c8b 8c24 | 9800 0000 | 488d 9424 | e000 0000 | 4c89 4a08 | 498b 0148 
  0x0000022fb3cba64c: 83c8 0148 | 8902 f049 | 0fb1 110f | 8412 0000 | 0048 2bc4 | 4825 07f0 | ffff 4889 | 020f 851d 
  0x0000022fb3cba66c: 0400 0049 | ff87 5005 | 0000 418b | 510c 4885 | d20f 8551 | 0000 0049 | 8bd1 0f1f | 8000 0000 
  0x0000022fb3cba68c: 0048 b8ff | ffff ffff 

  0x0000022fb3cba694: ;   {virtual_call}
  0x0000022fb3cba694: ffff ffe8 

  0x0000022fb3cba698: ; ImmutableOopMap {[144]=Oop [152]=Oop [160]=Oop [168]=Oop [232]=Oop }
                      ;*invokevirtual getInputStream {reexecute=0 rethrow=0 return_oop=0}
                      ; - jdk.internal.loader.Resource::cachedInputStream@9 (line 77)
                      ; - jdk.internal.loader.Resource::getByteBuffer@1 (line 163)
                      ; - jdk.internal.loader.BuiltinClassLoader::defineClass@45 (line 853)
  0x0000022fb3cba698: 5467 d4ff 

  0x0000022fb3cba69c: ;   {other}
  0x0000022fb3cba69c: 0f1f 8400 | 8c04 0006 | 410f be57 | 4085 d24c | 8b8c 2498 | 0000 000f | 85e6 0300 | 004c 8bd0 
  0x0000022fb3cba6bc: 4589 510c | 498b d148 | 33d0 48c1 | ea14 4883 | fa00 0f85 | e703 0000 | 418b 510c | 488d 8424 
  0x0000022fb3cba6dc: e000 0000 | 488b 3048 | 85f6 0f84 | 0f00 0000 | 488b 7808 | f048 0fb1 | 370f 85d8 | 0300 0049 
  0x0000022fb3cba6fc: ff8f 5005 | 0000 4885 | d20f 8443 

  0x0000022fb3cba708: ;   {metadata('sun/nio/ByteBuffered')}
  0x0000022fb3cba708: 0000 0048 | b8e8 e436 | ba2f 0200 | 008b 5a08 | 49ba 0000 | 00ba 2f02 | 0000 4903 | da48 3b43 
  0x0000022fb3cba728: 200f 8424 | 0000 0048 | 3bd8 0f84 | 1b00 0000 

  0x0000022fb3cba738: ;   {runtime_call slow_subtype_check Runtime1 stub}
  0x0000022fb3cba738: 5350 e8c1 | 96d3 ff5b | 5b85 db0f | 8405 0000 | 00e9 0500 | 0000 4833 | f6eb 0a48 | be01 0000 
  0x0000022fb3cba758: 0000 0000 | 0085 f60f | 846c 0000 | 0048 85d2 | 0f84 4300 

  0x0000022fb3cba76c: ;   {metadata('sun/nio/ByteBuffered')}
  0x0000022fb3cba76c: 0000 48bb | e8e4 36ba | 2f02 0000 | 8b7a 0849 | ba00 0000 | ba2f 0200 | 0049 03fa | 483b 5f20 
  0x0000022fb3cba78c: 0f84 1f00 | 0000 483b | fb0f 8416 | 0000 0057 

  0x0000022fb3cba79c: ;   {runtime_call slow_subtype_check Runtime1 stub}
  0x0000022fb3cba79c: 53e8 5e96 | d3ff 5f5f | 85ff 0f84 | 3d03 0000 | e900 0000 | 000f 1f40 | 0048 b8ff | ffff ffff 
  0x0000022fb3cba7bc: ;   {virtual_call}
  0x0000022fb3cba7bc: ffff ffe8 

  0x0000022fb3cba7c0: ; ImmutableOopMap {[144]=Oop [152]=Oop [160]=Oop [168]=Oop }
                      ;*invokeinterface getByteBuffer {reexecute=0 rethrow=0 return_oop=0}
                      ; - jdk.internal.loader.Resource::getByteBuffer@16 (line 165)
                      ; - jdk.internal.loader.BuiltinClassLoader::defineClass@45 (line 853)
  0x0000022fb3cba7c0: bc45 c8ff 

  0x0000022fb3cba7c4: ;   {other}
  0x0000022fb3cba7c4: 0f1f 8400 | b405 0007 | e90a 0000 

  0x0000022fb3cba7d0: ;   {oop(nullptr)}
  0x0000022fb3cba7d0: 0048 b800 | 0000 0000 | 0000 0048 | 85c0 0f84 | 0601 0000 | 4889 8424 | b800 0000 | 488b 9424 
  0x0000022fb3cba7f0: 9800 0000 | 9048 b8ff | ffff ffff 

  0x0000022fb3cba7fc: ;   {virtual_call}
  0x0000022fb3cba7fc: ffff ffe8 

  0x0000022fb3cba800: ; ImmutableOopMap {[144]=Oop [160]=Oop [168]=Oop [184]=Oop }
                      ;*invokevirtual getCodeSigners {reexecute=0 rethrow=0 return_oop=0}
                      ; - jdk.internal.loader.BuiltinClassLoader::defineClass@56 (line 855)
  0x0000022fb3cba800: 7c45 c8ff 

  0x0000022fb3cba804: ;   {other}
  0x0000022fb3cba804: 0f1f 8400 | f405 0008 

  0x0000022fb3cba80c: ;   {metadata('java/security/CodeSource')}
  0x0000022fb3cba80c: 4c8b c848 | ba70 5d00 | ba2f 0200 | 0049 8b87 | b801 0000 | 488d 7828 | 493b bfc8 | 0100 000f 
  0x0000022fb3cba82c: 87c1 0200 | 0049 89bf | b801 0000 | 48c7 0001 | 0000 0048 | 8bca 49ba | 0000 00ba | 2f02 0000 
  0x0000022fb3cba84c: 492b ca89 | 4808 4833 | c989 480c | 4833 c948 | 8948 1048 | 8948 1848 | 8948 204c | 8b84 24a8 
  0x0000022fb3cba86c: 0000 0048 | 8bd0 4889 | 8424 c000 | 0000 0f1f 

  0x0000022fb3cba87c: ;   {optimized virtual_call}
  0x0000022fb3cba87c: 4400 00e8 

  0x0000022fb3cba880: ; ImmutableOopMap {[144]=Oop [160]=Oop [184]=Oop [192]=Oop }
                      ;*invokespecial <init> {reexecute=0 rethrow=0 return_oop=0}
                      ; - jdk.internal.loader.BuiltinClassLoader::defineClass@68 (line 856)
  0x0000022fb3cba880: fc41 c8ff 

  0x0000022fb3cba884: ;   {other}
  0x0000022fb3cba884: 0f1f 8400 | 7406 0009 | 4c8b 8424 | c000 0000 | 488b 9424 | a000 0000 

  0x0000022fb3cba89c: ;   {optimized virtual_call}
  0x0000022fb3cba89c: 6666 90e8 

  0x0000022fb3cba8a0: ; ImmutableOopMap {[144]=Oop [160]=Oop [184]=Oop }
                      ;*invokevirtual getProtectionDomain {reexecute=0 rethrow=0 return_oop=0}
                      ; - java.security.SecureClassLoader::defineClass@5 (line 182)
                      ; - jdk.internal.loader.BuiltinClassLoader::defineClass@79 (line 857)
  0x0000022fb3cba8a0: dc41 c8ff 

  0x0000022fb3cba8a4: ;   {other}
  0x0000022fb3cba8a4: 0f1f 8400 | 9406 000a | 4c8b 8424 | 9000 0000 | 4c8b 8c24 | b800 0000 | 488b f848 | 8b94 24a0 
  0x0000022fb3cba8c4: ;   {optimized virtual_call}
  0x0000022fb3cba8c4: 0000 00e8 

  0x0000022fb3cba8c8: ; ImmutableOopMap {}
                      ;*invokevirtual defineClass {reexecute=0 rethrow=0 return_oop=0}
                      ; - java.security.SecureClassLoader::defineClass@8 (line 182)
                      ; - jdk.internal.loader.BuiltinClassLoader::defineClass@79 (line 857)
  0x0000022fb3cba8c8: b441 c8ff 

  0x0000022fb3cba8cc: ;   {other}
  0x0000022fb3cba8cc: 0f1f 8400 | bc06 000b | 4881 c400 | 0100 005d 

  0x0000022fb3cba8dc: ;   {poll_return}
  0x0000022fb3cba8dc: 493b a750 | 0400 000f | 8716 0200 | 00c3 4c8b | 8c24 9800 | 0000 498b | d148 b8ff | ffff ffff 
  0x0000022fb3cba8fc: ;   {virtual_call}
  0x0000022fb3cba8fc: ffff ffe8 

  0x0000022fb3cba900: ; ImmutableOopMap {[144]=Oop [152]=Oop [160]=Oop [168]=Oop }
                      ;*invokevirtual getBytes {reexecute=0 rethrow=0 return_oop=0}
                      ; - jdk.internal.loader.BuiltinClassLoader::defineClass@84 (line 859)
  0x0000022fb3cba900: 4c65 d4ff 

  0x0000022fb3cba904: ;   {other}
  0x0000022fb3cba904: 0f1f 8400 | f406 000c | 4889 8424 | c800 0000 | 488b 9424 | 9800 0000 | 9048 b8ff | ffff ffff 
  0x0000022fb3cba924: ;   {virtual_call}
  0x0000022fb3cba924: ffff ffe8 

  0x0000022fb3cba928: ; ImmutableOopMap {[144]=Oop [160]=Oop [168]=Oop [200]=Oop }
                      ;*invokevirtual getCodeSigners {reexecute=0 rethrow=0 return_oop=0}
                      ; - jdk.internal.loader.BuiltinClassLoader::defineClass@90 (line 860)
  0x0000022fb3cba928: 5465 d4ff 

  0x0000022fb3cba92c: ;   {other}
  0x0000022fb3cba92c: 0f1f 8400 | 1c07 000d 

  0x0000022fb3cba934: ;   {metadata('java/security/CodeSource')}
  0x0000022fb3cba934: 4c8b c848 | ba70 5d00 | ba2f 0200 | 0049 8b87 | b801 0000 | 488d 7828 | 493b bfc8 | 0100 000f 
  0x0000022fb3cba954: 87bc 0100 | 0049 89bf | b801 0000 | 48c7 0001 | 0000 0048 | 8bca 49ba | 0000 00ba | 2f02 0000 
  0x0000022fb3cba974: 492b ca89 | 4808 4833 | c989 480c | 4833 c948 | 8948 1048 | 8948 1848 | 8948 204c | 8b84 24a8 
  0x0000022fb3cba994: 0000 0048 | 8bd0 4889 | 8424 d000 | 0000 0f1f 

  0x0000022fb3cba9a4: ;   {optimized virtual_call}
  0x0000022fb3cba9a4: 4400 00e8 

  0x0000022fb3cba9a8: ; ImmutableOopMap {[144]=Oop [160]=Oop [200]=Oop [208]=Oop }
                      ;*invokespecial <init> {reexecute=0 rethrow=0 return_oop=0}
                      ; - jdk.internal.loader.BuiltinClassLoader::defineClass@102 (line 861)
  0x0000022fb3cba9a8: 54bc ffff 

  0x0000022fb3cba9ac: ;   {other}
  0x0000022fb3cba9ac: 0f1f 8400 | 9c07 000e | 488b 8424 | c800 0000 

  0x0000022fb3cba9bc: ; implicit exception: dispatches to 0x0000022fb3cbab22
  0x0000022fb3cba9bc: 8b70 0c4c | 8b84 24d0 | 0000 0048 | 8b94 24a0 | 0000 0089 | b424 d800 

  0x0000022fb3cba9d4: ;   {optimized virtual_call}
  0x0000022fb3cba9d4: 0000 90e8 

  0x0000022fb3cba9d8: ; ImmutableOopMap {[144]=Oop [160]=Oop [200]=Oop }
                      ;*invokevirtual getProtectionDomain {reexecute=0 rethrow=0 return_oop=0}
                      ; - java.security.SecureClassLoader::defineClass@9 (line 150)
                      ; - jdk.internal.loader.BuiltinClassLoader::defineClass@117 (line 862)
  0x0000022fb3cba9d8: a4d1 ffff 

  0x0000022fb3cba9dc: ;   {other}
  0x0000022fb3cba9dc: 0f1f 8400 | cc07 000f | 4c8b 8424 | 9000 0000 | 4c8b 8c24 | c800 0000 | bf00 0000 | 008b b424 
  0x0000022fb3cba9fc: d800 0000 | 488b c848 | 8b94 24a0 | 0000 000f 

  0x0000022fb3cbaa0c: ;   {optimized virtual_call}
  0x0000022fb3cbaa0c: 1f40 00e8 

  0x0000022fb3cbaa10: ; ImmutableOopMap {}
                      ;*invokevirtual defineClass {reexecute=0 rethrow=0 return_oop=0}
                      ; - java.security.SecureClassLoader::defineClass@12 (line 150)
                      ; - jdk.internal.loader.BuiltinClassLoader::defineClass@117 (line 862)
  0x0000022fb3cbaa10: ec6e 0200 

  0x0000022fb3cbaa14: ;   {other}
  0x0000022fb3cbaa14: 0f1f 8400 | 0408 0010 | 4881 c400 | 0100 005d 

  0x0000022fb3cbaa24: ;   {poll_return}
  0x0000022fb3cbaa24: 493b a750 | 0400 000f | 87f6 0000 | 00c3 498b | 8700 0500 | 004d 33d2 | 4d89 9700 | 0500 004d 
  0x0000022fb3cbaa44: 33d2 4d89 | 9708 0500 | 0048 8bf0 | 488d 8424 | e000 0000 | 488b 3848 | 85ff 0f84 | 0f00 0000 
  0x0000022fb3cbaa64: 488b 5808 | f048 0fb1 | 3b0f 85ca | 0000 0049 | ff8f 5005 | 0000 488b | c6e9 ee00 

  0x0000022fb3cbaa80: ;   {runtime_call throw_null_pointer_exception Runtime1 stub}
  0x0000022fb3cbaa80: 0000 e879 

  0x0000022fb3cbaa84: ; ImmutableOopMap {rax=Oop r8=Oop [144]=Oop [152]=Oop [160]=Oop [168]=Oop }
                      ;*invokevirtual lastIndexOf {reexecute=0 rethrow=0 return_oop=0}
                      ; - jdk.internal.loader.BuiltinClassLoader::defineClass@8 (line 845)
                      ;   {runtime_call throw_null_pointer_exception Runtime1 stub}
  0x0000022fb3cbaa84: 69d3 ffe8 

  0x0000022fb3cbaa88: ; ImmutableOopMap {rax=Oop r8=Oop rsi=Oop [144]=Oop [152]=Oop [160]=Oop [168]=Oop }
                      ;*arraylength {reexecute=0 rethrow=0 return_oop=0}
                      ; - java.lang.String::length@4 (line 1519)
                      ; - java.lang.String::lastIndexOf@3 (line 2535)
                      ; - jdk.internal.loader.BuiltinClassLoader::defineClass@8 (line 845)
  0x0000022fb3cbaa88: 7469 d3ff | 4c89 4c24 | 0848 8914 

  0x0000022fb3cbaa94: ;   {runtime_call monitorenter_nofpu Runtime1 stub}
  0x0000022fb3cbaa94: 24e8 6699 

  0x0000022fb3cbaa98: ; ImmutableOopMap {r9=Oop [144]=Oop [152]=Oop [160]=Oop [168]=Oop [232]=Oop }
                      ;*synchronization entry
                      ; - jdk.internal.loader.Resource::cachedInputStream@-1 (line 76)
                      ; - jdk.internal.loader.Resource::getByteBuffer@1 (line 163)
                      ; - jdk.internal.loader.BuiltinClassLoader::defineClass@45 (line 853)
  0x0000022fb3cbaa98: d3ff e9d7 | fbff ff41 | 8b51 0c48 | 83fa 000f | 840c fcff | ff48 8914 

  0x0000022fb3cbaab0: ;   {runtime_call g1_pre_barrier_slow}
  0x0000022fb3cbaab0: 24e8 4ac0 | d3ff e9fe | fbff ff48 | 83f8 000f | 840f fcff | ff4c 890c 

  0x0000022fb3cbaac8: ;   {runtime_call g1_post_barrier_slow}
  0x0000022fb3cbaac8: 24e8 32c3 | d3ff e901 | fcff ff48 | 8d84 24e0 | 0000 0048 

  0x0000022fb3cbaadc: ;   {runtime_call monitorexit_nofpu Runtime1 stub}
  0x0000022fb3cbaadc: 8904 24e8 | 1c9f d3ff | e919 fcff | ff48 8914 

  0x0000022fb3cbaaec: ;   {runtime_call throw_class_cast_exception Runtime1 stub}
  0x0000022fb3cbaaec: 24e8 0e8d 

  0x0000022fb3cbaaf0: ; ImmutableOopMap {[144]=Oop [152]=Oop [160]=Oop [168]=Oop }
                      ;*checkcast {reexecute=0 rethrow=0 return_oop=0}
                      ; - jdk.internal.loader.Resource::getByteBuffer@13 (line 165)
                      ; - jdk.internal.loader.BuiltinClassLoader::defineClass@45 (line 853)
  0x0000022fb3cbaaf0: d3ff 488b 

  0x0000022fb3cbaaf4: ;   {runtime_call fast_new_instance Runtime1 stub}
  0x0000022fb3cbaaf4: d2e8 0672 

  0x0000022fb3cbaaf8: ; ImmutableOopMap {r9=Oop [144]=Oop [160]=Oop [168]=Oop [184]=Oop }
                      ;*new {reexecute=0 rethrow=0 return_oop=0}
                      ; - jdk.internal.loader.BuiltinClassLoader::defineClass@61 (line 856)
  0x0000022fb3cbaaf8: d3ff e968 

  0x0000022fb3cbaafc: ;   {internal_word}
  0x0000022fb3cbaafc: fdff ff49 | badc a8cb | b32f 0200 | 004d 8997 | 6804 0000 

  0x0000022fb3cbab10: ;   {runtime_call SafepointBlob}
  0x0000022fb3cbab10: e9eb abc8 | ff48 8bd2 

  0x0000022fb3cbab18: ;   {runtime_call fast_new_instance Runtime1 stub}
  0x0000022fb3cbab18: e8e3 71d3 

  0x0000022fb3cbab1c: ; ImmutableOopMap {r9=Oop [144]=Oop [160]=Oop [168]=Oop [200]=Oop }
                      ;*new {reexecute=0 rethrow=0 return_oop=0}
                      ; - jdk.internal.loader.BuiltinClassLoader::defineClass@95 (line 861)
  0x0000022fb3cbab1c: ffe9 6dfe 

  0x0000022fb3cbab20: ;   {runtime_call throw_null_pointer_exception Runtime1 stub}
  0x0000022fb3cbab20: ffff e8d9 

  0x0000022fb3cbab24: ; ImmutableOopMap {rax=Oop [144]=Oop [160]=Oop [200]=Oop [208]=Oop }
                      ;*arraylength {reexecute=0 rethrow=0 return_oop=0}
                      ; - jdk.internal.loader.BuiltinClassLoader::defineClass@114 (line 862)
                      ;   {internal_word}
  0x0000022fb3cbab24: 68d3 ff49 | ba24 aacb | b32f 0200 | 004d 8997 | 6804 0000 

  0x0000022fb3cbab38: ;   {runtime_call SafepointBlob}
  0x0000022fb3cbab38: e9c3 abc8 | ff48 8d84 | 24e0 0000 | 0048 8904 

  0x0000022fb3cbab48: ;   {runtime_call monitorexit_nofpu Runtime1 stub}
  0x0000022fb3cbab48: 24e8 b29e | d3ff e927 | ffff ff49 | 8b87 0005 | 0000 49c7 | 8700 0500 | 0000 0000 | 0049 c787 
  0x0000022fb3cbab68: 0805 0000 | 0000 0000 | 4881 c400 | 0100 005d 

  0x0000022fb3cbab78: ;   {runtime_call unwind_exception Runtime1 stub}
  0x0000022fb3cbab78: e983 59d3 | fff4 f4f4 
[Stub Code]
  0x0000022fb3cbab80: ;   {no_reloc}
  0x0000022fb3cbab80: 0f1f 4400 

  0x0000022fb3cbab84: ;   {static_stub}
  0x0000022fb3cbab84: 0048 bb00 | 0000 0000 

  0x0000022fb3cbab8c: ;   {runtime_call}
  0x0000022fb3cbab8c: 0000 00e9 | fbff ffff 

  0x0000022fb3cbab94: ;   {static_stub}
  0x0000022fb3cbab94: 9048 bb00 | 0000 0000 

  0x0000022fb3cbab9c: ;   {runtime_call}
  0x0000022fb3cbab9c: 0000 00e9 | fbff ffff 

  0x0000022fb3cbaba4: ;   {static_stub}
  0x0000022fb3cbaba4: 9048 bb00 | 0000 0000 

  0x0000022fb3cbabac: ;   {runtime_call}
  0x0000022fb3cbabac: 0000 00e9 | fbff ffff 

  0x0000022fb3cbabb4: ;   {static_stub}
  0x0000022fb3cbabb4: 9048 bb00 | 0000 0000 

  0x0000022fb3cbabbc: ;   {runtime_call}
  0x0000022fb3cbabbc: 0000 00e9 | fbff ffff 

  0x0000022fb3cbabc4: ;   {static_stub}
  0x0000022fb3cbabc4: 9048 bb00 | 0000 0000 

  0x0000022fb3cbabcc: ;   {runtime_call}
  0x0000022fb3cbabcc: 0000 00e9 | fbff ffff 

  0x0000022fb3cbabd4: ;   {static_stub}
  0x0000022fb3cbabd4: 9048 bb00 | 0000 0000 

  0x0000022fb3cbabdc: ;   {runtime_call}
  0x0000022fb3cbabdc: 0000 00e9 | fbff ffff 

  0x0000022fb3cbabe4: ;   {static_stub}
  0x0000022fb3cbabe4: 9048 bb00 | 0000 0000 

  0x0000022fb3cbabec: ;   {runtime_call}
  0x0000022fb3cbabec: 0000 00e9 | fbff ffff 

  0x0000022fb3cbabf4: ;   {static_stub}
  0x0000022fb3cbabf4: 9048 bb00 | 0000 0000 

  0x0000022fb3cbabfc: ;   {runtime_call}
  0x0000022fb3cbabfc: 0000 00e9 | fbff ffff 

  0x0000022fb3cbac04: ;   {static_stub}
  0x0000022fb3cbac04: 48bb 0000 | 0000 0000 

  0x0000022fb3cbac0c: ;   {runtime_call}
  0x0000022fb3cbac0c: 0000 e9fb 

  0x0000022fb3cbac10: ;   {static_stub}
  0x0000022fb3cbac10: ffff ff48 | bb00 0000 | 0000 0000 

  0x0000022fb3cbac1c: ;   {runtime_call}
  0x0000022fb3cbac1c: 00e9 fbff 

  0x0000022fb3cbac20: ;   {static_stub}
  0x0000022fb3cbac20: ffff 48bb | 0000 0000 | 0000 0000 

  0x0000022fb3cbac2c: ;   {runtime_call}
  0x0000022fb3cbac2c: e9fb ffff 

  0x0000022fb3cbac30: ;   {static_stub}
  0x0000022fb3cbac30: ff48 bbf8 | d043 ba2f 

  0x0000022fb3cbac38: ;   {runtime_call I2C/C2I adapters}
  0x0000022fb3cbac38: 0200 00e9 | 3565 c7ff 

  0x0000022fb3cbac40: ;   {static_stub}
  0x0000022fb3cbac40: 48bb 0000 | 0000 0000 

  0x0000022fb3cbac48: ;   {runtime_call}
  0x0000022fb3cbac48: 0000 e9fb 

  0x0000022fb3cbac4c: ;   {static_stub}
  0x0000022fb3cbac4c: ffff ff48 | bb00 0000 | 0000 0000 

  0x0000022fb3cbac58: ;   {runtime_call}
  0x0000022fb3cbac58: 00e9 fbff 

  0x0000022fb3cbac5c: ;   {static_stub}
  0x0000022fb3cbac5c: ffff 48bb | 0000 0000 | 0000 0000 

  0x0000022fb3cbac68: ;   {runtime_call}
  0x0000022fb3cbac68: e9fb ffff 

  0x0000022fb3cbac6c: ;   {runtime_call handle_exception_from_callee Runtime1 stub}
  0x0000022fb3cbac6c: ffe8 8e85 

  0x0000022fb3cbac70: ;   {external_word}
  0x0000022fb3cbac70: d3ff 48b9 | 0048 8f87 | fe7f 0000 | 4883 e4f0 

  0x0000022fb3cbac80: ;   {runtime_call}
  0x0000022fb3cbac80: 48b8 4024 | 5787 fe7f | 0000 ffd0 

  0x0000022fb3cbac8c: ;   {section_word}
  0x0000022fb3cbac8c: f449 ba8d | accb b32f | 0200 0041 

  0x0000022fb3cbac98: ;   {runtime_call DeoptimizationBlob}
  0x0000022fb3cbac98: 52e9 029d | c8ff f4f4 
[/MachCode]


---------------  P R O C E S S  ---------------

Threads class SMR info:
_java_thread_list=0x0000022f807a9c50, length=13, elements={
0x0000022fa931d370, 0x0000022fb9cf8920, 0x0000022fb9cf9840, 0x0000022fb9cfe140,
0x0000022fb9cffd10, 0x0000022fb9d02780, 0x0000022fb9d031e0, 0x0000022fb9d03c40,
0x0000022fb9d91810, 0x0000022fff0466f0, 0x0000022fff4442c0, 0x0000022fff444930,
0x0000022fff6ee2b0
}

Java Threads: ( => current thread )
=>0x0000022fa931d370 JavaThread "main"                              [_thread_in_vm, id=11124, stack(0x000000e8ebb00000,0x000000e8ebc00000) (1024K)]
  0x0000022fb9cf8920 JavaThread "Reference Handler"          daemon [_thread_blocked, id=8652, stack(0x000000e8ec300000,0x000000e8ec400000) (1024K)]
  0x0000022fb9cf9840 JavaThread "Finalizer"                  daemon [_thread_blocked, id=11028, stack(0x000000e8ec400000,0x000000e8ec500000) (1024K)]
  0x0000022fb9cfe140 JavaThread "Signal Dispatcher"          daemon [_thread_blocked, id=6936, stack(0x000000e8ec500000,0x000000e8ec600000) (1024K)]
  0x0000022fb9cffd10 JavaThread "Attach Listener"            daemon [_thread_blocked, id=9260, stack(0x000000e8ec600000,0x000000e8ec700000) (1024K)]
  0x0000022fb9d02780 JavaThread "Service Thread"             daemon [_thread_blocked, id=9344, stack(0x000000e8ec700000,0x000000e8ec800000) (1024K)]
  0x0000022fb9d031e0 JavaThread "Monitor Deflation Thread"   daemon [_thread_blocked, id=11232, stack(0x000000e8ec800000,0x000000e8ec900000) (1024K)]
  0x0000022fb9d03c40 JavaThread "C1 CompilerThread0"         daemon [_thread_blocked, id=7664, stack(0x000000e8ec900000,0x000000e8eca00000) (1024K)]
  0x0000022fb9d91810 JavaThread "Common-Cleaner"             daemon [_thread_blocked, id=5112, stack(0x000000e8eca00000,0x000000e8ecb00000) (1024K)]
  0x0000022fff0466f0 JavaThread "C1 CompilerThread1"         daemon [_thread_blocked, id=7876, stack(0x000000e8ecb00000,0x000000e8ecc00000) (1024K)]
  0x0000022fff4442c0 JavaThread "Monitor Ctrl-Break"         daemon [_thread_in_native, id=3904, stack(0x000000e8ecc00000,0x000000e8ecd00000) (1024K)]
  0x0000022fff444930 JavaThread "Notification Thread"        daemon [_thread_blocked, id=9936, stack(0x000000e8ecd00000,0x000000e8ece00000) (1024K)]
  0x0000022fff6ee2b0 JavaThread "RMI TCP Accept-0"           daemon [_thread_in_native, id=2528, stack(0x000000e8ed100000,0x000000e8ed200000) (1024K)]
Total: 13

Other Threads:
  0x0000022fab54e350 VMThread "VM Thread"                           [id=4684, stack(0x000000e8ec200000,0x000000e8ec300000) (1024K)]
  0x0000022fab535990 WatcherThread "VM Periodic Task Thread"        [id=3044, stack(0x000000e8ec100000,0x000000e8ec200000) (1024K)]
  0x0000022fab4c9600 WorkerThread "GC Thread#0"                     [id=6740, stack(0x000000e8ebc00000,0x000000e8ebd00000) (1024K)]
  0x0000022fff55daf0 WorkerThread "GC Thread#1"                     [id=2976, stack(0x000000e8ece00000,0x000000e8ecf00000) (1024K)]
  0x0000022fff5716e0 WorkerThread "GC Thread#2"                     [id=1652, stack(0x000000e8ecf00000,0x000000e8ed000000) (1024K)]
  0x0000022fff577aa0 WorkerThread "GC Thread#3"                     [id=10320, stack(0x000000e8ed000000,0x000000e8ed100000) (1024K)]
  0x0000022fab4d1330 ConcurrentGCThread "G1 Main Marker"            [id=9880, stack(0x000000e8ebd00000,0x000000e8ebe00000) (1024K)]
  0x0000022fab4d1d40 WorkerThread "G1 Conc#0"                       [id=9924, stack(0x000000e8ebe00000,0x000000e8ebf00000) (1024K)]
  0x0000022fab523ec0 ConcurrentGCThread "G1 Refine#0"               [id=9164, stack(0x000000e8ebf00000,0x000000e8ec000000) (1024K)]
  0x0000022fab524af0 ConcurrentGCThread "G1 Service"                [id=6836, stack(0x000000e8ec000000,0x000000e8ec100000) (1024K)]
Total: 10

Threads with active compile tasks:
Total: 0

VM state: not at safepoint (normal execution)

VM Mutex/Monitor currently owned by a thread:  ([mutex/lock_event])
[0x00007ffe87b8ace8] Metaspace_lock - owner thread: 0x0000022fa931d370

Heap address: 0x00000000c8e00000, size: 882 MB, Compressed Oops mode: 32-bit

CDS archive(s) mapped at: [0x0000022fba000000-0x0000022fbac90000-0x0000022fbac90000), size 13172736, SharedBaseAddress: 0x0000022fba000000, ArchiveRelocationMode: 1.
Compressed class space mapped at: 0x0000022fbb000000-0x0000022ffb000000, reserved size: 1073741824
Narrow klass base: 0x0000022fba000000, Narrow klass shift: 0, Narrow klass range: 0x100000000

GC Precious Log:
 CardTable entry size: 512
 Card Set container configuration: InlinePtr #cards 5 size 8 Array Of Cards #cards 12 size 40 Howl #buckets 4 coarsen threshold 1843 Howl Bitmap #cards 512 size 80 coarsen threshold 460 Card regions per heap region 1 cards per card region 2048
 CPUs: 4 total, 4 available
 Memory: 3522M
 Large Page Support: Disabled
 NUMA Support: Disabled
 Compressed Oops: Enabled (32-bit)
 Heap Region Size: 1M
 Heap Min Capacity: 8M
 Heap Initial Capacity: 56M
 Heap Max Capacity: 882M
 Pre-touch: Disabled
 Parallel Workers: 4
 Concurrent Workers: 1
 Concurrent Refinement Workers: 4
 Periodic GC: Disabled

Heap:
 garbage-first heap   total 57344K, used 30526K [0x00000000c8e00000, 0x0000000100000000)
  region size 1024K, 19 young (19456K), 4 survivors (4096K)
 Metaspace       used 27329K, committed 27776K, reserved 1114112K
  class space    used 3775K, committed 3968K, reserved 1048576K

Heap Regions: E=young(eden), S=young(survivor), O=old, HS=humongous(starts), HC=humongous(continues), CS=collection set, F=free, TAMS=top-at-mark-start, PB=parsable bottom
|   0|0x00000000c8e00000, 0x00000000c8f00000, 0x00000000c8f00000|100%|HS|  |TAMS 0x00000000c8e00000| PB 0x00000000c8e00000| Complete 
|   1|0x00000000c8f00000, 0x00000000c9000000, 0x00000000c9000000|100%| O|  |TAMS 0x00000000c8f00000| PB 0x00000000c8f00000| Untracked 
|   2|0x00000000c9000000, 0x00000000c9100000, 0x00000000c9100000|100%| O|  |TAMS 0x00000000c9000000| PB 0x00000000c9000000| Untracked 
|   3|0x00000000c9100000, 0x00000000c9200000, 0x00000000c9200000|100%| O|  |TAMS 0x00000000c9100000| PB 0x00000000c9100000| Untracked 
|   4|0x00000000c9200000, 0x00000000c9300000, 0x00000000c9300000|100%| O|  |TAMS 0x00000000c9200000| PB 0x00000000c9200000| Untracked 
|   5|0x00000000c9300000, 0x00000000c9400000, 0x00000000c9400000|100%| O|  |TAMS 0x00000000c9300000| PB 0x00000000c9300000| Untracked 
|   6|0x00000000c9400000, 0x00000000c9500000, 0x00000000c9500000|100%| O|Cm|TAMS 0x00000000c9400000| PB 0x00000000c9400000| Complete 
|   7|0x00000000c9500000, 0x00000000c9600000, 0x00000000c9600000|100%| O|  |TAMS 0x00000000c9500000| PB 0x00000000c9500000| Untracked 
|   8|0x00000000c9600000, 0x00000000c9700000, 0x00000000c9700000|100%| O|  |TAMS 0x00000000c9600000| PB 0x00000000c9600000| Untracked 
|   9|0x00000000c9700000, 0x00000000c9800000, 0x00000000c9800000|100%| O|  |TAMS 0x00000000c9700000| PB 0x00000000c9700000| Untracked 
|  10|0x00000000c9800000, 0x00000000c9900000, 0x00000000c9900000|100%| O|  |TAMS 0x00000000c9800000| PB 0x00000000c9800000| Untracked 
|  11|0x00000000c9900000, 0x00000000c9a00000, 0x00000000c9a00000|100%| O|  |TAMS 0x00000000c9900000| PB 0x00000000c9900000| Untracked 
|  12|0x00000000c9a00000, 0x00000000c9acf8a0, 0x00000000c9b00000| 81%| O|  |TAMS 0x00000000c9a00000| PB 0x00000000c9a00000| Untracked 
|  13|0x00000000c9b00000, 0x00000000c9b00000, 0x00000000c9c00000|  0%| F|  |TAMS 0x00000000c9b00000| PB 0x00000000c9b00000| Untracked 
|  14|0x00000000c9c00000, 0x00000000c9c00000, 0x00000000c9d00000|  0%| F|  |TAMS 0x00000000c9c00000| PB 0x00000000c9c00000| Untracked 
|  15|0x00000000c9d00000, 0x00000000c9d00000, 0x00000000c9e00000|  0%| F|  |TAMS 0x00000000c9d00000| PB 0x00000000c9d00000| Untracked 
|  16|0x00000000c9e00000, 0x00000000c9e00000, 0x00000000c9f00000|  0%| F|  |TAMS 0x00000000c9e00000| PB 0x00000000c9e00000| Untracked 
|  17|0x00000000c9f00000, 0x00000000c9f00000, 0x00000000ca000000|  0%| F|  |TAMS 0x00000000c9f00000| PB 0x00000000c9f00000| Untracked 
|  18|0x00000000ca000000, 0x00000000ca000000, 0x00000000ca100000|  0%| F|  |TAMS 0x00000000ca000000| PB 0x00000000ca000000| Untracked 
|  19|0x00000000ca100000, 0x00000000ca100000, 0x00000000ca200000|  0%| F|  |TAMS 0x00000000ca100000| PB 0x00000000ca100000| Untracked 
|  20|0x00000000ca200000, 0x00000000ca200000, 0x00000000ca300000|  0%| F|  |TAMS 0x00000000ca200000| PB 0x00000000ca200000| Untracked 
|  21|0x00000000ca300000, 0x00000000ca300000, 0x00000000ca400000|  0%| F|  |TAMS 0x00000000ca300000| PB 0x00000000ca300000| Untracked 
|  22|0x00000000ca400000, 0x00000000ca500000, 0x00000000ca500000|100%| S|CS|TAMS 0x00000000ca400000| PB 0x00000000ca400000| Complete 
|  23|0x00000000ca500000, 0x00000000ca600000, 0x00000000ca600000|100%| S|CS|TAMS 0x00000000ca500000| PB 0x00000000ca500000| Complete 
|  24|0x00000000ca600000, 0x00000000ca700000, 0x00000000ca700000|100%| S|CS|TAMS 0x00000000ca600000| PB 0x00000000ca600000| Complete 
|  25|0x00000000ca700000, 0x00000000ca800000, 0x00000000ca800000|100%| S|CS|TAMS 0x00000000ca700000| PB 0x00000000ca700000| Complete 
|  26|0x00000000ca800000, 0x00000000ca800000, 0x00000000ca900000|  0%| F|  |TAMS 0x00000000ca800000| PB 0x00000000ca800000| Untracked 
|  27|0x00000000ca900000, 0x00000000ca900000, 0x00000000caa00000|  0%| F|  |TAMS 0x00000000ca900000| PB 0x00000000ca900000| Untracked 
|  28|0x00000000caa00000, 0x00000000caa00000, 0x00000000cab00000|  0%| F|  |TAMS 0x00000000caa00000| PB 0x00000000caa00000| Untracked 
|  29|0x00000000cab00000, 0x00000000cab00000, 0x00000000cac00000|  0%| F|  |TAMS 0x00000000cab00000| PB 0x00000000cab00000| Untracked 
|  30|0x00000000cac00000, 0x00000000cac00000, 0x00000000cad00000|  0%| F|  |TAMS 0x00000000cac00000| PB 0x00000000cac00000| Untracked 
|  31|0x00000000cad00000, 0x00000000cad00000, 0x00000000cae00000|  0%| F|  |TAMS 0x00000000cad00000| PB 0x00000000cad00000| Untracked 
|  32|0x00000000cae00000, 0x00000000cae00000, 0x00000000caf00000|  0%| F|  |TAMS 0x00000000cae00000| PB 0x00000000cae00000| Untracked 
|  33|0x00000000caf00000, 0x00000000caf00000, 0x00000000cb000000|  0%| F|  |TAMS 0x00000000caf00000| PB 0x00000000caf00000| Untracked 
|  34|0x00000000cb000000, 0x00000000cb000000, 0x00000000cb100000|  0%| F|  |TAMS 0x00000000cb000000| PB 0x00000000cb000000| Untracked 
|  35|0x00000000cb100000, 0x00000000cb100000, 0x00000000cb200000|  0%| F|  |TAMS 0x00000000cb100000| PB 0x00000000cb100000| Untracked 
|  36|0x00000000cb200000, 0x00000000cb200000, 0x00000000cb300000|  0%| F|  |TAMS 0x00000000cb200000| PB 0x00000000cb200000| Untracked 
|  37|0x00000000cb300000, 0x00000000cb300000, 0x00000000cb400000|  0%| F|  |TAMS 0x00000000cb300000| PB 0x00000000cb300000| Untracked 
|  38|0x00000000cb400000, 0x00000000cb400000, 0x00000000cb500000|  0%| F|  |TAMS 0x00000000cb400000| PB 0x00000000cb400000| Untracked 
|  39|0x00000000cb500000, 0x00000000cb500000, 0x00000000cb600000|  0%| F|  |TAMS 0x00000000cb500000| PB 0x00000000cb500000| Untracked 
|  40|0x00000000cb600000, 0x00000000cb600000, 0x00000000cb700000|  0%| F|  |TAMS 0x00000000cb600000| PB 0x00000000cb600000| Untracked 
|  41|0x00000000cb700000, 0x00000000cb7e7d88, 0x00000000cb800000| 90%| E|  |TAMS 0x00000000cb700000| PB 0x00000000cb700000| Complete 
|  42|0x00000000cb800000, 0x00000000cb900000, 0x00000000cb900000|100%| E|CS|TAMS 0x00000000cb800000| PB 0x00000000cb800000| Complete 
|  43|0x00000000cb900000, 0x00000000cba00000, 0x00000000cba00000|100%| E|CS|TAMS 0x00000000cb900000| PB 0x00000000cb900000| Complete 
|  44|0x00000000cba00000, 0x00000000cbb00000, 0x00000000cbb00000|100%| E|CS|TAMS 0x00000000cba00000| PB 0x00000000cba00000| Complete 
|  45|0x00000000cbb00000, 0x00000000cbc00000, 0x00000000cbc00000|100%| E|CS|TAMS 0x00000000cbb00000| PB 0x00000000cbb00000| Complete 
|  46|0x00000000cbc00000, 0x00000000cbd00000, 0x00000000cbd00000|100%| E|CS|TAMS 0x00000000cbc00000| PB 0x00000000cbc00000| Complete 
|  47|0x00000000cbd00000, 0x00000000cbe00000, 0x00000000cbe00000|100%| E|CS|TAMS 0x00000000cbd00000| PB 0x00000000cbd00000| Complete 
|  48|0x00000000cbe00000, 0x00000000cbf00000, 0x00000000cbf00000|100%| E|CS|TAMS 0x00000000cbe00000| PB 0x00000000cbe00000| Complete 
|  49|0x00000000cbf00000, 0x00000000cc000000, 0x00000000cc000000|100%| E|CS|TAMS 0x00000000cbf00000| PB 0x00000000cbf00000| Complete 
|  50|0x00000000cc000000, 0x00000000cc100000, 0x00000000cc100000|100%| E|CS|TAMS 0x00000000cc000000| PB 0x00000000cc000000| Complete 
|  51|0x00000000cc100000, 0x00000000cc200000, 0x00000000cc200000|100%| E|  |TAMS 0x00000000cc100000| PB 0x00000000cc100000| Complete 
|  52|0x00000000cc200000, 0x00000000cc300000, 0x00000000cc300000|100%| E|CS|TAMS 0x00000000cc200000| PB 0x00000000cc200000| Complete 
|  53|0x00000000cc300000, 0x00000000cc400000, 0x00000000cc400000|100%| E|CS|TAMS 0x00000000cc300000| PB 0x00000000cc300000| Complete 
|  54|0x00000000cc400000, 0x00000000cc500000, 0x00000000cc500000|100%| E|CS|TAMS 0x00000000cc400000| PB 0x00000000cc400000| Complete 
|  55|0x00000000cc500000, 0x00000000cc600000, 0x00000000cc600000|100%| E|CS|TAMS 0x00000000cc500000| PB 0x00000000cc500000| Complete 

Card table byte_map: [0x0000022fb68f0000,0x0000022fb6ab0000] _byte_map_base: 0x0000022fb62a9000

Marking Bits: (CMBitMap*) 0x0000022fab4c9c10
 Bits: [0x0000022fb6ab0000, 0x0000022fb7878000)

Polling page: 0x0000022fa9280000

Metaspace:

Usage:
  Non-class:     23.00 MB used.
      Class:      3.69 MB used.
       Both:     26.69 MB used.

Virtual space:
  Non-class space:       64.00 MB reserved,      23.25 MB ( 36%) committed,  1 nodes.
      Class space:        1.00 GB reserved,       3.88 MB ( <1%) committed,  1 nodes.
             Both:        1.06 GB reserved,      27.13 MB (  2%) committed. 

Chunk freelists:
   Non-Class:  8.67 MB
       Class:  12.07 MB
        Both:  20.75 MB

MaxMetaspaceSize: unlimited
CompressedClassSpaceSize: 1.00 GB
Initial GC threshold: 21.00 MB
Current GC threshold: 35.13 MB
CDS: on
 - commit_granule_bytes: 65536.
 - commit_granule_words: 8192.
 - virtual_space_node_default_size: 8388608.
 - enlarge_chunks_in_place: 1.
 - use_allocation_guard: 0.


Internal statistics:

num_allocs_failed_limit: 3.
num_arena_births: 568.
num_arena_deaths: 0.
num_vsnodes_births: 2.
num_vsnodes_deaths: 0.
num_space_committed: 434.
num_space_uncommitted: 0.
num_chunks_returned_to_freelist: 3.
num_chunks_taken_from_freelist: 1439.
num_chunk_merges: 3.
num_chunk_splits: 1020.
num_chunks_enlarged: 757.
num_inconsistent_stats: 0.

CodeCache: size=49152Kb used=7932Kb max_used=7932Kb free=41219Kb
 bounds [0x0000022fb38f0000, 0x0000022fb40b0000, 0x0000022fb68f0000]
 total_blobs=4419 nmethods=3892 adapters=450
 compilation: enabled
              stopped_count=0, restarted_count=0
 full_count=0

Compilation events (20 events):
Event: 5.270 Thread 0x0000022fff0466f0 3883       1       org.springframework.util.ReflectionUtils::getAllDeclaredMethods (38 bytes)
Event: 5.270 Thread 0x0000022fb9d03c40 3884       1       org.springframework.util.ReflectionUtils$$Lambda/0x0000022fbb3a7570::<init> (10 bytes)
Event: 5.271 Thread 0x0000022fb9d03c40 nmethod 3884 0x0000022fb40acd10 code [0x0000022fb40acea0, 0x0000022fb40acfb0]
Event: 5.271 Thread 0x0000022fb9d03c40 3885       1       org.springframework.util.ReflectionUtils::doWithMethods (7 bytes)
Event: 5.271 Thread 0x0000022fb9d03c40 nmethod 3885 0x0000022fb40ad010 code [0x0000022fb40ad1c0, 0x0000022fb40ad288]
Event: 5.271 Thread 0x0000022fff0466f0 nmethod 3883 0x0000022fb40ad310 code [0x0000022fb40ad500, 0x0000022fb40ad780]
Event: 5.271 Thread 0x0000022fff0466f0 3886   !   1       org.springframework.core.annotation.AnnotationsScanner::processElement (40 bytes)
Event: 5.271 Thread 0x0000022fff0466f0 nmethod 3886 0x0000022fb40ad910 code [0x0000022fb40adae0, 0x0000022fb40adce0]
Event: 5.272 Thread 0x0000022fff0466f0 3887       1       org.springframework.beans.factory.support.AbstractAutowireCapableBeanFactory::getInstantiationStrategy (5 bytes)
Event: 5.272 Thread 0x0000022fff0466f0 nmethod 3887 0x0000022fb40ade10 code [0x0000022fb40adfa0, 0x0000022fb40ae070]
Event: 5.279 Thread 0x0000022fff0466f0 3888       1       org.springframework.beans.factory.config.BeanPostProcessor::postProcessAfterInitialization (2 bytes)
Event: 5.279 Thread 0x0000022fff0466f0 nmethod 3888 0x0000022fb40ae110 code [0x0000022fb40ae2a0, 0x0000022fb40ae368]
Event: 5.279 Thread 0x0000022fb9d03c40 3889       1       org.springframework.core.ResolvableType::forMethodParameter (9 bytes)
Event: 5.279 Thread 0x0000022fff0466f0 3890       1       org.springframework.core.ResolvableType::forMethodParameter (17 bytes)
Event: 5.280 Thread 0x0000022fb9d03c40 nmethod 3889 0x0000022fb40ae410 code [0x0000022fb40ae5c0, 0x0000022fb40ae740]
Event: 5.280 Thread 0x0000022fff0466f0 nmethod 3890 0x0000022fb40ae890 code [0x0000022fb40aea40, 0x0000022fb40aebc0]
Event: 5.292 Thread 0x0000022fb9d03c40 3891       1       org.springframework.aop.support.ComposablePointcut::getClassFilter (5 bytes)
Event: 5.292 Thread 0x0000022fff0466f0 3892       1       org.springframework.aop.support.ComposablePointcut::getMethodMatcher (5 bytes)
Event: 5.292 Thread 0x0000022fb9d03c40 nmethod 3891 0x0000022fb40aed10 code [0x0000022fb40aeea0, 0x0000022fb40aef68]
Event: 5.292 Thread 0x0000022fff0466f0 nmethod 3892 0x0000022fb40af010 code [0x0000022fb40af1a0, 0x0000022fb40af268]

GC Heap History (12 events):
Event: 1.219 GC heap before
{Heap before GC invocations=0 (full 0):
 garbage-first heap   total 57344K, used 13312K [0x00000000c8e00000, 0x0000000100000000)
  region size 1024K, 13 young (13312K), 0 survivors (0K)
 Metaspace       used 3572K, committed 3712K, reserved 1114112K
  class space    used 403K, committed 448K, reserved 1048576K
}
Event: 1.234 GC heap after
{Heap after GC invocations=1 (full 0):
 garbage-first heap   total 57344K, used 7168K [0x00000000c8e00000, 0x0000000100000000)
  region size 1024K, 2 young (2048K), 2 survivors (2048K)
 Metaspace       used 3572K, committed 3712K, reserved 1114112K
  class space    used 403K, committed 448K, reserved 1048576K
}
Event: 1.857 GC heap before
{Heap before GC invocations=1 (full 0):
 garbage-first heap   total 57344K, used 17408K [0x00000000c8e00000, 0x0000000100000000)
  region size 1024K, 12 young (12288K), 2 survivors (2048K)
 Metaspace       used 7691K, committed 7936K, reserved 1114112K
  class space    used 932K, committed 1024K, reserved 1048576K
}
Event: 1.864 GC heap after
{Heap after GC invocations=2 (full 0):
 garbage-first heap   total 57344K, used 8541K [0x00000000c8e00000, 0x0000000100000000)
  region size 1024K, 2 young (2048K), 2 survivors (2048K)
 Metaspace       used 7691K, committed 7936K, reserved 1114112K
  class space    used 932K, committed 1024K, reserved 1048576K
}
Event: 2.608 GC heap before
{Heap before GC invocations=2 (full 0):
 garbage-first heap   total 57344K, used 29021K [0x00000000c8e00000, 0x0000000100000000)
  region size 1024K, 23 young (23552K), 2 survivors (2048K)
 Metaspace       used 13300K, committed 13568K, reserved 1114112K
  class space    used 1751K, committed 1856K, reserved 1048576K
}
Event: 2.613 GC heap after
{Heap after GC invocations=3 (full 0):
 garbage-first heap   total 57344K, used 10213K [0x00000000c8e00000, 0x0000000100000000)
  region size 1024K, 3 young (3072K), 3 survivors (3072K)
 Metaspace       used 13300K, committed 13568K, reserved 1114112K
  class space    used 1751K, committed 1856K, reserved 1048576K
}
Event: 3.349 GC heap before
{Heap before GC invocations=3 (full 0):
 garbage-first heap   total 57344K, used 38885K [0x00000000c8e00000, 0x0000000100000000)
  region size 1024K, 32 young (32768K), 3 survivors (3072K)
 Metaspace       used 19379K, committed 19712K, reserved 1114112K
  class space    used 2541K, committed 2688K, reserved 1048576K
}
Event: 3.357 GC heap after
{Heap after GC invocations=4 (full 0):
 garbage-first heap   total 57344K, used 12987K [0x00000000c8e00000, 0x0000000100000000)
  region size 1024K, 4 young (4096K), 4 survivors (4096K)
 Metaspace       used 19379K, committed 19712K, reserved 1114112K
  class space    used 2541K, committed 2688K, reserved 1048576K
}
Event: 3.975 GC heap before
{Heap before GC invocations=4 (full 0):
 garbage-first heap   total 57344K, used 32443K [0x00000000c8e00000, 0x0000000100000000)
  region size 1024K, 25 young (25600K), 4 survivors (4096K)
 Metaspace       used 21198K, committed 21504K, reserved 1114112K
  class space    used 2803K, committed 2944K, reserved 1048576K
}
Event: 3.986 GC heap after
{Heap after GC invocations=5 (full 0):
 garbage-first heap   total 57344K, used 15287K [0x00000000c8e00000, 0x0000000100000000)
  region size 1024K, 3 young (3072K), 3 survivors (3072K)
 Metaspace       used 21198K, committed 21504K, reserved 1114112K
  class space    used 2803K, committed 2944K, reserved 1048576K
}
Event: 4.805 GC heap before
{Heap before GC invocations=6 (full 0):
 garbage-first heap   total 57344K, used 42935K [0x00000000c8e00000, 0x0000000100000000)
  region size 1024K, 30 young (30720K), 3 survivors (3072K)
 Metaspace       used 25486K, committed 25920K, reserved 1114112K
  class space    used 3457K, committed 3648K, reserved 1048576K
}
Event: 4.814 GC heap after
{Heap after GC invocations=7 (full 0):
 garbage-first heap   total 57344K, used 17214K [0x00000000c8e00000, 0x0000000100000000)
  region size 1024K, 4 young (4096K), 4 survivors (4096K)
 Metaspace       used 25486K, committed 25920K, reserved 1114112K
  class space    used 3457K, committed 3648K, reserved 1048576K
}

Dll operation events (12 events):
Event: 0.128 Loaded shared library C:\Program Files\Java\jdk-21.0.2\bin\java.dll
Event: 0.497 Loaded shared library C:\Program Files\Java\jdk-21.0.2\bin\zip.dll
Event: 0.504 Loaded shared library C:\Program Files\Java\jdk-21.0.2\bin\instrument.dll
Event: 0.513 Loaded shared library C:\Program Files\Java\jdk-21.0.2\bin\net.dll
Event: 0.517 Loaded shared library C:\Program Files\Java\jdk-21.0.2\bin\nio.dll
Event: 0.523 Loaded shared library C:\Program Files\Java\jdk-21.0.2\bin\zip.dll
Event: 0.761 Loaded shared library C:\Program Files\JetBrains\IntelliJ IDEA 2023.2.1\bin\breakgen64.dll
Event: 0.773 Loaded shared library C:\Program Files\Java\jdk-21.0.2\bin\jimage.dll
Event: 0.784 Loaded shared library C:\Program Files\Java\jdk-21.0.2\bin\extnet.dll
Event: 0.810 Loaded shared library C:\Program Files\Java\jdk-21.0.2\bin\management.dll
Event: 0.838 Loaded shared library C:\Program Files\Java\jdk-21.0.2\bin\management_ext.dll
Event: 3.246 Loaded shared library C:\Program Files\Java\jdk-21.0.2\bin\sunmscapi.dll

Deoptimization events (2 events):
Event: 4.774 Thread 0x0000022fa931d370 DEOPT PACKING pc=0x0000022fb3f9800c sp=0x000000e8ebbfcf90
Event: 4.774 Thread 0x0000022fa931d370 DEOPT UNPACKING pc=0x0000022fb3944e42 sp=0x000000e8ebbfc448 mode 0

Classes loaded (20 events):
Event: 5.156 Loading class java/beans/Introspector$1
Event: 5.156 Loading class jdk/internal/access/JavaBeansAccess
Event: 5.161 Loading class jdk/internal/access/JavaBeansAccess done
Event: 5.161 Loading class java/beans/Introspector$1 done
Event: 5.189 Loading class java/util/function/ObjIntConsumer
Event: 5.190 Loading class java/util/function/ObjIntConsumer done
Event: 5.196 Loading class jdk/internal/classfile/ClassBuilder
Event: 5.196 Loading class jdk/internal/classfile/ClassfileBuilder
Event: 5.196 Loading class jdk/internal/classfile/ClassfileBuilder done
Event: 5.196 Loading class jdk/internal/classfile/ClassBuilder done
Event: 5.196 Loading class jdk/internal/classfile/ClassElement
Event: 5.196 Loading class jdk/internal/classfile/ClassfileElement
Event: 5.196 Loading class jdk/internal/classfile/ClassfileElement done
Event: 5.196 Loading class jdk/internal/classfile/ClassElement done
Event: 5.211 Loading class javax/management/MBeanRegistrationException
Event: 5.211 Loading class javax/management/MBeanException
Event: 5.211 Loading class javax/management/MBeanException done
Event: 5.211 Loading class javax/management/MBeanRegistrationException done
Event: 5.211 Loading class javax/management/InstanceNotFoundException
Event: 5.211 Loading class javax/management/InstanceNotFoundException done

Classes unloaded (0 events):
No events

Classes redefined (0 events):
No events

Internal exceptions (20 events):
Event: 4.635 Thread 0x0000022fa931d370 Exception <a 'java/lang/NoSuchMethodError'{0x00000000cb1cf430}: 'java.lang.Object java.lang.invoke.DelegatingMethodHandle$Holder.delegate(java.lang.Object, int, java.lang.Object, java.lang.Object)'> (0x00000000cb1cf430) 
thrown [s\open\src\hotspot\share\interpreter\linkResolver.cpp, line 773]
Event: 4.637 Thread 0x0000022fa931d370 Exception <a 'java/lang/NoSuchMethodError'{0x00000000cb1de758}: 'int java.lang.invoke.Invokers$Holder.linkToTargetMethod(java.lang.Object, java.lang.Object, java.lang.Object)'> (0x00000000cb1de758) 
thrown [s\open\src\hotspot\share\interpreter\linkResolver.cpp, line 773]
Event: 4.654 Thread 0x0000022fa931d370 Exception <a 'java/lang/NoSuchMethodError'{0x00000000cad803b0}: 'void java.lang.invoke.Invokers$Holder.invokeExact_MT(java.lang.Object, java.lang.Object, java.lang.Object)'> (0x00000000cad803b0) 
thrown [s\open\src\hotspot\share\interpreter\linkResolver.cpp, line 773]
Event: 4.691 Thread 0x0000022fa931d370 Exception <a 'java/lang/NoClassDefFoundError'{0x00000000cacbece8}: org/flywaydb/core/Flyway> (0x00000000cacbece8) 
thrown [s\open\src\hotspot\share\classfile\systemDictionary.cpp, line 301]
Event: 4.691 Thread 0x0000022fa931d370 Exception <a 'java/lang/NoClassDefFoundError'{0x00000000cacc0a30}: liquibase/integration/spring/SpringLiquibase> (0x00000000cacc0a30) 
thrown [s\open\src\hotspot\share\classfile\systemDictionary.cpp, line 301]
Event: 4.742 Thread 0x0000022fa931d370 Exception <a 'java/lang/NoSuchMethodError'{0x00000000caa92fc8}: 'void java.lang.invoke.DirectMethodHandle$Holder.invokeVirtual(java.lang.Object, java.lang.Object, int)'> (0x00000000caa92fc8) 
thrown [s\open\src\hotspot\share\interpreter\linkResolver.cpp, line 773]
Event: 4.743 Thread 0x0000022fa931d370 Exception <a 'java/lang/NoSuchMethodError'{0x00000000caa96b60}: 'int java.lang.invoke.DirectMethodHandle$Holder.invokeSpecial(java.lang.Object, java.lang.Object, java.lang.Object, int)'> (0x00000000caa96b60) 
thrown [s\open\src\hotspot\share\interpreter\linkResolver.cpp, line 773]
Event: 4.743 Thread 0x0000022fa931d370 Exception <a 'java/lang/NoSuchMethodError'{0x00000000caaa8898}: 'java.lang.Object java.lang.invoke.DirectMethodHandle$Holder.invokeStatic(java.lang.Object, java.lang.Object, java.lang.Object, java.lang.Object, int)'> (0x00000000caaa8898) 
thrown [s\open\src\hotspot\share\interpreter\linkResolver.cpp, line 773]
Event: 4.744 Thread 0x0000022fa931d370 Exception <a 'java/lang/NoSuchMethodError'{0x00000000caab2f50}: 'void java.lang.invoke.DelegatingMethodHandle$Holder.reinvoke_L(java.lang.Object, java.lang.Object, int)'> (0x00000000caab2f50) 
thrown [s\open\src\hotspot\share\interpreter\linkResolver.cpp, line 773]
Event: 5.016 Thread 0x0000022fa931d370 Exception <a 'java/lang/NoSuchMethodError'{0x00000000cc1687e8}: 'java.lang.Object java.lang.invoke.DirectMethodHandle$Holder.invokeSpecialIFC(java.lang.Object, java.lang.Object, java.lang.Object)'> (0x00000000cc1687e8) 
thrown [s\open\src\hotspot\share\interpreter\linkResolver.cpp, line 773]
Event: 5.036 Thread 0x0000022fa931d370 Exception <a 'java/lang/NoSuchMethodError'{0x00000000cc1c50d0}: 'java.lang.Object java.lang.invoke.DirectMethodHandle$Holder.invokeVirtual(java.lang.Object, java.lang.Object, java.lang.Object, java.lang.Object, java.lang.Object)'> (0x00000000cc1c50d0) 
thrown [s\open\src\hotspot\share\interpreter\linkResolver.cpp, line 773]
Event: 5.141 Thread 0x0000022fa931d370 Exception <a 'java/lang/NoSuchMethodError'{0x00000000cbe90628}: 'java.lang.reflect.Field[] java.lang.Class.getDeclaredFields(java.lang.Class)'> (0x00000000cbe90628) 
thrown [s\open\src\hotspot\share\interpreter\linkResolver.cpp, line 773]
Event: 5.167 Thread 0x0000022fa931d370 Exception <a 'java/lang/NoSuchMethodError'{0x00000000cbeed6f8}: 'java.lang.Object java.lang.invoke.DirectMethodHandle$Holder.invokeVirtual(java.lang.Object, java.lang.Object, java.lang.Object, java.lang.Object, java.lang.Object, java.lang.Object)'> (0x00000000cbeed6f8) 
thrown [s\open\src\hotspot\share\interpreter\linkResolver.cpp, line 773]
Event: 5.201 Thread 0x0000022fa931d370 Exception <a 'java/lang/NoSuchMethodError'{0x00000000cbc6eed8}: 'void java.lang.invoke.DirectMethodHandle$Holder.invokeInterface(java.lang.Object, java.lang.Object, int)'> (0x00000000cbc6eed8) 
thrown [s\open\src\hotspot\share\interpreter\linkResolver.cpp, line 773]
Event: 5.206 Thread 0x0000022fa931d370 Exception <a 'java/lang/IncompatibleClassChangeError'{0x00000000cbcb1368}: Found class java.lang.Object, but interface was expected> (0x00000000cbcb1368) 
thrown [s\open\src\hotspot\share\interpreter\linkResolver.cpp, line 840]
Event: 5.207 Thread 0x0000022fa931d370 Exception <a 'java/lang/NoSuchMethodError'{0x00000000cbcc6130}: 'void java.lang.invoke.DirectMethodHandle$Holder.invokeStatic(java.lang.Object, int, java.lang.Object)'> (0x00000000cbcc6130) 
thrown [s\open\src\hotspot\share\interpreter\linkResolver.cpp, line 773]
Event: 5.212 Thread 0x0000022fa931d370 Exception <a 'java/lang/NoSuchMethodError'{0x00000000cbcfc488}: 'void java.lang.invoke.DirectMethodHandle$Holder.invokeStatic(java.lang.Object, java.lang.Object, java.lang.Object, int, java.lang.Object)'> (0x00000000cbcfc488) 
thrown [s\open\src\hotspot\share\interpreter\linkResolver.cpp, line 773]
Event: 5.212 Thread 0x0000022fa931d370 Exception <a 'java/lang/NoSuchMethodError'{0x00000000cbb02d48}: 'java.lang.Object java.lang.invoke.DirectMethodHandle$Holder.newInvokeSpecial(java.lang.Object, java.lang.Object, java.lang.Object, int)'> (0x00000000cbb02d48) 
thrown [s\open\src\hotspot\share\interpreter\linkResolver.cpp, line 773]
Event: 5.212 Thread 0x0000022fa931d370 Exception <a 'java/lang/NoSuchMethodError'{0x00000000cbb06bc8}: 'java.lang.Object java.lang.invoke.DirectMethodHandle$Holder.invokeSpecial(java.lang.Object, java.lang.Object, java.lang.Object, java.lang.Object, int)'> (0x00000000cbb06bc8) 
thrown [s\open\src\hotspot\share\interpreter\linkResolver.cpp, line 773]
Event: 5.213 Thread 0x0000022fa931d370 Exception <a 'java/lang/NoSuchMethodError'{0x00000000cbb0a050}: 'java.lang.Object java.lang.invoke.Invokers$Holder.linkToTargetMethod(java.lang.Object, java.lang.Object, int, java.lang.Object)'> (0x00000000cbb0a050) 
thrown [s\open\src\hotspot\share\interpreter\linkResolver.cpp, line 773]

ZGC Phase Switch (0 events):
No events

VM Operations (20 events):
Event: 4.312 Executing VM operation: HandshakeAllThreads (Deoptimize)
Event: 4.312 Executing VM operation: HandshakeAllThreads (Deoptimize) done
Event: 4.314 Executing VM operation: HandshakeAllThreads (Deoptimize)
Event: 4.314 Executing VM operation: HandshakeAllThreads (Deoptimize) done
Event: 4.427 Executing VM operation: HandshakeAllThreads (Deoptimize)
Event: 4.427 Executing VM operation: HandshakeAllThreads (Deoptimize) done
Event: 4.619 Executing VM operation: HandshakeAllThreads (Deoptimize)
Event: 4.619 Executing VM operation: HandshakeAllThreads (Deoptimize) done
Event: 4.624 Executing VM operation: HandshakeAllThreads (Deoptimize)
Event: 4.624 Executing VM operation: HandshakeAllThreads (Deoptimize) done
Event: 4.755 Executing VM operation: HandshakeAllThreads (Deoptimize)
Event: 4.755 Executing VM operation: HandshakeAllThreads (Deoptimize) done
Event: 4.759 Executing VM operation: ICBufferFull
Event: 4.759 Executing VM operation: ICBufferFull done
Event: 4.772 Executing VM operation: HandshakeAllThreads (Deoptimize)
Event: 4.772 Executing VM operation: HandshakeAllThreads (Deoptimize) done
Event: 4.774 Executing VM operation: HandshakeAllThreads (Deoptimize)
Event: 4.774 Executing VM operation: HandshakeAllThreads (Deoptimize) done
Event: 4.805 Executing VM operation: G1CollectForAllocation (G1 Evacuation Pause)
Event: 4.814 Executing VM operation: G1CollectForAllocation (G1 Evacuation Pause) done

Events (17 events):
Event: 0.208 Thread 0x0000022fa931d370 Thread added: 0x0000022fa931d370
Event: 0.242 Thread 0x0000022fb9cf8920 Thread added: 0x0000022fb9cf8920
Event: 0.242 Thread 0x0000022fb9cf9840 Thread added: 0x0000022fb9cf9840
Event: 0.243 Thread 0x0000022fb9cfe140 Thread added: 0x0000022fb9cfe140
Event: 0.243 Thread 0x0000022fb9cffd10 Thread added: 0x0000022fb9cffd10
Event: 0.244 Thread 0x0000022fb9d02780 Thread added: 0x0000022fb9d02780
Event: 0.244 Thread 0x0000022fb9d031e0 Thread added: 0x0000022fb9d031e0
Event: 0.244 Thread 0x0000022fb9d03c40 Thread added: 0x0000022fb9d03c40
Event: 0.459 Thread 0x0000022fb9d91810 Thread added: 0x0000022fb9d91810
Event: 0.474 Thread 0x0000022fff0466f0 Thread added: 0x0000022fff0466f0
Event: 0.762 Thread 0x0000022fff4442c0 Thread added: 0x0000022fff4442c0
Event: 0.763 Thread 0x0000022fff444930 Thread added: 0x0000022fff444930
Event: 1.446 Thread 0x0000022fff6ee2b0 Thread added: 0x0000022fff6ee2b0
Event: 2.514 Thread 0x0000022f80201120 Thread added: 0x0000022f80201120
Event: 3.254 Thread 0x0000022f80201120 Thread exited: 0x0000022f80201120
Event: 3.341 Thread 0x0000022f8075c030 Thread added: 0x0000022f8075c030
Event: 3.388 Thread 0x0000022f8075c030 Thread exited: 0x0000022f8075c030


Dynamic libraries:
0x00007ff632160000 - 0x00007ff632170000 	C:\Program Files\Java\jdk-21.0.2\bin\java.exe
0x00007ffed7050000 - 0x00007ffed723e000 	C:\Windows\SYSTEM32\ntdll.dll
0x00007ffed4b40000 - 0x00007ffed4bf3000 	C:\Windows\System32\KERNEL32.DLL
0x00007ffed3ed0000 - 0x00007ffed416d000 	C:\Windows\System32\KERNELBASE.dll
0x00007ffed3360000 - 0x00007ffed345a000 	C:\Windows\System32\ucrtbase.dll
0x00007ffecc0b0000 - 0x00007ffecc0cb000 	C:\Program Files\Java\jdk-21.0.2\bin\VCRUNTIME140.dll
0x00007ffecc750000 - 0x00007ffecc769000 	C:\Program Files\Java\jdk-21.0.2\bin\jli.dll
0x00007ffed66c0000 - 0x00007ffed6768000 	C:\Windows\System32\ADVAPI32.dll
0x00007ffed4360000 - 0x00007ffed43fe000 	C:\Windows\System32\msvcrt.dll
0x00007ffed6c70000 - 0x00007ffed6d12000 	C:\Windows\System32\sechost.dll
0x00007ffed4240000 - 0x00007ffed4358000 	C:\Windows\System32\RPCRT4.dll
0x00007ffed4170000 - 0x00007ffed4196000 	C:\Windows\System32\bcrypt.dll
0x00007ffed6520000 - 0x00007ffed66b7000 	C:\Windows\System32\USER32.dll
0x00007ffed30a0000 - 0x00007ffed30c0000 	C:\Windows\System32\win32u.dll
0x00007ffed4840000 - 0x00007ffed4869000 	C:\Windows\System32\GDI32.dll
0x00007ffed30c0000 - 0x00007ffed326a000 	C:\Windows\System32\gdi32full.dll
0x00007ffed41a0000 - 0x00007ffed4240000 	C:\Windows\System32\msvcp_win.dll
0x00007ffec93d0000 - 0x00007ffec9649000 	C:\Windows\WinSxS\amd64_microsoft.windows.common-controls_6595b64144ccf1df_6.0.17763.5820_none_de6fe986534c6745\COMCTL32.dll
0x00007ffed4510000 - 0x00007ffed483b000 	C:\Windows\System32\combase.dll
0x00007ffed3270000 - 0x00007ffed32f2000 	C:\Windows\System32\bcryptPrimitives.dll
0x00007ffece3e0000 - 0x00007ffece3ea000 	C:\Windows\SYSTEM32\VERSION.dll
0x00007ffed4870000 - 0x00007ffed489e000 	C:\Windows\System32\IMM32.DLL
0x00007ffed11d0000 - 0x00007ffed11dc000 	C:\Program Files\Java\jdk-21.0.2\bin\vcruntime140_1.dll
0x00007ffebffb0000 - 0x00007ffec003e000 	C:\Program Files\Java\jdk-21.0.2\bin\msvcp140.dll
0x00007ffe86f50000 - 0x00007ffe87c67000 	C:\Program Files\Java\jdk-21.0.2\bin\server\jvm.dll
0x00007ffed2ff0000 - 0x00007ffed304d000 	C:\Windows\System32\POWRPROF.dll
0x00007ffed4dc0000 - 0x00007ffed4e2d000 	C:\Windows\System32\WS2_32.dll
0x00007ffed1110000 - 0x00007ffed1134000 	C:\Windows\SYSTEM32\WINMM.dll
0x00007ffed10e0000 - 0x00007ffed110d000 	C:\Windows\SYSTEM32\WINMMBASE.dll
0x00007ffed3e80000 - 0x00007ffed3eca000 	C:\Windows\System32\cfgmgr32.dll
0x00007ffed2fd0000 - 0x00007ffed2fe1000 	C:\Windows\System32\kernel.appcore.dll
0x00007ffecc370000 - 0x00007ffecc37a000 	C:\Program Files\Java\jdk-21.0.2\bin\jimage.dll
0x00007ffec68e0000 - 0x00007ffec6acd000 	C:\Windows\SYSTEM32\DBGHELP.DLL
0x00007ffec68b0000 - 0x00007ffec68da000 	C:\Windows\SYSTEM32\dbgcore.DLL
0x00007ffecc0a0000 - 0x00007ffecc0af000 	C:\Program Files\Java\jdk-21.0.2\bin\instrument.dll
0x00007ffecc080000 - 0x00007ffecc09f000 	C:\Program Files\Java\jdk-21.0.2\bin\java.dll
0x00007ffed5020000 - 0x00007ffed6518000 	C:\Windows\System32\SHELL32.dll
0x00007ffed4460000 - 0x00007ffed4507000 	C:\Windows\System32\shcore.dll
0x00007ffed3460000 - 0x00007ffed3ba7000 	C:\Windows\System32\windows.storage.dll
0x00007ffed3070000 - 0x00007ffed3093000 	C:\Windows\System32\profapi.dll
0x00007ffed6d20000 - 0x00007ffed6d72000 	C:\Windows\System32\shlwapi.dll
0x00007ffed3db0000 - 0x00007ffed3dcb000 	C:\Windows\System32\cryptsp.dll
0x00007ffecbe90000 - 0x00007ffecbea8000 	C:\Program Files\Java\jdk-21.0.2\bin\zip.dll
0x00007ffecbfb0000 - 0x00007ffecbfc0000 	C:\Program Files\Java\jdk-21.0.2\bin\net.dll
0x00007ffec9fa0000 - 0x00007ffeca09d000 	C:\Windows\SYSTEM32\WINHTTP.dll
0x00007ffed27c0000 - 0x00007ffed2827000 	C:\Windows\system32\mswsock.dll
0x00007ffeca8b0000 - 0x00007ffeca8c6000 	C:\Program Files\Java\jdk-21.0.2\bin\nio.dll
0x00007ffeca360000 - 0x00007ffeca37a000 	C:\Program Files\JetBrains\IntelliJ IDEA 2023.2.1\bin\breakgen64.dll
0x00007ffecbcd0000 - 0x00007ffecbcd9000 	C:\Program Files\Java\jdk-21.0.2\bin\extnet.dll
0x00007ffed2500000 - 0x00007ffed25c6000 	C:\Windows\SYSTEM32\DNSAPI.dll
0x00007ffed4b20000 - 0x00007ffed4b28000 	C:\Windows\System32\NSI.dll
0x00007ffed24c0000 - 0x00007ffed24fd000 	C:\Windows\SYSTEM32\IPHLPAPI.DLL
0x00007ffec7b70000 - 0x00007ffec7b7a000 	C:\Windows\System32\rasadhlp.dll
0x00007ffec87d0000 - 0x00007ffec8849000 	C:\Windows\System32\fwpuclnt.dll
0x00007ffecb920000 - 0x00007ffecb92a000 	C:\Program Files\Java\jdk-21.0.2\bin\management.dll
0x00007ffeca4f0000 - 0x00007ffeca4fb000 	C:\Program Files\Java\jdk-21.0.2\bin\management_ext.dll
0x00007ffed4b30000 - 0x00007ffed4b38000 	C:\Windows\System32\PSAPI.DLL
0x00007ffed2330000 - 0x00007ffed2363000 	C:\Windows\system32\rsaenh.dll
0x00007ffed2ed0000 - 0x00007ffed2ef9000 	C:\Windows\SYSTEM32\USERENV.dll
0x00007ffed2990000 - 0x00007ffed299c000 	C:\Windows\SYSTEM32\CRYPTBASE.dll
0x00007ffec4e50000 - 0x00007ffec4e66000 	C:\Windows\system32\napinsp.dll
0x00007ffec1870000 - 0x00007ffec188a000 	C:\Windows\system32\pnrpnsp.dll
0x00007ffec4040000 - 0x00007ffec404e000 	C:\Windows\System32\winrnr.dll
0x00007ffecf7a0000 - 0x00007ffecf7bb000 	C:\Windows\system32\NLAapi.dll
0x00007ffebba40000 - 0x00007ffebba55000 	C:\Windows\system32\wshbth.dll
0x00007ffec9ba0000 - 0x00007ffec9bae000 	C:\Program Files\Java\jdk-21.0.2\bin\sunmscapi.dll
0x00007ffed3bb0000 - 0x00007ffed3dae000 	C:\Windows\System32\CRYPT32.dll
0x00007ffed3050000 - 0x00007ffed3062000 	C:\Windows\System32\MSASN1.dll
0x00007ffed2a90000 - 0x00007ffed2abc000 	C:\Windows\SYSTEM32\ncrypt.dll
0x00007ffed2a50000 - 0x00007ffed2a8c000 	C:\Windows\SYSTEM32\NTASN1.dll

dbghelp: loaded successfully - version: 4.0.5 - missing functions: none
symbol engine: initialized successfully - sym options: 0x614 - pdb path: .;C:\Program Files\Java\jdk-21.0.2\bin;C:\Windows\SYSTEM32;C:\Windows\WinSxS\amd64_microsoft.windows.common-controls_6595b64144ccf1df_6.0.17763.5820_none_de6fe986534c6745;C:\Program Files\Java\jdk-21.0.2\bin\server;C:\Program Files\JetBrains\IntelliJ IDEA 2023.2.1\bin

VM Arguments:
jvm_args: -XX:TieredStopAtLevel=1 -Dspring.output.ansi.enabled=always -Dcom.sun.management.jmxremote -Dspring.jmx.enabled=true -Dspring.liveBeansView.mbeanDomain -Dspring.application.admin.enabled=true -Dmanagement.endpoints.jmx.exposure.include=* -javaagent:C:\Program Files\JetBrains\IntelliJ IDEA 2023.2.1\lib\idea_rt.jar=7573:C:\Program Files\JetBrains\IntelliJ IDEA 2023.2.1\bin -Dfile.encoding=UTF-8 -Dsun.stdout.encoding=UTF-8 -Dsun.stderr.encoding=UTF-8 
java_command: com.example.project.ProjectApplication
java_class_path (initial): C:\Users\Zver\Programm\bestMarketPlaceEver\Backend\target\classes;C:\Users\Zver\.m2\repository\org\springframework\boot\spring-boot-starter-data-jpa\3.2.5\spring-boot-starter-data-jpa-3.2.5.jar;C:\Users\Zver\.m2\repository\org\springframework\boot\spring-boot-starter-aop\3.2.5\spring-boot-starter-aop-3.2.5.jar;C:\Users\Zver\.m2\repository\org\aspectj\aspectjweaver\1.9.22\aspectjweaver-1.9.22.jar;C:\Users\Zver\.m2\repository\org\springframework\boot\spring-boot-starter-jdbc\3.2.5\spring-boot-starter-jdbc-3.2.5.jar;C:\Users\Zver\.m2\repository\com\zaxxer\HikariCP\5.0.1\HikariCP-5.0.1.jar;C:\Users\Zver\.m2\repository\org\springframework\spring-jdbc\6.1.6\spring-jdbc-6.1.6.jar;C:\Users\Zver\.m2\repository\org\hibernate\orm\hibernate-core\6.4.4.Final\hibernate-core-6.4.4.Final.jar;C:\Users\Zver\.m2\repository\jakarta\persistence\jakarta.persistence-api\3.1.0\jakarta.persistence-api-3.1.0.jar;C:\Users\Zver\.m2\repository\jakarta\transaction\jakarta.transaction-api\2.0.1\jakarta.transaction-api-2.0.1.jar;C:\Users\Zver\.m2\repository\org\jboss\logging\jboss-logging\3.5.3.Final\jboss-logging-3.5.3.Final.jar;C:\Users\Zver\.m2\repository\org\hibernate\common\hibernate-commons-annotations\6.0.6.Final\hibernate-commons-annotations-6.0.6.Final.jar;C:\Users\Zver\.m2\repository\io\smallrye\jandex\3.1.2\jandex-3.1.2.jar;C:\Users\Zver\.m2\repository\com\fasterxml\classmate\1.6.0\classmate-1.6.0.jar;C:\Users\Zver\.m2\repository\net\bytebuddy\byte-buddy\1.14.13\byte-buddy-1.14.13.jar;C:\Users\Zver\.m2\repository\org\glassfish\jaxb\jaxb-runtime\4.0.5\jaxb-runtime-4.0.5.jar;C:\Users\Zver\.m2\repository\org\glassfish\jaxb\jaxb-core\4.0.5\jaxb-core-4.0.5.jar;C:\Users\Zver\.m2\repository\org\eclipse\angus\angus-activation\2.0.2\angus-activation-2.0.2.jar;C:\Users\Zver\.m2\repository\org\glassfish\jaxb\txw2\4.0.5\txw2-4.0.5.jar;C:\Users\Zver\.m2\repository\com\sun\istack\istack-commons-runtime\4.1.2\istack-commons-runtime-4.1.2.jar;C:\Users\Zver\.m2\repository\jakarta\inject\jakarta.inject-api\2.0.1\jakarta.inject-api-2.0.1.jar;C:\Users\Zver\.m2\repository\org\antlr\antlr4-runtime\4.13.0\antlr4-runtime-4.13.0.jar;C:\Users\Zver\.m2\repository\org\springframework\data\spring-data-jpa\3.2.5\spring-data-jpa-3.2.5.jar;C:\Users\Zver\.m2\repository\org\springframework\data\spring-data-commons\3.2.5\spring-data-commons-3.2.5.jar;C:\Users\Zver\.m2\repository\org\springframework\spring-orm\6.1.6\spring-orm-6.1.6.jar;C:\Users\Zver\.m2\repository\org\springframework\spring-context\6.1.6\spring-context-6.1.6.jar;C:\Users\Zver\.m2\repository\org\springframework\spring-tx\6.1.6\spring-tx-6.1.6.jar;C:\Users\Zver\.m2\repository\org\springframework\spring-beans\6.1.6\spring-beans-6.1.6.jar;C:\Users\Zver\.m2\repository\jakarta\annotation\jakarta.annotation-api\2.1.1\jakarta.annotation-api-2.1.1.jar;C:\Users\Zver\.m2\repository\org\slf4j\slf4j-api\2.0.13\slf4j-api-2.0.13.jar;C:\Users\Zver\.m2\repository\org\springframework\spring-aspects\6.1.6\spring-aspects-6.1.6.jar;C:\Users\Zver\.m2\repository\org\springframework\boot\spring-boot-starter-web\3.2.5\spring-boot-starter-web-3.2.5.jar;C:\Users\Zver\.m2\repository\org\springframework\boot\spring-boot-starter\3.2.5\spring-boot-starter-3.2.5.jar;C:\Users\Zver\.m2\repository\org\springframework\boot\spring-boot\3.2.5\spring-boot-3.2.5.jar;C:\Users\Zver\.m2\repository\org\springframework\boot\spring-boot-autoconfigure\3.2.5\spring-boot-autoconfigure-3.2.5.jar;C:\Users\Zver\.m2\repository\org\springframework\boot\spring-boot-starter-logging\3.2.5\spring-boot-starter-logging-3.2.5.jar;C:\Users\Zver\.m2\repository\ch\qos\logback\logback-classic\1.4.14\logback-classic-1.4.14.jar;C:\Users\Zver\.m2\repository\ch\qos\logback\logback-core\1.4.14\logback-core-1.4.14.jar;C:\Users\Zver\.m2\repository\org\apache\logging\log4j\log4j-to-slf4j\2.21.1\log4j-to-slf4j-2.21.1.jar;C:\Users\Zver\.m2\repository\org\apache\logging\log4j\log4j-api\2.21.1\log4j-api-2.21.1.jar;C:\Users\Zver\.m2\repository\org\slf4j\jul-to-slf4j\2.0.13\jul-to-slf4j-2.0.13.jar;C:\Users\Zver\.m2\repository\org\yaml\snakeyaml\2.2\snakeyaml-2.2.jar;C:\Users\Zver\.m2\repository\org\springframework\boot\spring-boot-starter-json\3.2.5\spring-boot-starter-json-3.2.5.jar;C:\Users\Zver\.m2\repository\com\fasterxml\jackson\core\jackson-databind\2.15.4\jackson-databind-2.15.4.jar;C:\Users\Zver\.m2\repository\com\fasterxml\jackson\core\jackson-annotations\2.15.4\jackson-annotations-2.15.4.jar;C:\Users\Zver\.m2\repository\com\fasterxml\jackson\core\jackson-core\2.15.4\jackson-core-2.15.4.jar;C:\Users\Zver\.m2\repository\com\fasterxml\jackson\datatype\jackson-datatype-jdk8\2.15.4\jackson-datatype-jdk8-2.15.4.jar;C:\Users\Zver\.m2\repository\com\fasterxml\jackson\datatype\jackson-datatype-jsr310\2.15.4\jackson-datatype-jsr310-2.15.4.jar;C:\Users\Zver\.m2\repository\com\fasterxml\jackson\module\jackson-module-parameter-names\2.15.4\jackson-module-parameter-names-2.15.4.jar;C:\Users\Zver\.m2\repository\org\springframework\boot\spring-boot-starter-tomcat\3.2.5\spring-boot-starter-tomcat-3.2.5.jar;C:\Users\Zver\.m2\repository\org\apache\tomcat\embed\tomcat-embed-core\10.1.20\tomcat-embed-core-10.1.20.jar;C:\Users\Zver\.m2\repository\org\apache\tomcat\embed\tomcat-embed-el\10.1.20\tomcat-embed-el-10.1.20.jar;C:\Users\Zver\.m2\repository\org\apache\tomcat\embed\tomcat-embed-websocket\10.1.20\tomcat-embed-websocket-10.1.20.jar;C:\Users\Zver\.m2\repository\org\springframework\spring-web\6.1.6\spring-web-6.1.6.jar;C:\Users\Zver\.m2\repository\io\micrometer\micrometer-observation\1.12.5\micrometer-observation-1.12.5.jar;C:\Users\Zver\.m2\repository\io\micrometer\micrometer-commons\1.12.5\micrometer-commons-1.12.5.jar;C:\Users\Zver\.m2\repository\org\springframework\spring-webmvc\6.1.6\spring-webmvc-6.1.6.jar;C:\Users\Zver\.m2\repository\org\springframework\spring-expression\6.1.6\spring-expression-6.1.6.jar;C:\Users\Zver\.m2\repository\org\postgresql\postgresql\42.6.2\postgresql-42.6.2.jar;C:\Users\Zver\.m2\repository\org\checkerframework\checker-qual\3.31.0\checker-qual-3.31.0.jar;C:\Users\Zver\.m2\repository\org\projectlombok\lombok\1.18.32\lombok-1.18.32.jar;C:\Users\Zver\.m2\repository\jakarta\xml\bind\jakarta.xml.bind-api\4.0.2\jakarta.xml.bind-api-4.0.2.jar;C:\Users\Zver\.m2\repository\jakarta\activation\jakarta.activation-api\2.1.3\jakarta.activation-api-2.1.3.jar;C:\Users\Zver\.m2\repository\org\springframework\spring-core\6.1.6\spring-core-6.1.6.jar;C:\Users\Zver\.m2\repository\org\springframework\spring-jcl\6.1.6\spring-jcl-6.1.6.jar;C:\Users\Zver\.m2\repository\org\springframework\boot\spring-boot-starter-security\3.2.5\spring-boot-starter-security-3.2.5.jar;C:\Users\Zver\.m2\repository\org\springframework\spring-aop\6.1.6\spring-aop-6.1.6.jar;C:\Users\Zver\.m2\repository\org\springframework\security\spring-security-config\6.2.4\spring-security-config-6.2.4.jar;C:\Users\Zver\.m2\repository\org\springframework\security\spring-security-web\6.2.4\spring-security-web-6.2.4.jar;C:\Users\Zver\.m2\repository\org\springframework\security\spring-security-core\6.2.4\spring-security-core-6.2.4.jar;C:\Users\Zver\.m2\repository\org\springframework\security\spring-security-crypto\6.2.4\spring-security-crypto-6.2.4.jar
Launcher Type: SUN_STANDARD

[Global flags]
     intx CICompilerCount                          = 3                                         {product} {ergonomic}
     uint ConcGCThreads                            = 1                                         {product} {ergonomic}
     uint G1ConcRefinementThreads                  = 4                                         {product} {ergonomic}
   size_t G1HeapRegionSize                         = 1048576                                   {product} {ergonomic}
    uintx GCDrainStackTargetSize                   = 64                                        {product} {ergonomic}
   size_t InitialHeapSize                          = 58720256                                  {product} {ergonomic}
     bool ManagementServer                         = true                                      {product} {command line}
   size_t MarkStackSize                            = 4194304                                   {product} {ergonomic}
   size_t MaxHeapSize                              = 924844032                                 {product} {ergonomic}
   size_t MaxNewSize                               = 554696704                                 {product} {ergonomic}
   size_t MinHeapDeltaBytes                        = 1048576                                   {product} {ergonomic}
   size_t MinHeapSize                              = 8388608                                   {product} {ergonomic}
    uintx NonNMethodCodeHeapSize                   = 4096                                   {pd product} {ergonomic}
    uintx NonProfiledCodeHeapSize                  = 0                                      {pd product} {ergonomic}
     bool ProfileInterpreter                       = false                                  {pd product} {command line}
    uintx ProfiledCodeHeapSize                     = 0                                      {pd product} {ergonomic}
   size_t SoftMaxHeapSize                          = 924844032                              {manageable} {ergonomic}
     intx TieredStopAtLevel                        = 1                                         {product} {command line}
     bool UseCompressedOops                        = true                           {product lp64_product} {ergonomic}
     bool UseG1GC                                  = true                                      {product} {ergonomic}
     bool UseLargePagesIndividualAllocation        = false                                  {pd product} {ergonomic}

Logging:
Log output configuration:
 #0: stdout all=warning uptime,level,tags foldmultilines=false
 #1: stderr all=off uptime,level,tags foldmultilines=false

Environment Variables:
PATH=C:\app\Zver\product\21c\dbhomeXE\bin;C:\Program Files\Microsoft MPI\Bin\;C:\Program Files\Common Files\Oracle\Java\javapath;C:\Program Files\Microsoft\jdk-11.0.16.101-hotspot\bin;C:\Windows\system32;C:\Windows;C:\Windows\System32\Wbem;C:\Windows\System32\WindowsPowerShell\v1.0\;C:\Windows\System32\OpenSSH\;C:\Program Files\Microsoft SQL Server\150\Tools\Binn\;C:\Program Files\Microsoft SQL Server\Client SDK\ODBC\170\Tools\Binn\;C:\Program Files\dotnet\;C:\Program Files\Git\cmd;C:\Program Files\MySQL\MySQL Shell 8.0\bin\;C:\Users\Zver\AppData\Local\Programs\Python\Python310\Scripts\;C:\Users\Zver\AppData\Local\Programs\Python\Python310\;C:\Users\Zver\AppData\Local\Microsoft\WindowsApps;C:\Program Files\JetBrains\PyCharm Community Edition 2022.1.3\bin;;C:\Users\Zver\AppData\Local\Programs\Microsoft VS Code\bin;C:\Users\Zver\.dotnet\tools;C:\ProgramData\Zver\GitHubDesktop\bin;C:\Users\Zver\AppData\Local\GitHubDesktop\bin
USERNAME=Zver
OS=Windows_NT
PROCESSOR_IDENTIFIER=AMD64 Family 23 Model 24 Stepping 1, AuthenticAMD
TMP=C:\Users\Zver\AppData\Local\Temp
TEMP=C:\Users\Zver\AppData\Local\Temp




Periodic native trim disabled

---------------  S Y S T E M  ---------------

OS:
 Windows 10 , 64 bit Build 17763 (10.0.17763.4974)
OS uptime: 0 days 23:57 hours

CPU: total 4 (initial active 4) (4 cores per cpu, 2 threads per core) family 23 model 24 stepping 1 microcode 0x0, cx8, cmov, fxsr, ht, mmx, 3dnowpref, sse, sse2, sse3, ssse3, sse4a, sse4.1, sse4.2, popcnt, lzcnt, tsc, tscinvbit, avx, avx2, aes, clmul, bmi1, bmi2, adx, sha, fma, vzeroupper, clflush, clflushopt, rdtscp, f16c
Processor Information for all 4 processors :
  Max Mhz: 2600, Current Mhz: 2600, Mhz Limit: 2600

Memory: 4k page, system-wide physical 3522M (204M free)
TotalPageFile size 11522M (AvailPageFile size 0M)
current process WorkingSet (physical memory assigned to process): 138M, peak: 138M
current process commit charge ("private bytes"): 176M, peak: 176M

vm_info: Java HotSpot(TM) 64-Bit Server VM (21.0.2+13-LTS-58) for windows-amd64 JRE (21.0.2+13-LTS-58), built on 2024-01-05T18:32:24Z by "mach5one" with MS VC++ 17.1 (VS2022)

END.
